<?xml version="1.0" encoding="UTF-8"?>
<!-- Generated by org.testng.reporters.JUnitXMLReporter -->
<testsuite ignored="0" hostname="css-mac-pro.arrs.arrisi.com" failures="3" tests="127" name="SBC_Onboard_And_Feature_Test" time="4477.0" errors="0" timestamp="2022-03-24T13:31:45 IST">
  <testcase classname="com.cs.arris.Tests.TC0011_Test_SignUp_Onboard_And_Test_SBC" name="Verify_SignUp_And_Onboard" time="527.051"/>
  <testcase classname="com.cs.arris.Tests.TC0011_Test_SignUp_Onboard_And_Test_SBC" name="Verify_Add_Device_Menu" time="157.158"/>
  <testcase classname="com.cs.arris.Tests.TC0011_Test_SignUp_Onboard_And_Test_SBC" name="Verify_Device_Details_Page" time="3.046"/>
  <testcase classname="com.cs.arris.Tests.TC0011_Test_SignUp_Onboard_And_Test_SBC" name="Verify_Specifications_Page" time="8.931"/>
  <testcase classname="com.cs.arris.Tests.TC0011_Test_SignUp_Onboard_And_Test_SBC" name="Verify_Add_Additional_Device" time="2.436"/>
  <testcase classname="com.cs.arris.Tests.TC0011_Test_SignUp_Onboard_And_Test_SBC" name="Verify_Notifications_Page" time="1.045"/>
  <testcase classname="com.cs.arris.Tests.TC0011_Test_SignUp_Onboard_And_Test_SBC" name="Verify_User_Guide_Page" time="7.42"/>
  <testcase classname="com.cs.arris.Tests.TC0011_Test_SignUp_Onboard_And_Test_SBC" name="Verify_FAQ_Page" time="5.22"/>
  <testcase classname="com.cs.arris.Tests.TC0011_Test_SignUp_Onboard_And_Test_SBC" name="Verify_Remove_Device_Page" time="9.695"/>
  <testcase classname="com.cs.arris.Tests.TC0011_Test_SignUp_Onboard_And_Test_SBC" name="Verify_Hamburger_Menu_Settings_UI_Page" time="15.195"/>
  <testcase classname="com.cs.arris.Tests.TC0011_Test_SignUp_Onboard_And_Test_SBC" name="Verify_Hamburger_Menu_Settings_Sign_Out" time="6.426"/>
  <testcase classname="com.cs.arris.Tests.TC0011_Test_SignUp_Onboard_And_Test_SBC" name="Verify_Hamburger_Menu_About_UI_Page" time="3.53"/>
  <testcase classname="com.cs.arris.Tests.TC0011_Test_SignUp_Onboard_And_Test_SBC" name="Verify_Hamburger_Menu_About_License_Page" time="8.888"/>
  <testcase classname="com.cs.arris.Tests.TC0011_Test_SignUp_Onboard_And_Test_SBC" name="Verify_Hamburger_Get_Another_Max_Page" time="7.609"/>
  <testcase classname="com.cs.arris.Tests.TC0011_Test_SignUp_Onboard_And_Test_SBC" name="Verify_Hamburger_Surfboard_Help_UI_Page" time="4.647"/>
  <testcase classname="com.cs.arris.Tests.TC0011_Test_SignUp_Onboard_And_Test_SBC" name="Verify_Hamburger_Surfboard_FAQ_Help_Page" time="8.425"/>
  <testcase classname="com.cs.arris.Tests.TC0011_Test_SignUp_Onboard_And_Test_SBC" name="Verify_Hamburger_Surfboard_Self_Help_Page" time="5.981"/>
  <testcase classname="com.cs.arris.Tests.TC0011_Test_SignUp_Onboard_And_Test_SBC" name="Verify_Hamburger_Surfboard_Chat_With_US_Page" time="7.389"/>
  <testcase classname="com.cs.arris.Tests.TC0011_Test_SignUp_Onboard_And_Test_SBC" name="Verify_Amazon_Features_UI_Page" time="33.753"/>
  <testcase classname="com.cs.arris.Tests.TC0011_Test_SignUp_Onboard_And_Test_SBC" name="Verify_Get_Alexa_Skills_Drop_Down_Box" time="1.542"/>
  <testcase classname="com.cs.arris.Tests.TC0011_Test_SignUp_Onboard_And_Test_SBC" name="Verify_Show_Password_Button" time="0.977"/>
  <testcase classname="com.cs.arris.Tests.TC0011_Test_SignUp_Onboard_And_Test_SBC" name="Verify_Copy_Password" time="1.0"/>
  <testcase classname="com.cs.arris.Tests.TC0011_Test_SignUp_Onboard_And_Test_SBC" name="Verify_Amazon_Alexa_Skills_Link" time="20.249"/>
  <testcase classname="com.cs.arris.Tests.TC0011_Test_SignUp_Onboard_And_Test_SBC" name="Verify_Enable_AFFS_Feature" time="2.315"/>
  <testcase classname="com.cs.arris.Tests.TC0011_Test_SignUp_Onboard_And_Test_SBC" name="Verify_Speed_Test_Page" time="80.699"/>
  <testcase classname="com.cs.arris.Tests.TC0011_Test_SignUp_Onboard_And_Test_SBC" name="Verify_Perform_Speed_Test" time="349.648"/>
  <testcase classname="com.cs.arris.Tests.TC0011_Test_SignUp_Onboard_And_Test_SBC" name="Verify_Home_Speed_Test_History_Page" time="84.832"/>
  <testcase classname="com.cs.arris.Tests.TC0011_Test_SignUp_Onboard_And_Test_SBC" name="Verify_Main_Device_UI_On_All_Tab_Page" time="50.236"/>
  <testcase classname="com.cs.arris.Tests.TC0011_Test_SignUp_Onboard_And_Test_SBC" name="Verify_LED_Settings_UI_On_All_Tab" time="2.223"/>
  <testcase classname="com.cs.arris.Tests.TC0011_Test_SignUp_Onboard_And_Test_SBC" name="Verify_Decrease_LED_Settings_On_All_Tab_Page" time="3.471"/>
  <testcase classname="com.cs.arris.Tests.TC0011_Test_SignUp_Onboard_And_Test_SBC" name="Verify_Increase_LED_Settings_On_All_Tab_Page" time="3.277"/>
  <testcase classname="com.cs.arris.Tests.TC0011_Test_SignUp_Onboard_And_Test_SBC" name="Verify_Devices_Count_Validation_On_All_Tab_Page" time="0.258"/>
  <testcase classname="com.cs.arris.Tests.TC0011_Test_SignUp_Onboard_And_Test_SBC" name="Verify_Connected_Devices_On_All_Tab_Page" time="30.523"/>
  <testcase classname="com.cs.arris.Tests.TC0011_Test_SignUp_Onboard_And_Test_SBC" name="Verify_Main_Router_Details_On_All_Tab_Page" time="6.718"/>
  <testcase classname="com.cs.arris.Tests.TC0011_Test_SignUp_Onboard_And_Test_SBC" name="Verify_Edit_Main_Router_Name_On_All_Tab_Page" time="9.414"/>
  <testcase classname="com.cs.arris.Tests.TC0011_Test_SignUp_Onboard_And_Test_SBC" name="Verify_Main_Device_UI_On_5GHz_Tab_Page" time="0.159"/>
  <testcase classname="com.cs.arris.Tests.TC0011_Test_SignUp_Onboard_And_Test_SBC" name="Verify_Devices_Count_Validation_On_5GHz_Tab_Page" time="0.227"/>
  <testcase classname="com.cs.arris.Tests.TC0011_Test_SignUp_Onboard_And_Test_SBC" name="Verify_Connected_Devices_On_5GHz_Tab_Page" time="8.533"/>
  <testcase classname="com.cs.arris.Tests.TC0011_Test_SignUp_Onboard_And_Test_SBC" name="Verify_Main_Device_UI_On_24GHz_Tab_Page" time="0.291"/>
  <testcase classname="com.cs.arris.Tests.TC0011_Test_SignUp_Onboard_And_Test_SBC" name="Verify_Devices_Count_Validation_On_24GHz_Tab_Page" time="0.22"/>
  <testcase classname="com.cs.arris.Tests.TC0011_Test_SignUp_Onboard_And_Test_SBC" name="Verify_Connected_Devices_On_24GHz_Tab_Page" time="0.054"/>
  <testcase classname="com.cs.arris.Tests.TC0011_Test_SignUp_Onboard_And_Test_SBC" name="Verify_Main_Device_UI_On_Ethernet_Tab_Page" time="0.15"/>
  <testcase classname="com.cs.arris.Tests.TC0011_Test_SignUp_Onboard_And_Test_SBC" name="Verify_Devices_Count_Validation_On_Ethernet_Tab_Page" time="0.217"/>
  <testcase classname="com.cs.arris.Tests.TC0011_Test_SignUp_Onboard_And_Test_SBC" name="Verify_Connected_Devices_On_Ethernet_Tab_Page" time="18.2"/>
  <testcase classname="com.cs.arris.Tests.TC0011_Test_SignUp_Onboard_And_Test_SBC" name="Verify_Devices_UI_Page" time="62.845"/>
  <testcase classname="com.cs.arris.Tests.TC0011_Test_SignUp_Onboard_And_Test_SBC" name="Verify_Online_Devices_Details" time="136.278"/>
  <testcase classname="com.cs.arris.Tests.TC0011_Test_SignUp_Onboard_And_Test_SBC" name="Verify_Offline_Devices_Details" time="93.463"/>
  <testcase classname="com.cs.arris.Tests.TC0011_Test_SignUp_Onboard_And_Test_SBC" name="Verify_Devices_Signal_Strength_UI_Page" time="50.053"/>
  <testcase classname="com.cs.arris.Tests.TC0011_Test_SignUp_Onboard_And_Test_SBC" name="Verify_Sorting_Devices_From_Strong_To_Weak" time="4.072"/>
  <testcase classname="com.cs.arris.Tests.TC0011_Test_SignUp_Onboard_And_Test_SBC" name="Verify_Editing_Device_Name" time="36.689"/>
  <testcase classname="com.cs.arris.Tests.TC0011_Test_SignUp_Onboard_And_Test_SBC" name="Verify_Parental_Control_UI_Page" time="30.48"/>
  <testcase classname="com.cs.arris.Tests.TC0011_Test_SignUp_Onboard_And_Test_SBC" name="Verify_Add_Profile_Page" time="12.381"/>
  <testcase classname="com.cs.arris.Tests.TC0011_Test_SignUp_Onboard_And_Test_SBC" name="Verify_User_Profile_Page" time="3.378"/>
  <testcase classname="com.cs.arris.Tests.TC0011_Test_SignUp_Onboard_And_Test_SBC" name="Verify_Edit_User_Profile_Name" time="15.198">
    <failure type="org.openqa.selenium.NoSuchElementException" message="Can&amp;apos;t locate an element by this strategy: By.chained({By.id: com.arris.sbcBeta:id/img_edit_profile_name})">
      <![CDATA[org.openqa.selenium.NoSuchElementException: Can't locate an element by this strategy: By.chained({By.id: com.arris.sbcBeta:id/img_edit_profile_name})
at io.appium.java_client.pagefactory.AppiumElementLocator.findElement(AppiumElementLocator.java:126)
at io.appium.java_client.pagefactory.interceptors.InterceptorOfASingleElement.intercept(InterceptorOfASingleElement.java:59)
at io.appium.java_client.android.AndroidElement$$EnhancerByCGLIB$$b598166c.isDisplayed(<generated>)
at com.cs.arris.Pages.ParentalControlUserProfilePage.clickUserProfileNameEditButton(ParentalControlUserProfilePage.java:371)
at com.cs.arris.Tests.TC0011_Test_SignUp_Onboard_And_Test_SBC.Verify_Edit_User_Profile_Name(TC0011_Test_SignUp_Onboard_And_Test_SBC.java:1306)
at java.base/java.util.ArrayList.forEach(ArrayList.java:1541)
Caused by: org.openqa.selenium.TimeoutException: Expected condition failed: waiting for io.appium.java_client.pagefactory.AppiumElementLocator$WaitingFunction@2be49c8c (tried for 1 second(s) with 500 milliseconds interval)
at org.openqa.selenium.support.ui.FluentWait.timeoutException(FluentWait.java:304)
at org.openqa.selenium.support.ui.FluentWait.until(FluentWait.java:272)
at io.appium.java_client.pagefactory.AppiumElementLocator.waitFor(AppiumElementLocator.java:99)
at io.appium.java_client.pagefactory.AppiumElementLocator.findElement(AppiumElementLocator.java:119)
... 36 more
Caused by: org.openqa.selenium.NoSuchElementException: Cannot locate an element using By.chained({By.id: com.arris.sbcBeta:id/img_edit_profile_name})
For documentation on this error, please visit: https://www.seleniumhq.org/exceptions/no_such_element.html
Build info: version: '3.141.59', revision: 'e82be7d358', time: '2018-11-14T08:17:03'
System info: host: 'css-mac-pro.arrs.arrisi.com', ip: 'fe80:0:0:0:8da:3411:cdb8:3812%en0', os.name: 'Mac OS X', os.arch: 'x86_64', os.version: '11.6', java.version: '11.0.12'
Driver info: driver.version: AndroidDriver
at io.appium.java_client.pagefactory.bys.builder.ByChained.findElement(ByChained.java:74)
at org.openqa.selenium.remote.RemoteWebDriver.findElement(RemoteWebDriver.java:315)
at io.appium.java_client.DefaultGenericMobileDriver.findElement(DefaultGenericMobileDriver.java:57)
at io.appium.java_client.AppiumDriver.findElement(AppiumDriver.java:1)
at io.appium.java_client.android.AndroidDriver.findElement(AndroidDriver.java:1)
at io.appium.java_client.pagefactory.bys.ContentMappedBy.findElement(ContentMappedBy.java:50)
at org.openqa.selenium.remote.RemoteWebDriver.findElement(RemoteWebDriver.java:315)
at io.appium.java_client.DefaultGenericMobileDriver.findElement(DefaultGenericMobileDriver.java:57)
at io.appium.java_client.AppiumDriver.findElement(AppiumDriver.java:1)
at io.appium.java_client.android.AndroidDriver.findElement(AndroidDriver.java:1)
at io.appium.java_client.pagefactory.AppiumElementLocator.lambda$0(AppiumElementLocator.java:120)
at io.appium.java_client.pagefactory.AppiumElementLocator$WaitingFunction.apply(AppiumElementLocator.java:172)
at io.appium.java_client.pagefactory.AppiumElementLocator$WaitingFunction.apply(AppiumElementLocator.java:1)
at org.openqa.selenium.support.ui.FluentWait.until(FluentWait.java:249)
... 38 more
... Removed 31 stack frames]]>
    </failure>
  </testcase> <!-- Verify_Edit_User_Profile_Name -->
  <testcase classname="com.cs.arris.Tests.TC0011_Test_SignUp_Onboard_And_Test_SBC" name="Verify_Add_Device_To_User_Profile" time="8.748"/>
  <testcase classname="com.cs.arris.Tests.TC0011_Test_SignUp_Onboard_And_Test_SBC" name="Verify_Devices_Associated_With_User_Profile" time="16.137"/>
  <testcase classname="com.cs.arris.Tests.TC0011_Test_SignUp_Onboard_And_Test_SBC" name="Verify_Add_Rule_To_User_Profile" time="1.059"/>
  <testcase classname="com.cs.arris.Tests.TC0011_Test_SignUp_Onboard_And_Test_SBC" name="Verify_Add_EveryDay_Schedule_To_Rule" time="5.866"/>
  <testcase classname="com.cs.arris.Tests.TC0011_Test_SignUp_Onboard_And_Test_SBC" name="Verify_Select_Start_Time_For_EveryDay_Schedule" time="2.536"/>
  <testcase classname="com.cs.arris.Tests.TC0011_Test_SignUp_Onboard_And_Test_SBC" name="Verify_Select_Stop_Time_For_EveryDay_Schedule" time="7.02"/>
  <testcase classname="com.cs.arris.Tests.TC0011_Test_SignUp_Onboard_And_Test_SBC" name="Verify_Add_Custom_Schedule_To_Rule" time="0.941"/>
  <testcase classname="com.cs.arris.Tests.TC0011_Test_SignUp_Onboard_And_Test_SBC" name="Verify_Add_Custom_Schedule_Select_DOW" time="1.295"/>
  <testcase classname="com.cs.arris.Tests.TC0011_Test_SignUp_Onboard_And_Test_SBC" name="Verify_Add_Custom_Schedule_Select_Start_Time" time="1.103"/>
  <testcase classname="com.cs.arris.Tests.TC0011_Test_SignUp_Onboard_And_Test_SBC" name="Verify_Add_Custom_Schedule_Select_Stop_Time" time="9.655"/>
  <testcase classname="com.cs.arris.Tests.TC0011_Test_SignUp_Onboard_And_Test_SBC" name="Verify_Rules_Associated_With_User" time="1.84"/>
  <testcase classname="com.cs.arris.Tests.TC0011_Test_SignUp_Onboard_And_Test_SBC" name="Verify_Pause_Internet_For_All_Users" time="6.992"/>
  <testcase classname="com.cs.arris.Tests.TC0011_Test_SignUp_Onboard_And_Test_SBC" name="Verify_Currently_Blocked_Profiles" time="3.805"/>
  <testcase classname="com.cs.arris.Tests.TC0011_Test_SignUp_Onboard_And_Test_SBC" name="Verify_Resume_Internet_For_All_Users" time="16.133"/>
  <testcase classname="com.cs.arris.Tests.TC0011_Test_SignUp_Onboard_And_Test_SBC" name="Verify_Currently_Blocked_Users_After_Resuming_Internet_For_All_Users" time="18.555">
    <failure type="java.lang.AssertionError" message="The following asserts failed:
	expected [true] but found [false]">
      <![CDATA[java.lang.AssertionError: The following asserts failed:
expected [true] but found [false]
at com.cs.arris.Tests.TC0011_Test_SignUp_Onboard_And_Test_SBC.Verify_Currently_Blocked_Users_After_Resuming_Internet_For_All_Users(TC0011_Test_SignUp_Onboard_And_Test_SBC.java:1579)
at java.base/java.util.ArrayList.forEach(ArrayList.java:1541)
... Removed 33 stack frames]]>
    </failure>
  </testcase> <!-- Verify_Currently_Blocked_Users_After_Resuming_Internet_For_All_Users -->
  <testcase classname="com.cs.arris.Tests.TC0011_Test_SignUp_Onboard_And_Test_SBC" name="Verify_Install_Left_Satellite" time="523.123"/>
  <testcase classname="com.cs.arris.Tests.TC0011_Test_SignUp_Onboard_And_Test_SBC" name="Verify_Network_Health_Page" time="75.31"/>
  <testcase classname="com.cs.arris.Tests.TC0011_Test_SignUp_Onboard_And_Test_SBC" name="Verify_Network_Optimization_Settings_Page" time="17.894"/>
  <testcase classname="com.cs.arris.Tests.TC0011_Test_SignUp_Onboard_And_Test_SBC" name="Verify_Connected_Device_Signal_Strength_Sensitivity_Medium" time="17.162"/>
  <testcase classname="com.cs.arris.Tests.TC0011_Test_SignUp_Onboard_And_Test_SBC" name="Verify_Satellite_Signal_Strength_Sensitivity_Medium" time="16.525"/>
  <testcase classname="com.cs.arris.Tests.TC0011_Test_SignUp_Onboard_And_Test_SBC" name="Verify_Satellite_Link_Rate_Sensitivity_Medium" time="17.155"/>
  <testcase classname="com.cs.arris.Tests.TC0011_Test_SignUp_Onboard_And_Test_SBC" name="Verify_ISP_Speed_Link_Rate_Sensitivity_Medium" time="17.178"/>
  <testcase classname="com.cs.arris.Tests.TC0011_Test_SignUp_Onboard_And_Test_SBC" name="Verify_Connected_Device_Signal_Strength_Sensitivity_High" time="17.915"/>
  <testcase classname="com.cs.arris.Tests.TC0011_Test_SignUp_Onboard_And_Test_SBC" name="Verify_Satellite_Signal_Strength_Sensitivity_High" time="15.942"/>
  <testcase classname="com.cs.arris.Tests.TC0011_Test_SignUp_Onboard_And_Test_SBC" name="Verify_Satellite_Link_Rate_Sensitivity_High" time="17.088"/>
  <testcase classname="com.cs.arris.Tests.TC0011_Test_SignUp_Onboard_And_Test_SBC" name="Verify_ISP_Speed_Link_Rate_Sensitivity_High" time="17.142"/>
  <testcase classname="com.cs.arris.Tests.TC0011_Test_SignUp_Onboard_And_Test_SBC" name="Verify_Connected_Device_Signal_Strength_Sensitivity_Low" time="18.181"/>
  <testcase classname="com.cs.arris.Tests.TC0011_Test_SignUp_Onboard_And_Test_SBC" name="Verify_Satellite_Signal_Strength_Sensitivity_Low" time="15.903"/>
  <testcase classname="com.cs.arris.Tests.TC0011_Test_SignUp_Onboard_And_Test_SBC" name="Verify_Satellite_Link_Rate__Sensitivity_Low" time="17.081"/>
  <testcase classname="com.cs.arris.Tests.TC0011_Test_SignUp_Onboard_And_Test_SBC" name="Verify_ISP_Speed_Link_Rate_Sensitivity_Low" time="18.186"/>
  <testcase classname="com.cs.arris.Tests.TC0011_Test_SignUp_Onboard_And_Test_SBC" name="Verify_Disabled_Network_Optimization_Settings" time="31.489"/>
  <testcase classname="com.cs.arris.Tests.TC0011_Test_SignUp_Onboard_And_Test_SBC" name="Verify_Install_Right_Satellite" time="430.872"/>
  <testcase classname="com.cs.arris.Tests.TC0011_Test_SignUp_Onboard_And_Test_SBC" name="Verify_Network_UI_Page" time="30.626"/>
  <testcase classname="com.cs.arris.Tests.TC0011_Test_SignUp_Onboard_And_Test_SBC" name="Verify_Newtork_Test_Connection_Speed_Page" time="117.559"/>
  <testcase classname="com.cs.arris.Tests.TC0011_Test_SignUp_Onboard_And_Test_SBC" name="Verify_WAN_Settings_UI_Page" time="3.673"/>
  <testcase classname="com.cs.arris.Tests.TC0011_Test_SignUp_Onboard_And_Test_SBC" name="Verify_WAN_Settings_WAN_IP_Configuration_IPv4_DHCP_UI_Page" time="4.296"/>
  <testcase classname="com.cs.arris.Tests.TC0011_Test_SignUp_Onboard_And_Test_SBC" name="Verify_WAN_Settings_WAN_IP_Configuration_IPv4_Static_UI_Page" time="2.956"/>
  <testcase classname="com.cs.arris.Tests.TC0011_Test_SignUp_Onboard_And_Test_SBC" name="Verify_WAN_Settings_WAN_IP_Configuration_IPv6_Stateful_UI_Page" time="6.079"/>
  <testcase classname="com.cs.arris.Tests.TC0011_Test_SignUp_Onboard_And_Test_SBC" name="Verify_WAN_Settings_WAN_IP_Configuration_IPv6_Stateless_UI_Page" time="4.614"/>
  <testcase classname="com.cs.arris.Tests.TC0011_Test_SignUp_Onboard_And_Test_SBC" name="Verify_WAN_Settings_WAN_IP_Configuration_Help_Page" time="19.848"/>
  <testcase classname="com.cs.arris.Tests.TC0011_Test_SignUp_Onboard_And_Test_SBC" name="Verify_WAN_Settings_DNS_Configuration_IPv4_Automatic_UI_Page" time="2.581"/>
  <testcase classname="com.cs.arris.Tests.TC0011_Test_SignUp_Onboard_And_Test_SBC" name="Verify_WAN_Settings_DNS_Configuration_IPv4_Static_UI_Page" time="0.976"/>
  <testcase classname="com.cs.arris.Tests.TC0011_Test_SignUp_Onboard_And_Test_SBC" name="Verify_WAN_Settings_DNS_Configuration_IPv6_Automatic_UI_Page" time="2.584"/>
  <testcase classname="com.cs.arris.Tests.TC0011_Test_SignUp_Onboard_And_Test_SBC" name="Verify_WAN_Settings_DNS_Configuration_IPv6_Static_UI_Page" time="2.687"/>
  <testcase classname="com.cs.arris.Tests.TC0011_Test_SignUp_Onboard_And_Test_SBC" name="Verify_WAN_Settings_DNS_Configuration_Help_Page" time="19.642"/>
  <testcase classname="com.cs.arris.Tests.TC0011_Test_SignUp_Onboard_And_Test_SBC" name="Verify_WAN_Settings_LAC_Alert_Dialog" time="1.63"/>
  <testcase classname="com.cs.arris.Tests.TC0011_Test_SignUp_Onboard_And_Test_SBC" name="Verify_LAN_Settings_UI_Page" time="15.31"/>
  <testcase classname="com.cs.arris.Tests.TC0011_Test_SignUp_Onboard_And_Test_SBC" name="Verify_LAN_Settings_LAN_IP_Reservation_Page" time="0.775"/>
  <testcase classname="com.cs.arris.Tests.TC0011_Test_SignUp_Onboard_And_Test_SBC" name="Verify_LAN_Settings_LAN_IP_Reservation_Add_Reservation_Page" time="5.137"/>
  <testcase classname="com.cs.arris.Tests.TC0011_Test_SignUp_Onboard_And_Test_SBC" name="Verify_LAN_Settings_LAN_IP_Reservation_Rules" time="0.0"/>
  <testcase classname="com.cs.arris.Tests.TC0011_Test_SignUp_Onboard_And_Test_SBC" name="Verify_LAN_Settings_LAN_IP_Reservation_Edit_Devices_Page" time="3.218"/>
  <testcase classname="com.cs.arris.Tests.TC0011_Test_SignUp_Onboard_And_Test_SBC" name="Verify_LAN_Settings_LAN_IP_Reservation_Help_Page" time="0.169"/>
  <testcase classname="com.cs.arris.Tests.TC0011_Test_SignUp_Onboard_And_Test_SBC" name="Verify_LAN_Settings_LAN_Subnet_DHCP_Range_Configuration_Page" time="8.233"/>
  <testcase classname="com.cs.arris.Tests.TC0011_Test_SignUp_Onboard_And_Test_SBC" name="Verify_Edit_LAN_Subnet_DHCP_Range_Configuration_Page" time="46.683"/>
  <testcase classname="com.cs.arris.Tests.TC0011_Test_SignUp_Onboard_And_Test_SBC" name="Edit_LAN_Subnet_Configuration_Octets" time="35.445"/>
  <testcase classname="com.cs.arris.Tests.TC0011_Test_SignUp_Onboard_And_Test_SBC" name="Verify_LAN_Settings_LAN_Subnet_DHCP_Range_Configuration_Help_Page" time="0.357"/>
  <testcase classname="com.cs.arris.Tests.TC0011_Test_SignUp_Onboard_And_Test_SBC" name="Verify_LAN_Settings_LAN_DHCP_Lease_Time_UI_Page" time="1.226"/>
  <testcase classname="com.cs.arris.Tests.TC0011_Test_SignUp_Onboard_And_Test_SBC" name="Verify_LAN_Settings_LAN_DHCP_Set_Lease_Time_Page" time="158.689"/>
  <testcase classname="com.cs.arris.Tests.TC0011_Test_SignUp_Onboard_And_Test_SBC" name="Verify_LAN_Settings_LAN_DHCP_Set_Lease_Time_Help_Page" time="1.996"/>
  <testcase classname="com.cs.arris.Tests.TC0011_Test_SignUp_Onboard_And_Test_SBC" name="Verify_Device_Priority_Settings_UI_Page" time="44.804"/>
  <testcase classname="com.cs.arris.Tests.TC0011_Test_SignUp_Onboard_And_Test_SBC" name="Verify_Device_Priority_Settings_Add_Device_UI_Page" time="0.272"/>
  <testcase classname="com.cs.arris.Tests.TC0011_Test_SignUp_Onboard_And_Test_SBC" name="Verify_Device_Priority_Settings_Add_Device_Page" time="11.42"/>
  <testcase classname="com.cs.arris.Tests.TC0011_Test_SignUp_Onboard_And_Test_SBC" name="Verify_Device_Priority_Settings_Disable_Device_Prioritation" time="5.509">
    <failure type="java.lang.AssertionError" message="The following asserts failed:
	expected [true] but found [false]">
      <![CDATA[java.lang.AssertionError: The following asserts failed:
expected [true] but found [false]
at com.cs.arris.Tests.TC0011_Test_SignUp_Onboard_And_Test_SBC.Verify_Device_Priority_Settings_Disable_Device_Prioritation(TC0011_Test_SignUp_Onboard_And_Test_SBC.java:2131)
at java.base/java.util.ArrayList.forEach(ArrayList.java:1541)
... Removed 33 stack frames]]>
    </failure>
  </testcase> <!-- Verify_Device_Priority_Settings_Disable_Device_Prioritation -->
  <testcase classname="com.cs.arris.Tests.TC0011_Test_SignUp_Onboard_And_Test_SBC" name="Verify_Time_Zone_Settings_UI_Page" time="7.838"/>
  <testcase classname="com.cs.arris.Tests.TC0011_Test_SignUp_Onboard_And_Test_SBC" name="Verify_General_Settings_UI_Page" time="46.77"/>
  <testcase classname="com.cs.arris.Tests.TC0011_Test_SignUp_Onboard_And_Test_SBC" name="Verify_General_Settings_UPnP_Settings" time="17.095"/>
  <testcase classname="com.cs.arris.Tests.TC0011_Test_SignUp_Onboard_And_Test_SBC" name="Verify_General_Settings_IPv6_Enable_Settings" time="0.9"/>
  <testcase classname="com.cs.arris.Tests.TC0011_Test_SignUp_Onboard_And_Test_SBC" name="Verify_General_Settings_Bridge_Mode_Settings" time="0.886"/>
  <testcase classname="com.cs.arris.Tests.TC0011_Test_SignUp_Onboard_And_Test_SBC" name="Verify_General_Settings_Port_Forwarding_Settings" time="1.024"/>
  <testcase classname="com.cs.arris.Tests.TC0011_Test_SignUp_Onboard_And_Test_SBC" name="Verify_General_Settings_Port_Forwarding_Add_Rules" time="57.289"/>
  <testcase classname="com.cs.arris.Tests.TC0011_Test_SignUp_Onboard_And_Test_SBC" name="Verify_General_Settings_Port_Forwarding_Page" time="16.545"/>
  <testcase classname="com.cs.arris.Tests.TC0011_Test_SignUp_Onboard_And_Test_SBC" name="Verify_Extended_WiFi_Settings_Page" time="7.148"/>
  <testcase classname="com.cs.arris.Tests.TC0011_Test_SignUp_Onboard_And_Test_SBC" name="Verify_Guest_WiFi_Network_Page" time="129.925"/>
</testsuite> <!-- SBC_Onboard_And_Feature_Test -->
