<html>
<head>
<title>TestNG:  SBC_Onboard_And_Feature_Test</title>
<link href="../testng.css" rel="stylesheet" type="text/css" />
<link href="../my-testng.css" rel="stylesheet" type="text/css" />

<style type="text/css">
.log { display: none;} 
.stack-trace { display: none;} 
</style>
<script type="text/javascript">
<!--
function flip(e) {
  current = e.style.display;
  if (current == 'block') {
    e.style.display = 'none';
    return 0;
  }
  else {
    e.style.display = 'block';
    return 1;
  }
}

function toggleBox(szDivId, elem, msg1, msg2)
{
  var res = -1;  if (document.getElementById) {
    res = flip(document.getElementById(szDivId));
  }
  else if (document.all) {
    // this is the way old msie versions work
    res = flip(document.all[szDivId]);
  }
  if(elem) {
    if(res == 0) elem.innerHTML = msg1; else elem.innerHTML = msg2;
  }

}

function toggleAllBoxes() {
  if (document.getElementsByTagName) {
    d = document.getElementsByTagName('div');
    for (i = 0; i < d.length; i++) {
      if (d[i].className == 'log') {
        flip(d[i]);
      }
    }
  }
}

// -->
</script>

</head>
<body>
<h2 align='center'>SBC_Onboard_And_Feature_Test</h2><table border='1' align="center">
<tr>
<td>Tests passed/Failed/Skipped:</td><td>124/3/0</td>
</tr><tr>
<td>Started on:</td><td>Thu Mar 24 12:17:08 IST 2022</td>
</tr>
<tr><td>Total time:</td><td>4477 seconds (4477000 ms)</td>
</tr><tr>
<td>Included groups:</td><td></td>
</tr><tr>
<td>Excluded groups:</td><td></td>
</tr>
</table><p/>
<small><i>(Hover the method name to see the test class name)</i></small><p/>
<table width='100%' border='1' class='invocation-failed'>
<tr><td colspan='4' align='center'><b>FAILED TESTS</b></td></tr>
<tr><td><b>Test method</b></td>
<td width="30%"><b>Exception</b></td>
<td width="10%"><b>Time (seconds)</b></td>
<td><b>Instance</b></td>
</tr>
<tr>
<td title='com.cs.arris.Tests.TC0011_Test_SignUp_Onboard_And_Test_SBC.Verify_Device_Priority_Settings_Disable_Device_Prioritation()'><b>Verify_Device_Priority_Settings_Disable_Device_Prioritation</b><br>Test class: com.cs.arris.Tests.TC0011_Test_SignUp_Onboard_And_Test_SBC<br/>
<a href="#Output-316735120" onClick='toggleBox("Output-316735120", this, "Show output", "Hide output");'>Show output</a>

<a href="#Output-316735120" onClick="toggleAllBoxes();">Show all outputs</a>
<div class='log' id="Output-316735120">
<a href = /Users/rm2652/Documents/SBC_Android-CICD-Main4-Current/sbc-android-cicd/Screenshots/Android_ce071717bb59293c057e/2022-03-24/TC0011_Test_SignUp_Onboard_And_Test_SBC/Verify_Device_Priority_Settings_Disable_Device_Prioritation.jpg>screenshot</a><br/>
</div>
</td>
<td><div><pre>java.lang.AssertionError: The following asserts failed:
	expected [true] but found [false]
	at com.cs.arris.Tests.TC0011_Test_SignUp_Onboard_And_Test_SBC.Verify_Device_Priority_Settings_Disable_Device_Prioritation(TC0011_Test_SignUp_Onboard_And_Test_SBC.java:2131)
	at java.base/java.util.ArrayList.forEach(ArrayList.java:1541)
... Removed 33 stack frames</pre></div><a href='#' onClick='toggleBox("stack-trace316735120", this, "Click to show all stack frames", "Click to hide stack frames")'>Click to show all stack frames</a>
<div class='stack-trace' id='stack-trace316735120'><pre>java.lang.AssertionError: The following asserts failed:
	expected [true] but found [false]
	at org.testng.asserts.SoftAssert.assertAll(SoftAssert.java:47)
	at org.testng.asserts.SoftAssert.assertAll(SoftAssert.java:31)
	at com.cs.arris.Tests.TC0011_Test_SignUp_Onboard_And_Test_SBC.Verify_Device_Priority_Settings_Disable_Device_Prioritation(TC0011_Test_SignUp_Onboard_And_Test_SBC.java:2131)
	at java.base/jdk.internal.reflect.NativeMethodAccessorImpl.invoke0(Native Method)
	at java.base/jdk.internal.reflect.NativeMethodAccessorImpl.invoke(NativeMethodAccessorImpl.java:62)
	at java.base/jdk.internal.reflect.DelegatingMethodAccessorImpl.invoke(DelegatingMethodAccessorImpl.java:43)
	at java.base/java.lang.reflect.Method.invoke(Method.java:566)
	at org.testng.internal.MethodInvocationHelper.invokeMethod(MethodInvocationHelper.java:133)
	at org.testng.internal.TestInvoker.invokeMethod(TestInvoker.java:598)
	at org.testng.internal.TestInvoker.invokeTestMethod(TestInvoker.java:173)
	at org.testng.internal.MethodRunner.runInSequence(MethodRunner.java:46)
	at org.testng.internal.TestInvoker$MethodInvocationAgent.invoke(TestInvoker.java:824)
	at org.testng.internal.TestInvoker.invokeTestMethods(TestInvoker.java:146)
	at org.testng.internal.TestMethodWorker.invokeTestMethods(TestMethodWorker.java:146)
	at org.testng.internal.TestMethodWorker.run(TestMethodWorker.java:128)
	at java.base/java.util.ArrayList.forEach(ArrayList.java:1541)
	at org.testng.TestRunner.privateRun(TestRunner.java:794)
	at org.testng.TestRunner.run(TestRunner.java:596)
	at org.testng.SuiteRunner.runTest(SuiteRunner.java:377)
	at org.testng.SuiteRunner.runSequentially(SuiteRunner.java:371)
	at org.testng.SuiteRunner.privateRun(SuiteRunner.java:332)
	at org.testng.SuiteRunner.run(SuiteRunner.java:276)
	at org.testng.SuiteRunnerWorker.runSuite(SuiteRunnerWorker.java:53)
	at org.testng.SuiteRunnerWorker.run(SuiteRunnerWorker.java:96)
	at org.testng.TestNG.runSuitesSequentially(TestNG.java:1212)
	at org.testng.TestNG.runSuitesLocally(TestNG.java:1134)
	at org.testng.TestNG.runSuites(TestNG.java:1063)
	at org.testng.TestNG.run(TestNG.java:1031)
	at org.apache.maven.surefire.testng.TestNGExecutor.run(TestNGExecutor.java:283)
	at org.apache.maven.surefire.testng.TestNGXmlTestSuite.execute(TestNGXmlTestSuite.java:75)
	at org.apache.maven.surefire.testng.TestNGProvider.invoke(TestNGProvider.java:120)
	at org.apache.maven.surefire.booter.ForkedBooter.invokeProviderInSameClassLoader(ForkedBooter.java:384)
	at org.apache.maven.surefire.booter.ForkedBooter.runSuitesInProcess(ForkedBooter.java:345)
	at org.apache.maven.surefire.booter.ForkedBooter.execute(ForkedBooter.java:126)
	at org.apache.maven.surefire.booter.ForkedBooter.main(ForkedBooter.java:418)
</pre></div></td>
<td>5</td>
<td>com.cs.arris.Tests.TC0011_Test_SignUp_Onboard_And_Test_SBC@1750fbeb</td></tr>
<tr>
<td title='com.cs.arris.Tests.TC0011_Test_SignUp_Onboard_And_Test_SBC.Verify_Currently_Blocked_Users_After_Resuming_Internet_For_All_Users()'><b>Verify_Currently_Blocked_Users_After_Resuming_Internet_For_All_Users</b><br>Test class: com.cs.arris.Tests.TC0011_Test_SignUp_Onboard_And_Test_SBC<br/>
<a href="#Output-1281200971" onClick='toggleBox("Output-1281200971", this, "Show output", "Hide output");'>Show output</a>

<a href="#Output-1281200971" onClick="toggleAllBoxes();">Show all outputs</a>
<div class='log' id="Output-1281200971">
<a href = /Users/rm2652/Documents/SBC_Android-CICD-Main4-Current/sbc-android-cicd/Screenshots/Android_ce071717bb59293c057e/2022-03-24/TC0011_Test_SignUp_Onboard_And_Test_SBC/Verify_Currently_Blocked_Users_After_Resuming_Internet_For_All_Users.jpg>screenshot</a><br/>
</div>
</td>
<td><div><pre>java.lang.AssertionError: The following asserts failed:
	expected [true] but found [false]
	at com.cs.arris.Tests.TC0011_Test_SignUp_Onboard_And_Test_SBC.Verify_Currently_Blocked_Users_After_Resuming_Internet_For_All_Users(TC0011_Test_SignUp_Onboard_And_Test_SBC.java:1579)
	at java.base/java.util.ArrayList.forEach(ArrayList.java:1541)
... Removed 33 stack frames</pre></div><a href='#' onClick='toggleBox("stack-trace1281200971", this, "Click to show all stack frames", "Click to hide stack frames")'>Click to show all stack frames</a>
<div class='stack-trace' id='stack-trace1281200971'><pre>java.lang.AssertionError: The following asserts failed:
	expected [true] but found [false]
	at org.testng.asserts.SoftAssert.assertAll(SoftAssert.java:47)
	at org.testng.asserts.SoftAssert.assertAll(SoftAssert.java:31)
	at com.cs.arris.Tests.TC0011_Test_SignUp_Onboard_And_Test_SBC.Verify_Currently_Blocked_Users_After_Resuming_Internet_For_All_Users(TC0011_Test_SignUp_Onboard_And_Test_SBC.java:1579)
	at java.base/jdk.internal.reflect.NativeMethodAccessorImpl.invoke0(Native Method)
	at java.base/jdk.internal.reflect.NativeMethodAccessorImpl.invoke(NativeMethodAccessorImpl.java:62)
	at java.base/jdk.internal.reflect.DelegatingMethodAccessorImpl.invoke(DelegatingMethodAccessorImpl.java:43)
	at java.base/java.lang.reflect.Method.invoke(Method.java:566)
	at org.testng.internal.MethodInvocationHelper.invokeMethod(MethodInvocationHelper.java:133)
	at org.testng.internal.TestInvoker.invokeMethod(TestInvoker.java:598)
	at org.testng.internal.TestInvoker.invokeTestMethod(TestInvoker.java:173)
	at org.testng.internal.MethodRunner.runInSequence(MethodRunner.java:46)
	at org.testng.internal.TestInvoker$MethodInvocationAgent.invoke(TestInvoker.java:824)
	at org.testng.internal.TestInvoker.invokeTestMethods(TestInvoker.java:146)
	at org.testng.internal.TestMethodWorker.invokeTestMethods(TestMethodWorker.java:146)
	at org.testng.internal.TestMethodWorker.run(TestMethodWorker.java:128)
	at java.base/java.util.ArrayList.forEach(ArrayList.java:1541)
	at org.testng.TestRunner.privateRun(TestRunner.java:794)
	at org.testng.TestRunner.run(TestRunner.java:596)
	at org.testng.SuiteRunner.runTest(SuiteRunner.java:377)
	at org.testng.SuiteRunner.runSequentially(SuiteRunner.java:371)
	at org.testng.SuiteRunner.privateRun(SuiteRunner.java:332)
	at org.testng.SuiteRunner.run(SuiteRunner.java:276)
	at org.testng.SuiteRunnerWorker.runSuite(SuiteRunnerWorker.java:53)
	at org.testng.SuiteRunnerWorker.run(SuiteRunnerWorker.java:96)
	at org.testng.TestNG.runSuitesSequentially(TestNG.java:1212)
	at org.testng.TestNG.runSuitesLocally(TestNG.java:1134)
	at org.testng.TestNG.runSuites(TestNG.java:1063)
	at org.testng.TestNG.run(TestNG.java:1031)
	at org.apache.maven.surefire.testng.TestNGExecutor.run(TestNGExecutor.java:283)
	at org.apache.maven.surefire.testng.TestNGXmlTestSuite.execute(TestNGXmlTestSuite.java:75)
	at org.apache.maven.surefire.testng.TestNGProvider.invoke(TestNGProvider.java:120)
	at org.apache.maven.surefire.booter.ForkedBooter.invokeProviderInSameClassLoader(ForkedBooter.java:384)
	at org.apache.maven.surefire.booter.ForkedBooter.runSuitesInProcess(ForkedBooter.java:345)
	at org.apache.maven.surefire.booter.ForkedBooter.execute(ForkedBooter.java:126)
	at org.apache.maven.surefire.booter.ForkedBooter.main(ForkedBooter.java:418)
</pre></div></td>
<td>18</td>
<td>com.cs.arris.Tests.TC0011_Test_SignUp_Onboard_And_Test_SBC@1750fbeb</td></tr>
<tr>
<td title='com.cs.arris.Tests.TC0011_Test_SignUp_Onboard_And_Test_SBC.Verify_Edit_User_Profile_Name()'><b>Verify_Edit_User_Profile_Name</b><br>Test class: com.cs.arris.Tests.TC0011_Test_SignUp_Onboard_And_Test_SBC<br/>
<a href="#Output-1142462359" onClick='toggleBox("Output-1142462359", this, "Show output", "Hide output");'>Show output</a>

<a href="#Output-1142462359" onClick="toggleAllBoxes();">Show all outputs</a>
<div class='log' id="Output-1142462359">
<a href = /Users/rm2652/Documents/SBC_Android-CICD-Main4-Current/sbc-android-cicd/Screenshots/Android_ce071717bb59293c057e/2022-03-24/TC0011_Test_SignUp_Onboard_And_Test_SBC/Verify_Edit_User_Profile_Name.jpg>screenshot</a><br/>
</div>
</td>
<td><div><pre>org.openqa.selenium.NoSuchElementException: Can&apos;t locate an element by this strategy: By.chained({By.id: com.arris.sbcBeta:id/img_edit_profile_name})
	at io.appium.java_client.pagefactory.AppiumElementLocator.findElement(AppiumElementLocator.java:126)
	at io.appium.java_client.pagefactory.interceptors.InterceptorOfASingleElement.intercept(InterceptorOfASingleElement.java:59)
	at io.appium.java_client.android.AndroidElement$$EnhancerByCGLIB$$b598166c.isDisplayed(&lt;generated&gt;)
	at com.cs.arris.Pages.ParentalControlUserProfilePage.clickUserProfileNameEditButton(ParentalControlUserProfilePage.java:371)
	at com.cs.arris.Tests.TC0011_Test_SignUp_Onboard_And_Test_SBC.Verify_Edit_User_Profile_Name(TC0011_Test_SignUp_Onboard_And_Test_SBC.java:1306)
	at java.base/java.util.ArrayList.forEach(ArrayList.java:1541)
Caused by: org.openqa.selenium.TimeoutException: Expected condition failed: waiting for io.appium.java_client.pagefactory.AppiumElementLocator$WaitingFunction@2be49c8c (tried for 1 second(s) with 500 milliseconds interval)
	at org.openqa.selenium.support.ui.FluentWait.timeoutException(FluentWait.java:304)
	at org.openqa.selenium.support.ui.FluentWait.until(FluentWait.java:272)
	at io.appium.java_client.pagefactory.AppiumElementLocator.waitFor(AppiumElementLocator.java:99)
	at io.appium.java_client.pagefactory.AppiumElementLocator.findElement(AppiumElementLocator.java:119)
	... 36 more
Caused by: org.openqa.selenium.NoSuchElementException: Cannot locate an element using By.chained({By.id: com.arris.sbcBeta:id/img_edit_profile_name})
For documentation on this error, please visit: https://www.seleniumhq.org/exceptions/no_such_element.html
Build info: version: &apos;3.141.59&apos;, revision: &apos;e82be7d358&apos;, time: &apos;2018-11-14T08:17:03&apos;
System info: host: &apos;css-mac-pro.arrs.arrisi.com&apos;, ip: &apos;fe80:0:0:0:8da:3411:cdb8:3812%en0&apos;, os.name: &apos;Mac OS X&apos;, os.arch: &apos;x86_64&apos;, os.version: &apos;11.6&apos;, java.version: &apos;11.0.12&apos;
Driver info: driver.version: AndroidDriver
	at io.appium.java_client.pagefactory.bys.builder.ByChained.findElement(ByChained.java:74)
	at org.openqa.selenium.remote.RemoteWebDriver.findElement(RemoteWebDriver.java:315)
	at io.appium.java_client.DefaultGenericMobileDriver.findElement(DefaultGenericMobileDriver.java:57)
	at io.appium.java_client.AppiumDriver.findElement(AppiumDriver.java:1)
	at io.appium.java_client.android.AndroidDriver.findElement(AndroidDriver.java:1)
	at io.appium.java_client.pagefactory.bys.ContentMappedBy.findElement(ContentMappedBy.java:50)
	at org.openqa.selenium.remote.RemoteWebDriver.findElement(RemoteWebDriver.java:315)
	at io.appium.java_client.DefaultGenericMobileDriver.findElement(DefaultGenericMobileDriver.java:57)
	at io.appium.java_client.AppiumDriver.findElement(AppiumDriver.java:1)
	at io.appium.java_client.android.AndroidDriver.findElement(AndroidDriver.java:1)
	at io.appium.java_client.pagefactory.AppiumElementLocator.lambda$0(AppiumElementLocator.java:120)
	at io.appium.java_client.pagefactory.AppiumElementLocator$WaitingFunction.apply(AppiumElementLocator.java:172)
	at io.appium.java_client.pagefactory.AppiumElementLocator$WaitingFunction.apply(AppiumElementLocator.java:1)
	at org.openqa.selenium.support.ui.FluentWait.until(FluentWait.java:249)
	... 38 more
... Removed 31 stack frames</pre></div><a href='#' onClick='toggleBox("stack-trace1142462359", this, "Click to show all stack frames", "Click to hide stack frames")'>Click to show all stack frames</a>
<div class='stack-trace' id='stack-trace1142462359'><pre>org.openqa.selenium.NoSuchElementException: Can&apos;t locate an element by this strategy: By.chained({By.id: com.arris.sbcBeta:id/img_edit_profile_name})
	at io.appium.java_client.pagefactory.AppiumElementLocator.findElement(AppiumElementLocator.java:126)
	at io.appium.java_client.pagefactory.interceptors.InterceptorOfASingleElement.intercept(InterceptorOfASingleElement.java:59)
	at io.appium.java_client.android.AndroidElement$$EnhancerByCGLIB$$b598166c.isDisplayed(&lt;generated&gt;)
	at com.cs.arris.Pages.ParentalControlUserProfilePage.clickUserProfileNameEditButton(ParentalControlUserProfilePage.java:371)
	at com.cs.arris.Tests.TC0011_Test_SignUp_Onboard_And_Test_SBC.Verify_Edit_User_Profile_Name(TC0011_Test_SignUp_Onboard_And_Test_SBC.java:1306)
	at java.base/jdk.internal.reflect.NativeMethodAccessorImpl.invoke0(Native Method)
	at java.base/jdk.internal.reflect.NativeMethodAccessorImpl.invoke(NativeMethodAccessorImpl.java:62)
	at java.base/jdk.internal.reflect.DelegatingMethodAccessorImpl.invoke(DelegatingMethodAccessorImpl.java:43)
	at java.base/java.lang.reflect.Method.invoke(Method.java:566)
	at org.testng.internal.MethodInvocationHelper.invokeMethod(MethodInvocationHelper.java:133)
	at org.testng.internal.TestInvoker.invokeMethod(TestInvoker.java:598)
	at org.testng.internal.TestInvoker.invokeTestMethod(TestInvoker.java:173)
	at org.testng.internal.MethodRunner.runInSequence(MethodRunner.java:46)
	at org.testng.internal.TestInvoker$MethodInvocationAgent.invoke(TestInvoker.java:824)
	at org.testng.internal.TestInvoker.invokeTestMethods(TestInvoker.java:146)
	at org.testng.internal.TestMethodWorker.invokeTestMethods(TestMethodWorker.java:146)
	at org.testng.internal.TestMethodWorker.run(TestMethodWorker.java:128)
	at java.base/java.util.ArrayList.forEach(ArrayList.java:1541)
	at org.testng.TestRunner.privateRun(TestRunner.java:794)
	at org.testng.TestRunner.run(TestRunner.java:596)
	at org.testng.SuiteRunner.runTest(SuiteRunner.java:377)
	at org.testng.SuiteRunner.runSequentially(SuiteRunner.java:371)
	at org.testng.SuiteRunner.privateRun(SuiteRunner.java:332)
	at org.testng.SuiteRunner.run(SuiteRunner.java:276)
	at org.testng.SuiteRunnerWorker.runSuite(SuiteRunnerWorker.java:53)
	at org.testng.SuiteRunnerWorker.run(SuiteRunnerWorker.java:96)
	at org.testng.TestNG.runSuitesSequentially(TestNG.java:1212)
	at org.testng.TestNG.runSuitesLocally(TestNG.java:1134)
	at org.testng.TestNG.runSuites(TestNG.java:1063)
	at org.testng.TestNG.run(TestNG.java:1031)
	at org.apache.maven.surefire.testng.TestNGExecutor.run(TestNGExecutor.java:283)
	at org.apache.maven.surefire.testng.TestNGXmlTestSuite.execute(TestNGXmlTestSuite.java:75)
	at org.apache.maven.surefire.testng.TestNGProvider.invoke(TestNGProvider.java:120)
	at org.apache.maven.surefire.booter.ForkedBooter.invokeProviderInSameClassLoader(ForkedBooter.java:384)
	at org.apache.maven.surefire.booter.ForkedBooter.runSuitesInProcess(ForkedBooter.java:345)
	at org.apache.maven.surefire.booter.ForkedBooter.execute(ForkedBooter.java:126)
	at org.apache.maven.surefire.booter.ForkedBooter.main(ForkedBooter.java:418)
Caused by: org.openqa.selenium.TimeoutException: Expected condition failed: waiting for io.appium.java_client.pagefactory.AppiumElementLocator$WaitingFunction@2be49c8c (tried for 1 second(s) with 500 milliseconds interval)
	at org.openqa.selenium.support.ui.FluentWait.timeoutException(FluentWait.java:304)
	at org.openqa.selenium.support.ui.FluentWait.until(FluentWait.java:272)
	at io.appium.java_client.pagefactory.AppiumElementLocator.waitFor(AppiumElementLocator.java:99)
	at io.appium.java_client.pagefactory.AppiumElementLocator.findElement(AppiumElementLocator.java:119)
	... 36 more
Caused by: org.openqa.selenium.NoSuchElementException: Cannot locate an element using By.chained({By.id: com.arris.sbcBeta:id/img_edit_profile_name})
For documentation on this error, please visit: https://www.seleniumhq.org/exceptions/no_such_element.html
Build info: version: &apos;3.141.59&apos;, revision: &apos;e82be7d358&apos;, time: &apos;2018-11-14T08:17:03&apos;
System info: host: &apos;css-mac-pro.arrs.arrisi.com&apos;, ip: &apos;fe80:0:0:0:8da:3411:cdb8:3812%en0&apos;, os.name: &apos;Mac OS X&apos;, os.arch: &apos;x86_64&apos;, os.version: &apos;11.6&apos;, java.version: &apos;11.0.12&apos;
Driver info: driver.version: AndroidDriver
	at io.appium.java_client.pagefactory.bys.builder.ByChained.findElement(ByChained.java:74)
	at org.openqa.selenium.remote.RemoteWebDriver.findElement(RemoteWebDriver.java:315)
	at io.appium.java_client.DefaultGenericMobileDriver.findElement(DefaultGenericMobileDriver.java:57)
	at io.appium.java_client.AppiumDriver.findElement(AppiumDriver.java:1)
	at io.appium.java_client.android.AndroidDriver.findElement(AndroidDriver.java:1)
	at io.appium.java_client.pagefactory.bys.ContentMappedBy.findElement(ContentMappedBy.java:50)
	at org.openqa.selenium.remote.RemoteWebDriver.findElement(RemoteWebDriver.java:315)
	at io.appium.java_client.DefaultGenericMobileDriver.findElement(DefaultGenericMobileDriver.java:57)
	at io.appium.java_client.AppiumDriver.findElement(AppiumDriver.java:1)
	at io.appium.java_client.android.AndroidDriver.findElement(AndroidDriver.java:1)
	at io.appium.java_client.pagefactory.AppiumElementLocator.lambda$0(AppiumElementLocator.java:120)
	at io.appium.java_client.pagefactory.AppiumElementLocator$WaitingFunction.apply(AppiumElementLocator.java:172)
	at io.appium.java_client.pagefactory.AppiumElementLocator$WaitingFunction.apply(AppiumElementLocator.java:1)
	at org.openqa.selenium.support.ui.FluentWait.until(FluentWait.java:249)
	... 38 more
</pre></div></td>
<td>15</td>
<td>com.cs.arris.Tests.TC0011_Test_SignUp_Onboard_And_Test_SBC@1750fbeb</td></tr>
</table><p>
<table width='100%' border='1' class='invocation-passed'>
<tr><td colspan='4' align='center'><b>PASSED TESTS</b></td></tr>
<tr><td><b>Test method</b></td>
<td width="30%"><b>Exception</b></td>
<td width="10%"><b>Time (seconds)</b></td>
<td><b>Instance</b></td>
</tr>
<tr>
<td title='com.cs.arris.Tests.TC0011_Test_SignUp_Onboard_And_Test_SBC.Verify_Add_Custom_Schedule_Select_DOW()'><b>Verify_Add_Custom_Schedule_Select_DOW</b><br>Test class: com.cs.arris.Tests.TC0011_Test_SignUp_Onboard_And_Test_SBC</td>
<td></td>
<td>1</td>
<td>com.cs.arris.Tests.TC0011_Test_SignUp_Onboard_And_Test_SBC@1750fbeb</td></tr>
<tr>
<td title='com.cs.arris.Tests.TC0011_Test_SignUp_Onboard_And_Test_SBC.Verify_Add_Custom_Schedule_Select_Start_Time()'><b>Verify_Add_Custom_Schedule_Select_Start_Time</b><br>Test class: com.cs.arris.Tests.TC0011_Test_SignUp_Onboard_And_Test_SBC</td>
<td></td>
<td>1</td>
<td>com.cs.arris.Tests.TC0011_Test_SignUp_Onboard_And_Test_SBC@1750fbeb</td></tr>
<tr>
<td title='com.cs.arris.Tests.TC0011_Test_SignUp_Onboard_And_Test_SBC.Verify_LAN_Settings_LAN_IP_Reservation_Rules()'><b>Verify_LAN_Settings_LAN_IP_Reservation_Rules</b><br>Test class: com.cs.arris.Tests.TC0011_Test_SignUp_Onboard_And_Test_SBC</td>
<td></td>
<td>0</td>
<td>com.cs.arris.Tests.TC0011_Test_SignUp_Onboard_And_Test_SBC@1750fbeb</td></tr>
<tr>
<td title='com.cs.arris.Tests.TC0011_Test_SignUp_Onboard_And_Test_SBC.Verify_Device_Priority_Settings_Add_Device_Page()'><b>Verify_Device_Priority_Settings_Add_Device_Page</b><br>Test class: com.cs.arris.Tests.TC0011_Test_SignUp_Onboard_And_Test_SBC</td>
<td></td>
<td>11</td>
<td>com.cs.arris.Tests.TC0011_Test_SignUp_Onboard_And_Test_SBC@1750fbeb</td></tr>
<tr>
<td title='com.cs.arris.Tests.TC0011_Test_SignUp_Onboard_And_Test_SBC.Verify_General_Settings_IPv6_Enable_Settings()'><b>Verify_General_Settings_IPv6_Enable_Settings</b><br>Test class: com.cs.arris.Tests.TC0011_Test_SignUp_Onboard_And_Test_SBC</td>
<td></td>
<td>0</td>
<td>com.cs.arris.Tests.TC0011_Test_SignUp_Onboard_And_Test_SBC@1750fbeb</td></tr>
<tr>
<td title='com.cs.arris.Tests.TC0011_Test_SignUp_Onboard_And_Test_SBC.Verify_LAN_Settings_UI_Page()'><b>Verify_LAN_Settings_UI_Page</b><br>Test class: com.cs.arris.Tests.TC0011_Test_SignUp_Onboard_And_Test_SBC</td>
<td></td>
<td>15</td>
<td>com.cs.arris.Tests.TC0011_Test_SignUp_Onboard_And_Test_SBC@1750fbeb</td></tr>
<tr>
<td title='com.cs.arris.Tests.TC0011_Test_SignUp_Onboard_And_Test_SBC.Verify_Edit_Main_Router_Name_On_All_Tab_Page()'><b>Verify_Edit_Main_Router_Name_On_All_Tab_Page</b><br>Test class: com.cs.arris.Tests.TC0011_Test_SignUp_Onboard_And_Test_SBC</td>
<td></td>
<td>9</td>
<td>com.cs.arris.Tests.TC0011_Test_SignUp_Onboard_And_Test_SBC@1750fbeb</td></tr>
<tr>
<td title='com.cs.arris.Tests.TC0011_Test_SignUp_Onboard_And_Test_SBC.Verify_LAN_Settings_LAN_IP_Reservation_Add_Reservation_Page()'><b>Verify_LAN_Settings_LAN_IP_Reservation_Add_Reservation_Page</b><br>Test class: com.cs.arris.Tests.TC0011_Test_SignUp_Onboard_And_Test_SBC</td>
<td></td>
<td>5</td>
<td>com.cs.arris.Tests.TC0011_Test_SignUp_Onboard_And_Test_SBC@1750fbeb</td></tr>
<tr>
<td title='com.cs.arris.Tests.TC0011_Test_SignUp_Onboard_And_Test_SBC.Verify_LAN_Settings_LAN_IP_Reservation_Help_Page()'><b>Verify_LAN_Settings_LAN_IP_Reservation_Help_Page</b><br>Test class: com.cs.arris.Tests.TC0011_Test_SignUp_Onboard_And_Test_SBC</td>
<td></td>
<td>0</td>
<td>com.cs.arris.Tests.TC0011_Test_SignUp_Onboard_And_Test_SBC@1750fbeb</td></tr>
<tr>
<td title='com.cs.arris.Tests.TC0011_Test_SignUp_Onboard_And_Test_SBC.Verify_Rules_Associated_With_User()'><b>Verify_Rules_Associated_With_User</b><br>Test class: com.cs.arris.Tests.TC0011_Test_SignUp_Onboard_And_Test_SBC</td>
<td></td>
<td>1</td>
<td>com.cs.arris.Tests.TC0011_Test_SignUp_Onboard_And_Test_SBC@1750fbeb</td></tr>
<tr>
<td title='com.cs.arris.Tests.TC0011_Test_SignUp_Onboard_And_Test_SBC.Verify_Disabled_Network_Optimization_Settings()'><b>Verify_Disabled_Network_Optimization_Settings</b><br>Test class: com.cs.arris.Tests.TC0011_Test_SignUp_Onboard_And_Test_SBC</td>
<td></td>
<td>31</td>
<td>com.cs.arris.Tests.TC0011_Test_SignUp_Onboard_And_Test_SBC@1750fbeb</td></tr>
<tr>
<td title='com.cs.arris.Tests.TC0011_Test_SignUp_Onboard_And_Test_SBC.Verify_Show_Password_Button()'><b>Verify_Show_Password_Button</b><br>Test class: com.cs.arris.Tests.TC0011_Test_SignUp_Onboard_And_Test_SBC</td>
<td></td>
<td>0</td>
<td>com.cs.arris.Tests.TC0011_Test_SignUp_Onboard_And_Test_SBC@1750fbeb</td></tr>
<tr>
<td title='com.cs.arris.Tests.TC0011_Test_SignUp_Onboard_And_Test_SBC.Verify_LAN_Settings_LAN_Subnet_DHCP_Range_Configuration_Page()'><b>Verify_LAN_Settings_LAN_Subnet_DHCP_Range_Configuration_Page</b><br>Test class: com.cs.arris.Tests.TC0011_Test_SignUp_Onboard_And_Test_SBC</td>
<td></td>
<td>8</td>
<td>com.cs.arris.Tests.TC0011_Test_SignUp_Onboard_And_Test_SBC@1750fbeb</td></tr>
<tr>
<td title='com.cs.arris.Tests.TC0011_Test_SignUp_Onboard_And_Test_SBC.Verify_Device_Priority_Settings_UI_Page()'><b>Verify_Device_Priority_Settings_UI_Page</b><br>Test class: com.cs.arris.Tests.TC0011_Test_SignUp_Onboard_And_Test_SBC</td>
<td></td>
<td>44</td>
<td>com.cs.arris.Tests.TC0011_Test_SignUp_Onboard_And_Test_SBC@1750fbeb</td></tr>
<tr>
<td title='com.cs.arris.Tests.TC0011_Test_SignUp_Onboard_And_Test_SBC.Verify_Add_Additional_Device()'><b>Verify_Add_Additional_Device</b><br>Test class: com.cs.arris.Tests.TC0011_Test_SignUp_Onboard_And_Test_SBC</td>
<td></td>
<td>2</td>
<td>com.cs.arris.Tests.TC0011_Test_SignUp_Onboard_And_Test_SBC@1750fbeb</td></tr>
<tr>
<td title='com.cs.arris.Tests.TC0011_Test_SignUp_Onboard_And_Test_SBC.Verify_Increase_LED_Settings_On_All_Tab_Page()'><b>Verify_Increase_LED_Settings_On_All_Tab_Page</b><br>Test class: com.cs.arris.Tests.TC0011_Test_SignUp_Onboard_And_Test_SBC</td>
<td></td>
<td>3</td>
<td>com.cs.arris.Tests.TC0011_Test_SignUp_Onboard_And_Test_SBC@1750fbeb</td></tr>
<tr>
<td title='com.cs.arris.Tests.TC0011_Test_SignUp_Onboard_And_Test_SBC.Verify_WAN_Settings_DNS_Configuration_IPv4_Static_UI_Page()'><b>Verify_WAN_Settings_DNS_Configuration_IPv4_Static_UI_Page</b><br>Test class: com.cs.arris.Tests.TC0011_Test_SignUp_Onboard_And_Test_SBC</td>
<td></td>
<td>0</td>
<td>com.cs.arris.Tests.TC0011_Test_SignUp_Onboard_And_Test_SBC@1750fbeb</td></tr>
<tr>
<td title='com.cs.arris.Tests.TC0011_Test_SignUp_Onboard_And_Test_SBC.Verify_Pause_Internet_For_All_Users()'><b>Verify_Pause_Internet_For_All_Users</b><br>Test class: com.cs.arris.Tests.TC0011_Test_SignUp_Onboard_And_Test_SBC</td>
<td></td>
<td>6</td>
<td>com.cs.arris.Tests.TC0011_Test_SignUp_Onboard_And_Test_SBC@1750fbeb</td></tr>
<tr>
<td title='com.cs.arris.Tests.TC0011_Test_SignUp_Onboard_And_Test_SBC.Verify_Devices_Count_Validation_On_All_Tab_Page()'><b>Verify_Devices_Count_Validation_On_All_Tab_Page</b><br>Test class: com.cs.arris.Tests.TC0011_Test_SignUp_Onboard_And_Test_SBC</td>
<td></td>
<td>0</td>
<td>com.cs.arris.Tests.TC0011_Test_SignUp_Onboard_And_Test_SBC@1750fbeb</td></tr>
<tr>
<td title='com.cs.arris.Tests.TC0011_Test_SignUp_Onboard_And_Test_SBC.Verify_Main_Device_UI_On_5GHz_Tab_Page()'><b>Verify_Main_Device_UI_On_5GHz_Tab_Page</b><br>Test class: com.cs.arris.Tests.TC0011_Test_SignUp_Onboard_And_Test_SBC</td>
<td></td>
<td>0</td>
<td>com.cs.arris.Tests.TC0011_Test_SignUp_Onboard_And_Test_SBC@1750fbeb</td></tr>
<tr>
<td title='com.cs.arris.Tests.TC0011_Test_SignUp_Onboard_And_Test_SBC.Verify_Newtork_Test_Connection_Speed_Page()'><b>Verify_Newtork_Test_Connection_Speed_Page</b><br>Test class: com.cs.arris.Tests.TC0011_Test_SignUp_Onboard_And_Test_SBC</td>
<td></td>
<td>117</td>
<td>com.cs.arris.Tests.TC0011_Test_SignUp_Onboard_And_Test_SBC@1750fbeb</td></tr>
<tr>
<td title='com.cs.arris.Tests.TC0011_Test_SignUp_Onboard_And_Test_SBC.Verify_LAN_Settings_LAN_IP_Reservation_Edit_Devices_Page()'><b>Verify_LAN_Settings_LAN_IP_Reservation_Edit_Devices_Page</b><br>Test class: com.cs.arris.Tests.TC0011_Test_SignUp_Onboard_And_Test_SBC</td>
<td></td>
<td>3</td>
<td>com.cs.arris.Tests.TC0011_Test_SignUp_Onboard_And_Test_SBC@1750fbeb</td></tr>
<tr>
<td title='com.cs.arris.Tests.TC0011_Test_SignUp_Onboard_And_Test_SBC.Verify_Network_Health_Page()'><b>Verify_Network_Health_Page</b><br>Test class: com.cs.arris.Tests.TC0011_Test_SignUp_Onboard_And_Test_SBC</td>
<td></td>
<td>75</td>
<td>com.cs.arris.Tests.TC0011_Test_SignUp_Onboard_And_Test_SBC@1750fbeb</td></tr>
<tr>
<td title='com.cs.arris.Tests.TC0011_Test_SignUp_Onboard_And_Test_SBC.Verify_Hamburger_Get_Another_Max_Page()'><b>Verify_Hamburger_Get_Another_Max_Page</b><br>Test class: com.cs.arris.Tests.TC0011_Test_SignUp_Onboard_And_Test_SBC</td>
<td></td>
<td>7</td>
<td>com.cs.arris.Tests.TC0011_Test_SignUp_Onboard_And_Test_SBC@1750fbeb</td></tr>
<tr>
<td title='com.cs.arris.Tests.TC0011_Test_SignUp_Onboard_And_Test_SBC.Verify_Extended_WiFi_Settings_Page()'><b>Verify_Extended_WiFi_Settings_Page</b><br>Test class: com.cs.arris.Tests.TC0011_Test_SignUp_Onboard_And_Test_SBC</td>
<td></td>
<td>7</td>
<td>com.cs.arris.Tests.TC0011_Test_SignUp_Onboard_And_Test_SBC@1750fbeb</td></tr>
<tr>
<td title='com.cs.arris.Tests.TC0011_Test_SignUp_Onboard_And_Test_SBC.Verify_Copy_Password()'><b>Verify_Copy_Password</b><br>Test class: com.cs.arris.Tests.TC0011_Test_SignUp_Onboard_And_Test_SBC</td>
<td></td>
<td>1</td>
<td>com.cs.arris.Tests.TC0011_Test_SignUp_Onboard_And_Test_SBC@1750fbeb</td></tr>
<tr>
<td title='com.cs.arris.Tests.TC0011_Test_SignUp_Onboard_And_Test_SBC.Verify_WAN_Settings_DNS_Configuration_IPv6_Automatic_UI_Page()'><b>Verify_WAN_Settings_DNS_Configuration_IPv6_Automatic_UI_Page</b><br>Test class: com.cs.arris.Tests.TC0011_Test_SignUp_Onboard_And_Test_SBC</td>
<td></td>
<td>2</td>
<td>com.cs.arris.Tests.TC0011_Test_SignUp_Onboard_And_Test_SBC@1750fbeb</td></tr>
<tr>
<td title='com.cs.arris.Tests.TC0011_Test_SignUp_Onboard_And_Test_SBC.Verify_Add_EveryDay_Schedule_To_Rule()'><b>Verify_Add_EveryDay_Schedule_To_Rule</b><br>Test class: com.cs.arris.Tests.TC0011_Test_SignUp_Onboard_And_Test_SBC</td>
<td></td>
<td>5</td>
<td>com.cs.arris.Tests.TC0011_Test_SignUp_Onboard_And_Test_SBC@1750fbeb</td></tr>
<tr>
<td title='com.cs.arris.Tests.TC0011_Test_SignUp_Onboard_And_Test_SBC.Verify_Currently_Blocked_Profiles()'><b>Verify_Currently_Blocked_Profiles</b><br>Test class: com.cs.arris.Tests.TC0011_Test_SignUp_Onboard_And_Test_SBC</td>
<td></td>
<td>3</td>
<td>com.cs.arris.Tests.TC0011_Test_SignUp_Onboard_And_Test_SBC@1750fbeb</td></tr>
<tr>
<td title='com.cs.arris.Tests.TC0011_Test_SignUp_Onboard_And_Test_SBC.Verify_Main_Device_UI_On_All_Tab_Page()'><b>Verify_Main_Device_UI_On_All_Tab_Page</b><br>Test class: com.cs.arris.Tests.TC0011_Test_SignUp_Onboard_And_Test_SBC</td>
<td></td>
<td>50</td>
<td>com.cs.arris.Tests.TC0011_Test_SignUp_Onboard_And_Test_SBC@1750fbeb</td></tr>
<tr>
<td title='com.cs.arris.Tests.TC0011_Test_SignUp_Onboard_And_Test_SBC.Verify_Devices_Signal_Strength_UI_Page()'><b>Verify_Devices_Signal_Strength_UI_Page</b><br>Test class: com.cs.arris.Tests.TC0011_Test_SignUp_Onboard_And_Test_SBC</td>
<td></td>
<td>50</td>
<td>com.cs.arris.Tests.TC0011_Test_SignUp_Onboard_And_Test_SBC@1750fbeb</td></tr>
<tr>
<td title='com.cs.arris.Tests.TC0011_Test_SignUp_Onboard_And_Test_SBC.Verify_General_Settings_Port_Forwarding_Settings()'><b>Verify_General_Settings_Port_Forwarding_Settings</b><br>Test class: com.cs.arris.Tests.TC0011_Test_SignUp_Onboard_And_Test_SBC</td>
<td></td>
<td>1</td>
<td>com.cs.arris.Tests.TC0011_Test_SignUp_Onboard_And_Test_SBC@1750fbeb</td></tr>
<tr>
<td title='com.cs.arris.Tests.TC0011_Test_SignUp_Onboard_And_Test_SBC.Verify_Connected_Device_Signal_Strength_Sensitivity_Medium()'><b>Verify_Connected_Device_Signal_Strength_Sensitivity_Medium</b><br>Test class: com.cs.arris.Tests.TC0011_Test_SignUp_Onboard_And_Test_SBC</td>
<td></td>
<td>17</td>
<td>com.cs.arris.Tests.TC0011_Test_SignUp_Onboard_And_Test_SBC@1750fbeb</td></tr>
<tr>
<td title='com.cs.arris.Tests.TC0011_Test_SignUp_Onboard_And_Test_SBC.Verify_Device_Priority_Settings_Add_Device_UI_Page()'><b>Verify_Device_Priority_Settings_Add_Device_UI_Page</b><br>Test class: com.cs.arris.Tests.TC0011_Test_SignUp_Onboard_And_Test_SBC</td>
<td></td>
<td>0</td>
<td>com.cs.arris.Tests.TC0011_Test_SignUp_Onboard_And_Test_SBC@1750fbeb</td></tr>
<tr>
<td title='com.cs.arris.Tests.TC0011_Test_SignUp_Onboard_And_Test_SBC.Verify_ISP_Speed_Link_Rate_Sensitivity_Medium()'><b>Verify_ISP_Speed_Link_Rate_Sensitivity_Medium</b><br>Test class: com.cs.arris.Tests.TC0011_Test_SignUp_Onboard_And_Test_SBC</td>
<td></td>
<td>17</td>
<td>com.cs.arris.Tests.TC0011_Test_SignUp_Onboard_And_Test_SBC@1750fbeb</td></tr>
<tr>
<td title='com.cs.arris.Tests.TC0011_Test_SignUp_Onboard_And_Test_SBC.Verify_LAN_Settings_LAN_DHCP_Set_Lease_Time_Help_Page()'><b>Verify_LAN_Settings_LAN_DHCP_Set_Lease_Time_Help_Page</b><br>Test class: com.cs.arris.Tests.TC0011_Test_SignUp_Onboard_And_Test_SBC</td>
<td></td>
<td>1</td>
<td>com.cs.arris.Tests.TC0011_Test_SignUp_Onboard_And_Test_SBC@1750fbeb</td></tr>
<tr>
<td title='com.cs.arris.Tests.TC0011_Test_SignUp_Onboard_And_Test_SBC.Verify_General_Settings_UI_Page()'><b>Verify_General_Settings_UI_Page</b><br>Test class: com.cs.arris.Tests.TC0011_Test_SignUp_Onboard_And_Test_SBC</td>
<td></td>
<td>46</td>
<td>com.cs.arris.Tests.TC0011_Test_SignUp_Onboard_And_Test_SBC@1750fbeb</td></tr>
<tr>
<td title='com.cs.arris.Tests.TC0011_Test_SignUp_Onboard_And_Test_SBC.Verify_Satellite_Link_Rate__Sensitivity_Low()'><b>Verify_Satellite_Link_Rate__Sensitivity_Low</b><br>Test class: com.cs.arris.Tests.TC0011_Test_SignUp_Onboard_And_Test_SBC</td>
<td></td>
<td>17</td>
<td>com.cs.arris.Tests.TC0011_Test_SignUp_Onboard_And_Test_SBC@1750fbeb</td></tr>
<tr>
<td title='com.cs.arris.Tests.TC0011_Test_SignUp_Onboard_And_Test_SBC.Verify_Hamburger_Menu_Settings_Sign_Out()'><b>Verify_Hamburger_Menu_Settings_Sign_Out</b><br>Test class: com.cs.arris.Tests.TC0011_Test_SignUp_Onboard_And_Test_SBC</td>
<td></td>
<td>6</td>
<td>com.cs.arris.Tests.TC0011_Test_SignUp_Onboard_And_Test_SBC@1750fbeb</td></tr>
<tr>
<td title='com.cs.arris.Tests.TC0011_Test_SignUp_Onboard_And_Test_SBC.Verify_Amazon_Features_UI_Page()'><b>Verify_Amazon_Features_UI_Page</b><br>Test class: com.cs.arris.Tests.TC0011_Test_SignUp_Onboard_And_Test_SBC</td>
<td></td>
<td>33</td>
<td>com.cs.arris.Tests.TC0011_Test_SignUp_Onboard_And_Test_SBC@1750fbeb</td></tr>
<tr>
<td title='com.cs.arris.Tests.TC0011_Test_SignUp_Onboard_And_Test_SBC.Verify_Speed_Test_Page()'><b>Verify_Speed_Test_Page</b><br>Test class: com.cs.arris.Tests.TC0011_Test_SignUp_Onboard_And_Test_SBC</td>
<td></td>
<td>80</td>
<td>com.cs.arris.Tests.TC0011_Test_SignUp_Onboard_And_Test_SBC@1750fbeb</td></tr>
<tr>
<td title='com.cs.arris.Tests.TC0011_Test_SignUp_Onboard_And_Test_SBC.Verify_Add_Profile_Page()'><b>Verify_Add_Profile_Page</b><br>Test class: com.cs.arris.Tests.TC0011_Test_SignUp_Onboard_And_Test_SBC</td>
<td></td>
<td>12</td>
<td>com.cs.arris.Tests.TC0011_Test_SignUp_Onboard_And_Test_SBC@1750fbeb</td></tr>
<tr>
<td title='com.cs.arris.Tests.TC0011_Test_SignUp_Onboard_And_Test_SBC.Verify_Satellite_Signal_Strength_Sensitivity_Medium()'><b>Verify_Satellite_Signal_Strength_Sensitivity_Medium</b><br>Test class: com.cs.arris.Tests.TC0011_Test_SignUp_Onboard_And_Test_SBC</td>
<td></td>
<td>16</td>
<td>com.cs.arris.Tests.TC0011_Test_SignUp_Onboard_And_Test_SBC@1750fbeb</td></tr>
<tr>
<td title='com.cs.arris.Tests.TC0011_Test_SignUp_Onboard_And_Test_SBC.Verify_LED_Settings_UI_On_All_Tab()'><b>Verify_LED_Settings_UI_On_All_Tab</b><br>Test class: com.cs.arris.Tests.TC0011_Test_SignUp_Onboard_And_Test_SBC</td>
<td></td>
<td>2</td>
<td>com.cs.arris.Tests.TC0011_Test_SignUp_Onboard_And_Test_SBC@1750fbeb</td></tr>
<tr>
<td title='com.cs.arris.Tests.TC0011_Test_SignUp_Onboard_And_Test_SBC.Verify_SignUp_And_Onboard()'><b>Verify_SignUp_And_Onboard</b><br>Test class: com.cs.arris.Tests.TC0011_Test_SignUp_Onboard_And_Test_SBC</td>
<td></td>
<td>527</td>
<td>com.cs.arris.Tests.TC0011_Test_SignUp_Onboard_And_Test_SBC@1750fbeb</td></tr>
<tr>
<td title='com.cs.arris.Tests.TC0011_Test_SignUp_Onboard_And_Test_SBC.Verify_WAN_Settings_DNS_Configuration_IPv6_Static_UI_Page()'><b>Verify_WAN_Settings_DNS_Configuration_IPv6_Static_UI_Page</b><br>Test class: com.cs.arris.Tests.TC0011_Test_SignUp_Onboard_And_Test_SBC</td>
<td></td>
<td>2</td>
<td>com.cs.arris.Tests.TC0011_Test_SignUp_Onboard_And_Test_SBC@1750fbeb</td></tr>
<tr>
<td title='com.cs.arris.Tests.TC0011_Test_SignUp_Onboard_And_Test_SBC.Verify_General_Settings_Bridge_Mode_Settings()'><b>Verify_General_Settings_Bridge_Mode_Settings</b><br>Test class: com.cs.arris.Tests.TC0011_Test_SignUp_Onboard_And_Test_SBC</td>
<td></td>
<td>0</td>
<td>com.cs.arris.Tests.TC0011_Test_SignUp_Onboard_And_Test_SBC@1750fbeb</td></tr>
<tr>
<td title='com.cs.arris.Tests.TC0011_Test_SignUp_Onboard_And_Test_SBC.Verify_Hamburger_Surfboard_Help_UI_Page()'><b>Verify_Hamburger_Surfboard_Help_UI_Page</b><br>Test class: com.cs.arris.Tests.TC0011_Test_SignUp_Onboard_And_Test_SBC</td>
<td></td>
<td>4</td>
<td>com.cs.arris.Tests.TC0011_Test_SignUp_Onboard_And_Test_SBC@1750fbeb</td></tr>
<tr>
<td title='com.cs.arris.Tests.TC0011_Test_SignUp_Onboard_And_Test_SBC.Verify_WAN_Settings_WAN_IP_Configuration_IPv4_Static_UI_Page()'><b>Verify_WAN_Settings_WAN_IP_Configuration_IPv4_Static_UI_Page</b><br>Test class: com.cs.arris.Tests.TC0011_Test_SignUp_Onboard_And_Test_SBC</td>
<td></td>
<td>2</td>
<td>com.cs.arris.Tests.TC0011_Test_SignUp_Onboard_And_Test_SBC@1750fbeb</td></tr>
<tr>
<td title='com.cs.arris.Tests.TC0011_Test_SignUp_Onboard_And_Test_SBC.Verify_Main_Router_Details_On_All_Tab_Page()'><b>Verify_Main_Router_Details_On_All_Tab_Page</b><br>Test class: com.cs.arris.Tests.TC0011_Test_SignUp_Onboard_And_Test_SBC</td>
<td></td>
<td>6</td>
<td>com.cs.arris.Tests.TC0011_Test_SignUp_Onboard_And_Test_SBC@1750fbeb</td></tr>
<tr>
<td title='com.cs.arris.Tests.TC0011_Test_SignUp_Onboard_And_Test_SBC.Verify_Add_Rule_To_User_Profile()'><b>Verify_Add_Rule_To_User_Profile</b><br>Test class: com.cs.arris.Tests.TC0011_Test_SignUp_Onboard_And_Test_SBC</td>
<td></td>
<td>1</td>
<td>com.cs.arris.Tests.TC0011_Test_SignUp_Onboard_And_Test_SBC@1750fbeb</td></tr>
<tr>
<td title='com.cs.arris.Tests.TC0011_Test_SignUp_Onboard_And_Test_SBC.Verify_Sorting_Devices_From_Strong_To_Weak()'><b>Verify_Sorting_Devices_From_Strong_To_Weak</b><br>Test class: com.cs.arris.Tests.TC0011_Test_SignUp_Onboard_And_Test_SBC</td>
<td></td>
<td>4</td>
<td>com.cs.arris.Tests.TC0011_Test_SignUp_Onboard_And_Test_SBC@1750fbeb</td></tr>
<tr>
<td title='com.cs.arris.Tests.TC0011_Test_SignUp_Onboard_And_Test_SBC.Verify_General_Settings_Port_Forwarding_Add_Rules()'><b>Verify_General_Settings_Port_Forwarding_Add_Rules</b><br>Test class: com.cs.arris.Tests.TC0011_Test_SignUp_Onboard_And_Test_SBC</td>
<td></td>
<td>57</td>
<td>com.cs.arris.Tests.TC0011_Test_SignUp_Onboard_And_Test_SBC@1750fbeb</td></tr>
<tr>
<td title='com.cs.arris.Tests.TC0011_Test_SignUp_Onboard_And_Test_SBC.Verify_Resume_Internet_For_All_Users()'><b>Verify_Resume_Internet_For_All_Users</b><br>Test class: com.cs.arris.Tests.TC0011_Test_SignUp_Onboard_And_Test_SBC</td>
<td></td>
<td>16</td>
<td>com.cs.arris.Tests.TC0011_Test_SignUp_Onboard_And_Test_SBC@1750fbeb</td></tr>
<tr>
<td title='com.cs.arris.Tests.TC0011_Test_SignUp_Onboard_And_Test_SBC.Verify_Parental_Control_UI_Page()'><b>Verify_Parental_Control_UI_Page</b><br>Test class: com.cs.arris.Tests.TC0011_Test_SignUp_Onboard_And_Test_SBC</td>
<td></td>
<td>30</td>
<td>com.cs.arris.Tests.TC0011_Test_SignUp_Onboard_And_Test_SBC@1750fbeb</td></tr>
<tr>
<td title='com.cs.arris.Tests.TC0011_Test_SignUp_Onboard_And_Test_SBC.Verify_Connected_Devices_On_Ethernet_Tab_Page()'><b>Verify_Connected_Devices_On_Ethernet_Tab_Page</b><br>Test class: com.cs.arris.Tests.TC0011_Test_SignUp_Onboard_And_Test_SBC</td>
<td></td>
<td>18</td>
<td>com.cs.arris.Tests.TC0011_Test_SignUp_Onboard_And_Test_SBC@1750fbeb</td></tr>
<tr>
<td title='com.cs.arris.Tests.TC0011_Test_SignUp_Onboard_And_Test_SBC.Verify_Satellite_Signal_Strength_Sensitivity_High()'><b>Verify_Satellite_Signal_Strength_Sensitivity_High</b><br>Test class: com.cs.arris.Tests.TC0011_Test_SignUp_Onboard_And_Test_SBC</td>
<td></td>
<td>15</td>
<td>com.cs.arris.Tests.TC0011_Test_SignUp_Onboard_And_Test_SBC@1750fbeb</td></tr>
<tr>
<td title='com.cs.arris.Tests.TC0011_Test_SignUp_Onboard_And_Test_SBC.Verify_Device_Details_Page()'><b>Verify_Device_Details_Page</b><br>Test class: com.cs.arris.Tests.TC0011_Test_SignUp_Onboard_And_Test_SBC</td>
<td></td>
<td>3</td>
<td>com.cs.arris.Tests.TC0011_Test_SignUp_Onboard_And_Test_SBC@1750fbeb</td></tr>
<tr>
<td title='com.cs.arris.Tests.TC0011_Test_SignUp_Onboard_And_Test_SBC.Verify_Hamburger_Surfboard_Chat_With_US_Page()'><b>Verify_Hamburger_Surfboard_Chat_With_US_Page</b><br>Test class: com.cs.arris.Tests.TC0011_Test_SignUp_Onboard_And_Test_SBC</td>
<td></td>
<td>7</td>
<td>com.cs.arris.Tests.TC0011_Test_SignUp_Onboard_And_Test_SBC@1750fbeb</td></tr>
<tr>
<td title='com.cs.arris.Tests.TC0011_Test_SignUp_Onboard_And_Test_SBC.Verify_LAN_Settings_LAN_Subnet_DHCP_Range_Configuration_Help_Page()'><b>Verify_LAN_Settings_LAN_Subnet_DHCP_Range_Configuration_Help_Page</b><br>Test class: com.cs.arris.Tests.TC0011_Test_SignUp_Onboard_And_Test_SBC</td>
<td></td>
<td>0</td>
<td>com.cs.arris.Tests.TC0011_Test_SignUp_Onboard_And_Test_SBC@1750fbeb</td></tr>
<tr>
<td title='com.cs.arris.Tests.TC0011_Test_SignUp_Onboard_And_Test_SBC.Verify_Hamburger_Surfboard_Self_Help_Page()'><b>Verify_Hamburger_Surfboard_Self_Help_Page</b><br>Test class: com.cs.arris.Tests.TC0011_Test_SignUp_Onboard_And_Test_SBC</td>
<td></td>
<td>5</td>
<td>com.cs.arris.Tests.TC0011_Test_SignUp_Onboard_And_Test_SBC@1750fbeb</td></tr>
<tr>
<td title='com.cs.arris.Tests.TC0011_Test_SignUp_Onboard_And_Test_SBC.Verify_Network_UI_Page()'><b>Verify_Network_UI_Page</b><br>Test class: com.cs.arris.Tests.TC0011_Test_SignUp_Onboard_And_Test_SBC</td>
<td></td>
<td>30</td>
<td>com.cs.arris.Tests.TC0011_Test_SignUp_Onboard_And_Test_SBC@1750fbeb</td></tr>
<tr>
<td title='com.cs.arris.Tests.TC0011_Test_SignUp_Onboard_And_Test_SBC.Verify_Add_Custom_Schedule_To_Rule()'><b>Verify_Add_Custom_Schedule_To_Rule</b><br>Test class: com.cs.arris.Tests.TC0011_Test_SignUp_Onboard_And_Test_SBC</td>
<td></td>
<td>0</td>
<td>com.cs.arris.Tests.TC0011_Test_SignUp_Onboard_And_Test_SBC@1750fbeb</td></tr>
<tr>
<td title='com.cs.arris.Tests.TC0011_Test_SignUp_Onboard_And_Test_SBC.Verify_Install_Left_Satellite()'><b>Verify_Install_Left_Satellite</b><br>Test class: com.cs.arris.Tests.TC0011_Test_SignUp_Onboard_And_Test_SBC</td>
<td></td>
<td>523</td>
<td>com.cs.arris.Tests.TC0011_Test_SignUp_Onboard_And_Test_SBC@1750fbeb</td></tr>
<tr>
<td title='com.cs.arris.Tests.TC0011_Test_SignUp_Onboard_And_Test_SBC.Verify_Network_Optimization_Settings_Page()'><b>Verify_Network_Optimization_Settings_Page</b><br>Test class: com.cs.arris.Tests.TC0011_Test_SignUp_Onboard_And_Test_SBC</td>
<td></td>
<td>17</td>
<td>com.cs.arris.Tests.TC0011_Test_SignUp_Onboard_And_Test_SBC@1750fbeb</td></tr>
<tr>
<td title='com.cs.arris.Tests.TC0011_Test_SignUp_Onboard_And_Test_SBC.Verify_Add_Device_To_User_Profile()'><b>Verify_Add_Device_To_User_Profile</b><br>Test class: com.cs.arris.Tests.TC0011_Test_SignUp_Onboard_And_Test_SBC</td>
<td></td>
<td>8</td>
<td>com.cs.arris.Tests.TC0011_Test_SignUp_Onboard_And_Test_SBC@1750fbeb</td></tr>
<tr>
<td title='com.cs.arris.Tests.TC0011_Test_SignUp_Onboard_And_Test_SBC.Verify_Connected_Device_Signal_Strength_Sensitivity_High()'><b>Verify_Connected_Device_Signal_Strength_Sensitivity_High</b><br>Test class: com.cs.arris.Tests.TC0011_Test_SignUp_Onboard_And_Test_SBC</td>
<td></td>
<td>17</td>
<td>com.cs.arris.Tests.TC0011_Test_SignUp_Onboard_And_Test_SBC@1750fbeb</td></tr>
<tr>
<td title='com.cs.arris.Tests.TC0011_Test_SignUp_Onboard_And_Test_SBC.Verify_LAN_Settings_LAN_IP_Reservation_Page()'><b>Verify_LAN_Settings_LAN_IP_Reservation_Page</b><br>Test class: com.cs.arris.Tests.TC0011_Test_SignUp_Onboard_And_Test_SBC</td>
<td></td>
<td>0</td>
<td>com.cs.arris.Tests.TC0011_Test_SignUp_Onboard_And_Test_SBC@1750fbeb</td></tr>
<tr>
<td title='com.cs.arris.Tests.TC0011_Test_SignUp_Onboard_And_Test_SBC.Verify_Hamburger_Menu_Settings_UI_Page()'><b>Verify_Hamburger_Menu_Settings_UI_Page</b><br>Test class: com.cs.arris.Tests.TC0011_Test_SignUp_Onboard_And_Test_SBC</td>
<td></td>
<td>15</td>
<td>com.cs.arris.Tests.TC0011_Test_SignUp_Onboard_And_Test_SBC@1750fbeb</td></tr>
<tr>
<td title='com.cs.arris.Tests.TC0011_Test_SignUp_Onboard_And_Test_SBC.Verify_Connected_Devices_On_All_Tab_Page()'><b>Verify_Connected_Devices_On_All_Tab_Page</b><br>Test class: com.cs.arris.Tests.TC0011_Test_SignUp_Onboard_And_Test_SBC</td>
<td></td>
<td>30</td>
<td>com.cs.arris.Tests.TC0011_Test_SignUp_Onboard_And_Test_SBC@1750fbeb</td></tr>
<tr>
<td title='com.cs.arris.Tests.TC0011_Test_SignUp_Onboard_And_Test_SBC.Verify_Satellite_Signal_Strength_Sensitivity_Low()'><b>Verify_Satellite_Signal_Strength_Sensitivity_Low</b><br>Test class: com.cs.arris.Tests.TC0011_Test_SignUp_Onboard_And_Test_SBC</td>
<td></td>
<td>15</td>
<td>com.cs.arris.Tests.TC0011_Test_SignUp_Onboard_And_Test_SBC@1750fbeb</td></tr>
<tr>
<td title='com.cs.arris.Tests.TC0011_Test_SignUp_Onboard_And_Test_SBC.Verify_WAN_Settings_DNS_Configuration_IPv4_Automatic_UI_Page()'><b>Verify_WAN_Settings_DNS_Configuration_IPv4_Automatic_UI_Page</b><br>Test class: com.cs.arris.Tests.TC0011_Test_SignUp_Onboard_And_Test_SBC</td>
<td></td>
<td>2</td>
<td>com.cs.arris.Tests.TC0011_Test_SignUp_Onboard_And_Test_SBC@1750fbeb</td></tr>
<tr>
<td title='com.cs.arris.Tests.TC0011_Test_SignUp_Onboard_And_Test_SBC.Verify_Get_Alexa_Skills_Drop_Down_Box()'><b>Verify_Get_Alexa_Skills_Drop_Down_Box</b><br>Test class: com.cs.arris.Tests.TC0011_Test_SignUp_Onboard_And_Test_SBC</td>
<td></td>
<td>1</td>
<td>com.cs.arris.Tests.TC0011_Test_SignUp_Onboard_And_Test_SBC@1750fbeb</td></tr>
<tr>
<td title='com.cs.arris.Tests.TC0011_Test_SignUp_Onboard_And_Test_SBC.Verify_Offline_Devices_Details()'><b>Verify_Offline_Devices_Details</b><br>Test class: com.cs.arris.Tests.TC0011_Test_SignUp_Onboard_And_Test_SBC</td>
<td></td>
<td>93</td>
<td>com.cs.arris.Tests.TC0011_Test_SignUp_Onboard_And_Test_SBC@1750fbeb</td></tr>
<tr>
<td title='com.cs.arris.Tests.TC0011_Test_SignUp_Onboard_And_Test_SBC.Verify_Select_Start_Time_For_EveryDay_Schedule()'><b>Verify_Select_Start_Time_For_EveryDay_Schedule</b><br>Test class: com.cs.arris.Tests.TC0011_Test_SignUp_Onboard_And_Test_SBC</td>
<td></td>
<td>2</td>
<td>com.cs.arris.Tests.TC0011_Test_SignUp_Onboard_And_Test_SBC@1750fbeb</td></tr>
<tr>
<td title='com.cs.arris.Tests.TC0011_Test_SignUp_Onboard_And_Test_SBC.Verify_Amazon_Alexa_Skills_Link()'><b>Verify_Amazon_Alexa_Skills_Link</b><br>Test class: com.cs.arris.Tests.TC0011_Test_SignUp_Onboard_And_Test_SBC</td>
<td></td>
<td>20</td>
<td>com.cs.arris.Tests.TC0011_Test_SignUp_Onboard_And_Test_SBC@1750fbeb</td></tr>
<tr>
<td title='com.cs.arris.Tests.TC0011_Test_SignUp_Onboard_And_Test_SBC.Verify_ISP_Speed_Link_Rate_Sensitivity_High()'><b>Verify_ISP_Speed_Link_Rate_Sensitivity_High</b><br>Test class: com.cs.arris.Tests.TC0011_Test_SignUp_Onboard_And_Test_SBC</td>
<td></td>
<td>17</td>
<td>com.cs.arris.Tests.TC0011_Test_SignUp_Onboard_And_Test_SBC@1750fbeb</td></tr>
<tr>
<td title='com.cs.arris.Tests.TC0011_Test_SignUp_Onboard_And_Test_SBC.Verify_User_Profile_Page()'><b>Verify_User_Profile_Page</b><br>Test class: com.cs.arris.Tests.TC0011_Test_SignUp_Onboard_And_Test_SBC</td>
<td></td>
<td>3</td>
<td>com.cs.arris.Tests.TC0011_Test_SignUp_Onboard_And_Test_SBC@1750fbeb</td></tr>
<tr>
<td title='com.cs.arris.Tests.TC0011_Test_SignUp_Onboard_And_Test_SBC.Verify_WAN_Settings_WAN_IP_Configuration_IPv4_DHCP_UI_Page()'><b>Verify_WAN_Settings_WAN_IP_Configuration_IPv4_DHCP_UI_Page</b><br>Test class: com.cs.arris.Tests.TC0011_Test_SignUp_Onboard_And_Test_SBC</td>
<td></td>
<td>4</td>
<td>com.cs.arris.Tests.TC0011_Test_SignUp_Onboard_And_Test_SBC@1750fbeb</td></tr>
<tr>
<td title='com.cs.arris.Tests.TC0011_Test_SignUp_Onboard_And_Test_SBC.Verify_Devices_Associated_With_User_Profile()'><b>Verify_Devices_Associated_With_User_Profile</b><br>Test class: com.cs.arris.Tests.TC0011_Test_SignUp_Onboard_And_Test_SBC</td>
<td></td>
<td>16</td>
<td>com.cs.arris.Tests.TC0011_Test_SignUp_Onboard_And_Test_SBC@1750fbeb</td></tr>
<tr>
<td title='com.cs.arris.Tests.TC0011_Test_SignUp_Onboard_And_Test_SBC.Verify_WAN_Settings_DNS_Configuration_Help_Page()'><b>Verify_WAN_Settings_DNS_Configuration_Help_Page</b><br>Test class: com.cs.arris.Tests.TC0011_Test_SignUp_Onboard_And_Test_SBC</td>
<td></td>
<td>19</td>
<td>com.cs.arris.Tests.TC0011_Test_SignUp_Onboard_And_Test_SBC@1750fbeb</td></tr>
<tr>
<td title='com.cs.arris.Tests.TC0011_Test_SignUp_Onboard_And_Test_SBC.Verify_Satellite_Link_Rate_Sensitivity_Medium()'><b>Verify_Satellite_Link_Rate_Sensitivity_Medium</b><br>Test class: com.cs.arris.Tests.TC0011_Test_SignUp_Onboard_And_Test_SBC</td>
<td></td>
<td>17</td>
<td>com.cs.arris.Tests.TC0011_Test_SignUp_Onboard_And_Test_SBC@1750fbeb</td></tr>
<tr>
<td title='com.cs.arris.Tests.TC0011_Test_SignUp_Onboard_And_Test_SBC.Verify_General_Settings_UPnP_Settings()'><b>Verify_General_Settings_UPnP_Settings</b><br>Test class: com.cs.arris.Tests.TC0011_Test_SignUp_Onboard_And_Test_SBC</td>
<td></td>
<td>17</td>
<td>com.cs.arris.Tests.TC0011_Test_SignUp_Onboard_And_Test_SBC@1750fbeb</td></tr>
<tr>
<td title='com.cs.arris.Tests.TC0011_Test_SignUp_Onboard_And_Test_SBC.Verify_Perform_Speed_Test()'><b>Verify_Perform_Speed_Test</b><br>Test class: com.cs.arris.Tests.TC0011_Test_SignUp_Onboard_And_Test_SBC</td>
<td></td>
<td>349</td>
<td>com.cs.arris.Tests.TC0011_Test_SignUp_Onboard_And_Test_SBC@1750fbeb</td></tr>
<tr>
<td title='com.cs.arris.Tests.TC0011_Test_SignUp_Onboard_And_Test_SBC.Verify_Decrease_LED_Settings_On_All_Tab_Page()'><b>Verify_Decrease_LED_Settings_On_All_Tab_Page</b><br>Test class: com.cs.arris.Tests.TC0011_Test_SignUp_Onboard_And_Test_SBC</td>
<td></td>
<td>3</td>
<td>com.cs.arris.Tests.TC0011_Test_SignUp_Onboard_And_Test_SBC@1750fbeb</td></tr>
<tr>
<td title='com.cs.arris.Tests.TC0011_Test_SignUp_Onboard_And_Test_SBC.Verify_WAN_Settings_WAN_IP_Configuration_Help_Page()'><b>Verify_WAN_Settings_WAN_IP_Configuration_Help_Page</b><br>Test class: com.cs.arris.Tests.TC0011_Test_SignUp_Onboard_And_Test_SBC</td>
<td></td>
<td>19</td>
<td>com.cs.arris.Tests.TC0011_Test_SignUp_Onboard_And_Test_SBC@1750fbeb</td></tr>
<tr>
<td title='com.cs.arris.Tests.TC0011_Test_SignUp_Onboard_And_Test_SBC.Verify_WAN_Settings_UI_Page()'><b>Verify_WAN_Settings_UI_Page</b><br>Test class: com.cs.arris.Tests.TC0011_Test_SignUp_Onboard_And_Test_SBC</td>
<td></td>
<td>3</td>
<td>com.cs.arris.Tests.TC0011_Test_SignUp_Onboard_And_Test_SBC@1750fbeb</td></tr>
<tr>
<td title='com.cs.arris.Tests.TC0011_Test_SignUp_Onboard_And_Test_SBC.Verify_WAN_Settings_WAN_IP_Configuration_IPv6_Stateful_UI_Page()'><b>Verify_WAN_Settings_WAN_IP_Configuration_IPv6_Stateful_UI_Page</b><br>Test class: com.cs.arris.Tests.TC0011_Test_SignUp_Onboard_And_Test_SBC</td>
<td></td>
<td>6</td>
<td>com.cs.arris.Tests.TC0011_Test_SignUp_Onboard_And_Test_SBC@1750fbeb</td></tr>
<tr>
<td title='com.cs.arris.Tests.TC0011_Test_SignUp_Onboard_And_Test_SBC.Edit_LAN_Subnet_Configuration_Octets()'><b>Edit_LAN_Subnet_Configuration_Octets</b><br>Test class: com.cs.arris.Tests.TC0011_Test_SignUp_Onboard_And_Test_SBC</td>
<td></td>
<td>35</td>
<td>com.cs.arris.Tests.TC0011_Test_SignUp_Onboard_And_Test_SBC@1750fbeb</td></tr>
<tr>
<td title='com.cs.arris.Tests.TC0011_Test_SignUp_Onboard_And_Test_SBC.Verify_FAQ_Page()'><b>Verify_FAQ_Page</b><br>Test class: com.cs.arris.Tests.TC0011_Test_SignUp_Onboard_And_Test_SBC</td>
<td></td>
<td>5</td>
<td>com.cs.arris.Tests.TC0011_Test_SignUp_Onboard_And_Test_SBC@1750fbeb</td></tr>
<tr>
<td title='com.cs.arris.Tests.TC0011_Test_SignUp_Onboard_And_Test_SBC.Verify_Install_Right_Satellite()'><b>Verify_Install_Right_Satellite</b><br>Test class: com.cs.arris.Tests.TC0011_Test_SignUp_Onboard_And_Test_SBC</td>
<td></td>
<td>430</td>
<td>com.cs.arris.Tests.TC0011_Test_SignUp_Onboard_And_Test_SBC@1750fbeb</td></tr>
<tr>
<td title='com.cs.arris.Tests.TC0011_Test_SignUp_Onboard_And_Test_SBC.Verify_Notifications_Page()'><b>Verify_Notifications_Page</b><br>Test class: com.cs.arris.Tests.TC0011_Test_SignUp_Onboard_And_Test_SBC</td>
<td></td>
<td>1</td>
<td>com.cs.arris.Tests.TC0011_Test_SignUp_Onboard_And_Test_SBC@1750fbeb</td></tr>
<tr>
<td title='com.cs.arris.Tests.TC0011_Test_SignUp_Onboard_And_Test_SBC.Verify_Hamburger_Menu_About_UI_Page()'><b>Verify_Hamburger_Menu_About_UI_Page</b><br>Test class: com.cs.arris.Tests.TC0011_Test_SignUp_Onboard_And_Test_SBC</td>
<td></td>
<td>3</td>
<td>com.cs.arris.Tests.TC0011_Test_SignUp_Onboard_And_Test_SBC@1750fbeb</td></tr>
<tr>
<td title='com.cs.arris.Tests.TC0011_Test_SignUp_Onboard_And_Test_SBC.Verify_Satellite_Link_Rate_Sensitivity_High()'><b>Verify_Satellite_Link_Rate_Sensitivity_High</b><br>Test class: com.cs.arris.Tests.TC0011_Test_SignUp_Onboard_And_Test_SBC</td>
<td></td>
<td>17</td>
<td>com.cs.arris.Tests.TC0011_Test_SignUp_Onboard_And_Test_SBC@1750fbeb</td></tr>
<tr>
<td title='com.cs.arris.Tests.TC0011_Test_SignUp_Onboard_And_Test_SBC.Verify_WAN_Settings_WAN_IP_Configuration_IPv6_Stateless_UI_Page()'><b>Verify_WAN_Settings_WAN_IP_Configuration_IPv6_Stateless_UI_Page</b><br>Test class: com.cs.arris.Tests.TC0011_Test_SignUp_Onboard_And_Test_SBC</td>
<td></td>
<td>4</td>
<td>com.cs.arris.Tests.TC0011_Test_SignUp_Onboard_And_Test_SBC@1750fbeb</td></tr>
<tr>
<td title='com.cs.arris.Tests.TC0011_Test_SignUp_Onboard_And_Test_SBC.Verify_Enable_AFFS_Feature()'><b>Verify_Enable_AFFS_Feature</b><br>Test class: com.cs.arris.Tests.TC0011_Test_SignUp_Onboard_And_Test_SBC</td>
<td></td>
<td>2</td>
<td>com.cs.arris.Tests.TC0011_Test_SignUp_Onboard_And_Test_SBC@1750fbeb</td></tr>
<tr>
<td title='com.cs.arris.Tests.TC0011_Test_SignUp_Onboard_And_Test_SBC.Verify_Add_Custom_Schedule_Select_Stop_Time()'><b>Verify_Add_Custom_Schedule_Select_Stop_Time</b><br>Test class: com.cs.arris.Tests.TC0011_Test_SignUp_Onboard_And_Test_SBC</td>
<td></td>
<td>9</td>
<td>com.cs.arris.Tests.TC0011_Test_SignUp_Onboard_And_Test_SBC@1750fbeb</td></tr>
<tr>
<td title='com.cs.arris.Tests.TC0011_Test_SignUp_Onboard_And_Test_SBC.Verify_User_Guide_Page()'><b>Verify_User_Guide_Page</b><br>Test class: com.cs.arris.Tests.TC0011_Test_SignUp_Onboard_And_Test_SBC</td>
<td></td>
<td>7</td>
<td>com.cs.arris.Tests.TC0011_Test_SignUp_Onboard_And_Test_SBC@1750fbeb</td></tr>
<tr>
<td title='com.cs.arris.Tests.TC0011_Test_SignUp_Onboard_And_Test_SBC.Verify_Online_Devices_Details()'><b>Verify_Online_Devices_Details</b><br>Test class: com.cs.arris.Tests.TC0011_Test_SignUp_Onboard_And_Test_SBC</td>
<td></td>
<td>136</td>
<td>com.cs.arris.Tests.TC0011_Test_SignUp_Onboard_And_Test_SBC@1750fbeb</td></tr>
<tr>
<td title='com.cs.arris.Tests.TC0011_Test_SignUp_Onboard_And_Test_SBC.Verify_Add_Device_Menu()'><b>Verify_Add_Device_Menu</b><br>Test class: com.cs.arris.Tests.TC0011_Test_SignUp_Onboard_And_Test_SBC</td>
<td></td>
<td>157</td>
<td>com.cs.arris.Tests.TC0011_Test_SignUp_Onboard_And_Test_SBC@1750fbeb</td></tr>
<tr>
<td title='com.cs.arris.Tests.TC0011_Test_SignUp_Onboard_And_Test_SBC.Verify_Select_Stop_Time_For_EveryDay_Schedule()'><b>Verify_Select_Stop_Time_For_EveryDay_Schedule</b><br>Test class: com.cs.arris.Tests.TC0011_Test_SignUp_Onboard_And_Test_SBC</td>
<td></td>
<td>7</td>
<td>com.cs.arris.Tests.TC0011_Test_SignUp_Onboard_And_Test_SBC@1750fbeb</td></tr>
<tr>
<td title='com.cs.arris.Tests.TC0011_Test_SignUp_Onboard_And_Test_SBC.Verify_Connected_Device_Signal_Strength_Sensitivity_Low()'><b>Verify_Connected_Device_Signal_Strength_Sensitivity_Low</b><br>Test class: com.cs.arris.Tests.TC0011_Test_SignUp_Onboard_And_Test_SBC</td>
<td></td>
<td>18</td>
<td>com.cs.arris.Tests.TC0011_Test_SignUp_Onboard_And_Test_SBC@1750fbeb</td></tr>
<tr>
<td title='com.cs.arris.Tests.TC0011_Test_SignUp_Onboard_And_Test_SBC.Verify_Devices_UI_Page()'><b>Verify_Devices_UI_Page</b><br>Test class: com.cs.arris.Tests.TC0011_Test_SignUp_Onboard_And_Test_SBC</td>
<td></td>
<td>62</td>
<td>com.cs.arris.Tests.TC0011_Test_SignUp_Onboard_And_Test_SBC@1750fbeb</td></tr>
<tr>
<td title='com.cs.arris.Tests.TC0011_Test_SignUp_Onboard_And_Test_SBC.Verify_Edit_LAN_Subnet_DHCP_Range_Configuration_Page()'><b>Verify_Edit_LAN_Subnet_DHCP_Range_Configuration_Page</b><br>Test class: com.cs.arris.Tests.TC0011_Test_SignUp_Onboard_And_Test_SBC</td>
<td></td>
<td>46</td>
<td>com.cs.arris.Tests.TC0011_Test_SignUp_Onboard_And_Test_SBC@1750fbeb</td></tr>
<tr>
<td title='com.cs.arris.Tests.TC0011_Test_SignUp_Onboard_And_Test_SBC.Verify_Devices_Count_Validation_On_5GHz_Tab_Page()'><b>Verify_Devices_Count_Validation_On_5GHz_Tab_Page</b><br>Test class: com.cs.arris.Tests.TC0011_Test_SignUp_Onboard_And_Test_SBC</td>
<td></td>
<td>0</td>
<td>com.cs.arris.Tests.TC0011_Test_SignUp_Onboard_And_Test_SBC@1750fbeb</td></tr>
<tr>
<td title='com.cs.arris.Tests.TC0011_Test_SignUp_Onboard_And_Test_SBC.Verify_Home_Speed_Test_History_Page()'><b>Verify_Home_Speed_Test_History_Page</b><br>Test class: com.cs.arris.Tests.TC0011_Test_SignUp_Onboard_And_Test_SBC</td>
<td></td>
<td>84</td>
<td>com.cs.arris.Tests.TC0011_Test_SignUp_Onboard_And_Test_SBC@1750fbeb</td></tr>
<tr>
<td title='com.cs.arris.Tests.TC0011_Test_SignUp_Onboard_And_Test_SBC.Verify_LAN_Settings_LAN_DHCP_Lease_Time_UI_Page()'><b>Verify_LAN_Settings_LAN_DHCP_Lease_Time_UI_Page</b><br>Test class: com.cs.arris.Tests.TC0011_Test_SignUp_Onboard_And_Test_SBC</td>
<td></td>
<td>1</td>
<td>com.cs.arris.Tests.TC0011_Test_SignUp_Onboard_And_Test_SBC@1750fbeb</td></tr>
<tr>
<td title='com.cs.arris.Tests.TC0011_Test_SignUp_Onboard_And_Test_SBC.Verify_Guest_WiFi_Network_Page()'><b>Verify_Guest_WiFi_Network_Page</b><br>Test class: com.cs.arris.Tests.TC0011_Test_SignUp_Onboard_And_Test_SBC</td>
<td></td>
<td>129</td>
<td>com.cs.arris.Tests.TC0011_Test_SignUp_Onboard_And_Test_SBC@1750fbeb</td></tr>
<tr>
<td title='com.cs.arris.Tests.TC0011_Test_SignUp_Onboard_And_Test_SBC.Verify_ISP_Speed_Link_Rate_Sensitivity_Low()'><b>Verify_ISP_Speed_Link_Rate_Sensitivity_Low</b><br>Test class: com.cs.arris.Tests.TC0011_Test_SignUp_Onboard_And_Test_SBC</td>
<td></td>
<td>18</td>
<td>com.cs.arris.Tests.TC0011_Test_SignUp_Onboard_And_Test_SBC@1750fbeb</td></tr>
<tr>
<td title='com.cs.arris.Tests.TC0011_Test_SignUp_Onboard_And_Test_SBC.Verify_Specifications_Page()'><b>Verify_Specifications_Page</b><br>Test class: com.cs.arris.Tests.TC0011_Test_SignUp_Onboard_And_Test_SBC</td>
<td></td>
<td>8</td>
<td>com.cs.arris.Tests.TC0011_Test_SignUp_Onboard_And_Test_SBC@1750fbeb</td></tr>
<tr>
<td title='com.cs.arris.Tests.TC0011_Test_SignUp_Onboard_And_Test_SBC.Verify_Connected_Devices_On_24GHz_Tab_Page()'><b>Verify_Connected_Devices_On_24GHz_Tab_Page</b><br>Test class: com.cs.arris.Tests.TC0011_Test_SignUp_Onboard_And_Test_SBC</td>
<td></td>
<td>0</td>
<td>com.cs.arris.Tests.TC0011_Test_SignUp_Onboard_And_Test_SBC@1750fbeb</td></tr>
<tr>
<td title='com.cs.arris.Tests.TC0011_Test_SignUp_Onboard_And_Test_SBC.Verify_Devices_Count_Validation_On_24GHz_Tab_Page()'><b>Verify_Devices_Count_Validation_On_24GHz_Tab_Page</b><br>Test class: com.cs.arris.Tests.TC0011_Test_SignUp_Onboard_And_Test_SBC</td>
<td></td>
<td>0</td>
<td>com.cs.arris.Tests.TC0011_Test_SignUp_Onboard_And_Test_SBC@1750fbeb</td></tr>
<tr>
<td title='com.cs.arris.Tests.TC0011_Test_SignUp_Onboard_And_Test_SBC.Verify_Editing_Device_Name()'><b>Verify_Editing_Device_Name</b><br>Test class: com.cs.arris.Tests.TC0011_Test_SignUp_Onboard_And_Test_SBC</td>
<td></td>
<td>36</td>
<td>com.cs.arris.Tests.TC0011_Test_SignUp_Onboard_And_Test_SBC@1750fbeb</td></tr>
<tr>
<td title='com.cs.arris.Tests.TC0011_Test_SignUp_Onboard_And_Test_SBC.Verify_WAN_Settings_LAC_Alert_Dialog()'><b>Verify_WAN_Settings_LAC_Alert_Dialog</b><br>Test class: com.cs.arris.Tests.TC0011_Test_SignUp_Onboard_And_Test_SBC</td>
<td></td>
<td>1</td>
<td>com.cs.arris.Tests.TC0011_Test_SignUp_Onboard_And_Test_SBC@1750fbeb</td></tr>
<tr>
<td title='com.cs.arris.Tests.TC0011_Test_SignUp_Onboard_And_Test_SBC.Verify_General_Settings_Port_Forwarding_Page()'><b>Verify_General_Settings_Port_Forwarding_Page</b><br>Test class: com.cs.arris.Tests.TC0011_Test_SignUp_Onboard_And_Test_SBC</td>
<td></td>
<td>16</td>
<td>com.cs.arris.Tests.TC0011_Test_SignUp_Onboard_And_Test_SBC@1750fbeb</td></tr>
<tr>
<td title='com.cs.arris.Tests.TC0011_Test_SignUp_Onboard_And_Test_SBC.Verify_LAN_Settings_LAN_DHCP_Set_Lease_Time_Page()'><b>Verify_LAN_Settings_LAN_DHCP_Set_Lease_Time_Page</b><br>Test class: com.cs.arris.Tests.TC0011_Test_SignUp_Onboard_And_Test_SBC</td>
<td></td>
<td>158</td>
<td>com.cs.arris.Tests.TC0011_Test_SignUp_Onboard_And_Test_SBC@1750fbeb</td></tr>
<tr>
<td title='com.cs.arris.Tests.TC0011_Test_SignUp_Onboard_And_Test_SBC.Verify_Main_Device_UI_On_24GHz_Tab_Page()'><b>Verify_Main_Device_UI_On_24GHz_Tab_Page</b><br>Test class: com.cs.arris.Tests.TC0011_Test_SignUp_Onboard_And_Test_SBC</td>
<td></td>
<td>0</td>
<td>com.cs.arris.Tests.TC0011_Test_SignUp_Onboard_And_Test_SBC@1750fbeb</td></tr>
<tr>
<td title='com.cs.arris.Tests.TC0011_Test_SignUp_Onboard_And_Test_SBC.Verify_Main_Device_UI_On_Ethernet_Tab_Page()'><b>Verify_Main_Device_UI_On_Ethernet_Tab_Page</b><br>Test class: com.cs.arris.Tests.TC0011_Test_SignUp_Onboard_And_Test_SBC</td>
<td></td>
<td>0</td>
<td>com.cs.arris.Tests.TC0011_Test_SignUp_Onboard_And_Test_SBC@1750fbeb</td></tr>
<tr>
<td title='com.cs.arris.Tests.TC0011_Test_SignUp_Onboard_And_Test_SBC.Verify_Hamburger_Surfboard_FAQ_Help_Page()'><b>Verify_Hamburger_Surfboard_FAQ_Help_Page</b><br>Test class: com.cs.arris.Tests.TC0011_Test_SignUp_Onboard_And_Test_SBC</td>
<td></td>
<td>8</td>
<td>com.cs.arris.Tests.TC0011_Test_SignUp_Onboard_And_Test_SBC@1750fbeb</td></tr>
<tr>
<td title='com.cs.arris.Tests.TC0011_Test_SignUp_Onboard_And_Test_SBC.Verify_Time_Zone_Settings_UI_Page()'><b>Verify_Time_Zone_Settings_UI_Page</b><br>Test class: com.cs.arris.Tests.TC0011_Test_SignUp_Onboard_And_Test_SBC</td>
<td></td>
<td>7</td>
<td>com.cs.arris.Tests.TC0011_Test_SignUp_Onboard_And_Test_SBC@1750fbeb</td></tr>
<tr>
<td title='com.cs.arris.Tests.TC0011_Test_SignUp_Onboard_And_Test_SBC.Verify_Devices_Count_Validation_On_Ethernet_Tab_Page()'><b>Verify_Devices_Count_Validation_On_Ethernet_Tab_Page</b><br>Test class: com.cs.arris.Tests.TC0011_Test_SignUp_Onboard_And_Test_SBC</td>
<td></td>
<td>0</td>
<td>com.cs.arris.Tests.TC0011_Test_SignUp_Onboard_And_Test_SBC@1750fbeb</td></tr>
<tr>
<td title='com.cs.arris.Tests.TC0011_Test_SignUp_Onboard_And_Test_SBC.Verify_Hamburger_Menu_About_License_Page()'><b>Verify_Hamburger_Menu_About_License_Page</b><br>Test class: com.cs.arris.Tests.TC0011_Test_SignUp_Onboard_And_Test_SBC</td>
<td></td>
<td>8</td>
<td>com.cs.arris.Tests.TC0011_Test_SignUp_Onboard_And_Test_SBC@1750fbeb</td></tr>
<tr>
<td title='com.cs.arris.Tests.TC0011_Test_SignUp_Onboard_And_Test_SBC.Verify_Remove_Device_Page()'><b>Verify_Remove_Device_Page</b><br>Test class: com.cs.arris.Tests.TC0011_Test_SignUp_Onboard_And_Test_SBC</td>
<td></td>
<td>9</td>
<td>com.cs.arris.Tests.TC0011_Test_SignUp_Onboard_And_Test_SBC@1750fbeb</td></tr>
<tr>
<td title='com.cs.arris.Tests.TC0011_Test_SignUp_Onboard_And_Test_SBC.Verify_Connected_Devices_On_5GHz_Tab_Page()'><b>Verify_Connected_Devices_On_5GHz_Tab_Page</b><br>Test class: com.cs.arris.Tests.TC0011_Test_SignUp_Onboard_And_Test_SBC</td>
<td></td>
<td>8</td>
<td>com.cs.arris.Tests.TC0011_Test_SignUp_Onboard_And_Test_SBC@1750fbeb</td></tr>
</table><p>
</body>
</html>