<?xml version="1.0" encoding="UTF-8"?>
<!-- Generated by org.testng.reporters.JUnitXMLReporter -->
<testsuite ignored="32" hostname="aaf-6gtpnf2.commscope.com" failures="4" tests="4" name="Simple_Tests(failed)" time="51.172" errors="0" timestamp="2021-12-02T13:28:17 IST">
  <testcase classname="com.cs.arris.Tests.TC01_Simple_Test" name="Verify_Add_Device_Menu" time="21.842">
    <failure type="org.openqa.selenium.NoSuchElementException" message="Can&amp;apos;t locate an element by this strategy: By.chained({By.all({By.xpath: //android.widget.TextView[@resource-id=&amp;apos;com.arris.sbcBeta:id/txtToolBarTitle],By.xpath: //android.widget.Button[@bounds=&amp;apos;[474,149][606,223]&amp;apos;],By.id: com.arris.sbcBeta:id/txtToolBarTitle})})">
      <![CDATA[org.openqa.selenium.NoSuchElementException: Can't locate an element by this strategy: By.chained({By.all({By.xpath: //android.widget.TextView[@resource-id='com.arris.sbcBeta:id/txtToolBarTitle],By.xpath: //android.widget.Button[@bounds='[474,149][606,223]'],By.id: com.arris.sbcBeta:id/txtToolBarTitle})})
at io.appium.java_client.pagefactory.AppiumElementLocator.findElement(AppiumElementLocator.java:126)
at io.appium.java_client.pagefactory.interceptors.InterceptorOfASingleElement.intercept(InterceptorOfASingleElement.java:59)
at io.appium.java_client.android.AndroidElement$$EnhancerByCGLIB$$b598166c.isDisplayed(<generated>)
at com.cs.arris.Pages.HomePage.isAt(HomePage.java:625)
at com.cs.arris.Tests.TC01_Simple_Test.Verify_Add_Device_Menu(TC01_Simple_Test.java:459)
at java.base/java.util.ArrayList.forEach(ArrayList.java:1540)
Caused by: org.openqa.selenium.TimeoutException: Expected condition failed: waiting for io.appium.java_client.pagefactory.AppiumElementLocator$WaitingFunction@7e53339 (tried for 1 second(s) with 500 milliseconds interval)
at org.openqa.selenium.support.ui.FluentWait.timeoutException(FluentWait.java:304)
at org.openqa.selenium.support.ui.FluentWait.until(FluentWait.java:272)
at io.appium.java_client.pagefactory.AppiumElementLocator.waitFor(AppiumElementLocator.java:99)
at io.appium.java_client.pagefactory.AppiumElementLocator.findElement(AppiumElementLocator.java:119)
... 32 more
Caused by: org.openqa.selenium.NoSuchElementException: Cannot locate an element using By.chained({By.all({By.xpath: //android.widget.TextView[@resource-id='com.arris.sbcBeta:id/txtToolBarTitle],By.xpath: //android.widget.Button[@bounds='[474,149][606,223]'],By.id: com.arris.sbcBeta:id/txtToolBarTitle})})
For documentation on this error, please visit: https://www.seleniumhq.org/exceptions/no_such_element.html
Build info: version: '3.141.59', revision: 'e82be7d358', time: '2018-11-14T08:17:03'
System info: host: 'aaf-6gtpnf2.commscope.com', ip: '10.45.189.161', os.name: 'Mac OS X', os.arch: 'x86_64', os.version: '10.16', java.version: '11.0.2'
Driver info: driver.version: AndroidDriver
at io.appium.java_client.pagefactory.bys.builder.ByChained.findElement(ByChained.java:74)
at org.openqa.selenium.remote.RemoteWebDriver.findElement(RemoteWebDriver.java:315)
at io.appium.java_client.DefaultGenericMobileDriver.findElement(DefaultGenericMobileDriver.java:57)
at io.appium.java_client.AppiumDriver.findElement(AppiumDriver.java:1)
at io.appium.java_client.android.AndroidDriver.findElement(AndroidDriver.java:1)
at io.appium.java_client.pagefactory.bys.ContentMappedBy.findElement(ContentMappedBy.java:50)
at org.openqa.selenium.remote.RemoteWebDriver.findElement(RemoteWebDriver.java:315)
at io.appium.java_client.DefaultGenericMobileDriver.findElement(DefaultGenericMobileDriver.java:57)
at io.appium.java_client.AppiumDriver.findElement(AppiumDriver.java:1)
at io.appium.java_client.android.AndroidDriver.findElement(AndroidDriver.java:1)
at io.appium.java_client.pagefactory.AppiumElementLocator.lambda$0(AppiumElementLocator.java:120)
at io.appium.java_client.pagefactory.AppiumElementLocator$WaitingFunction.apply(AppiumElementLocator.java:172)
at io.appium.java_client.pagefactory.AppiumElementLocator$WaitingFunction.apply(AppiumElementLocator.java:1)
at org.openqa.selenium.support.ui.FluentWait.until(FluentWait.java:249)
... 34 more
... Removed 27 stack frames]]>
    </failure>
  </testcase> <!-- Verify_Add_Device_Menu -->
  <testcase classname="com.cs.arris.Tests.TC01_Simple_Test" name="Verify_Cable_Modem_Tab" time="5.557">
    <failure type="org.openqa.selenium.NoSuchElementException" message="Can&amp;apos;t locate an element by this strategy: By.chained({By.id: com.arris.sbcBeta:id/txtToolBarTitle})">
      <![CDATA[org.openqa.selenium.NoSuchElementException: Can't locate an element by this strategy: By.chained({By.id: com.arris.sbcBeta:id/txtToolBarTitle})
at io.appium.java_client.pagefactory.AppiumElementLocator.findElement(AppiumElementLocator.java:126)
at io.appium.java_client.pagefactory.interceptors.InterceptorOfASingleElement.intercept(InterceptorOfASingleElement.java:59)
at io.appium.java_client.android.AndroidElement$$EnhancerByCGLIB$$b598166c.isDisplayed(<generated>)
at com.cs.arris.Pages.AddDeviceHomePage.isAt(AddDeviceHomePage.java:270)
at com.cs.arris.Tests.TC01_Simple_Test.Verify_Cable_Modem_Tab(TC01_Simple_Test.java:515)
at java.base/java.util.ArrayList.forEach(ArrayList.java:1540)
Caused by: org.openqa.selenium.TimeoutException: Expected condition failed: waiting for io.appium.java_client.pagefactory.AppiumElementLocator$WaitingFunction@707b1a44 (tried for 1 second(s) with 500 milliseconds interval)
at org.openqa.selenium.support.ui.FluentWait.timeoutException(FluentWait.java:304)
at org.openqa.selenium.support.ui.FluentWait.until(FluentWait.java:272)
at io.appium.java_client.pagefactory.AppiumElementLocator.waitFor(AppiumElementLocator.java:99)
at io.appium.java_client.pagefactory.AppiumElementLocator.findElement(AppiumElementLocator.java:119)
... 32 more
Caused by: org.openqa.selenium.NoSuchElementException: Cannot locate an element using By.chained({By.id: com.arris.sbcBeta:id/txtToolBarTitle})
For documentation on this error, please visit: https://www.seleniumhq.org/exceptions/no_such_element.html
Build info: version: '3.141.59', revision: 'e82be7d358', time: '2018-11-14T08:17:03'
System info: host: 'aaf-6gtpnf2.commscope.com', ip: '10.45.189.161', os.name: 'Mac OS X', os.arch: 'x86_64', os.version: '10.16', java.version: '11.0.2'
Driver info: driver.version: AndroidDriver
at io.appium.java_client.pagefactory.bys.builder.ByChained.findElement(ByChained.java:74)
at org.openqa.selenium.remote.RemoteWebDriver.findElement(RemoteWebDriver.java:315)
at io.appium.java_client.DefaultGenericMobileDriver.findElement(DefaultGenericMobileDriver.java:57)
at io.appium.java_client.AppiumDriver.findElement(AppiumDriver.java:1)
at io.appium.java_client.android.AndroidDriver.findElement(AndroidDriver.java:1)
at io.appium.java_client.pagefactory.bys.ContentMappedBy.findElement(ContentMappedBy.java:50)
at org.openqa.selenium.remote.RemoteWebDriver.findElement(RemoteWebDriver.java:315)
at io.appium.java_client.DefaultGenericMobileDriver.findElement(DefaultGenericMobileDriver.java:57)
at io.appium.java_client.AppiumDriver.findElement(AppiumDriver.java:1)
at io.appium.java_client.android.AndroidDriver.findElement(AndroidDriver.java:1)
at io.appium.java_client.pagefactory.AppiumElementLocator.lambda$0(AppiumElementLocator.java:120)
at io.appium.java_client.pagefactory.AppiumElementLocator$WaitingFunction.apply(AppiumElementLocator.java:172)
at io.appium.java_client.pagefactory.AppiumElementLocator$WaitingFunction.apply(AppiumElementLocator.java:1)
at org.openqa.selenium.support.ui.FluentWait.until(FluentWait.java:249)
... 34 more
... Removed 27 stack frames]]>
    </failure>
  </testcase> <!-- Verify_Cable_Modem_Tab -->
  <testcase classname="com.cs.arris.Tests.TC01_Simple_Test" name="Verify_Max_Router_Tab" time="5.501">
    <failure type="org.openqa.selenium.NoSuchElementException" message="Can&amp;apos;t locate an element by this strategy: By.chained({By.id: com.arris.sbcBeta:id/tv_mesh})">
      <![CDATA[org.openqa.selenium.NoSuchElementException: Can't locate an element by this strategy: By.chained({By.id: com.arris.sbcBeta:id/tv_mesh})
at io.appium.java_client.pagefactory.AppiumElementLocator.findElement(AppiumElementLocator.java:126)
at io.appium.java_client.pagefactory.interceptors.InterceptorOfASingleElement.intercept(InterceptorOfASingleElement.java:59)
at io.appium.java_client.android.AndroidElement$$EnhancerByCGLIB$$b598166c.isDisplayed(<generated>)
at com.cs.arris.Pages.AddDeviceHomePage.clickMaxRouterTab(AddDeviceHomePage.java:181)
at com.cs.arris.Tests.TC01_Simple_Test.Verify_Max_Router_Tab(TC01_Simple_Test.java:524)
at java.base/java.util.ArrayList.forEach(ArrayList.java:1540)
Caused by: org.openqa.selenium.TimeoutException: Expected condition failed: waiting for io.appium.java_client.pagefactory.AppiumElementLocator$WaitingFunction@235d29d6 (tried for 1 second(s) with 500 milliseconds interval)
at org.openqa.selenium.support.ui.FluentWait.timeoutException(FluentWait.java:304)
at org.openqa.selenium.support.ui.FluentWait.until(FluentWait.java:272)
at io.appium.java_client.pagefactory.AppiumElementLocator.waitFor(AppiumElementLocator.java:99)
at io.appium.java_client.pagefactory.AppiumElementLocator.findElement(AppiumElementLocator.java:119)
... 32 more
Caused by: org.openqa.selenium.NoSuchElementException: Cannot locate an element using By.chained({By.id: com.arris.sbcBeta:id/tv_mesh})
For documentation on this error, please visit: https://www.seleniumhq.org/exceptions/no_such_element.html
Build info: version: '3.141.59', revision: 'e82be7d358', time: '2018-11-14T08:17:03'
System info: host: 'aaf-6gtpnf2.commscope.com', ip: '10.45.189.161', os.name: 'Mac OS X', os.arch: 'x86_64', os.version: '10.16', java.version: '11.0.2'
Driver info: driver.version: AndroidDriver
at io.appium.java_client.pagefactory.bys.builder.ByChained.findElement(ByChained.java:74)
at org.openqa.selenium.remote.RemoteWebDriver.findElement(RemoteWebDriver.java:315)
at io.appium.java_client.DefaultGenericMobileDriver.findElement(DefaultGenericMobileDriver.java:57)
at io.appium.java_client.AppiumDriver.findElement(AppiumDriver.java:1)
at io.appium.java_client.android.AndroidDriver.findElement(AndroidDriver.java:1)
at io.appium.java_client.pagefactory.bys.ContentMappedBy.findElement(ContentMappedBy.java:50)
at org.openqa.selenium.remote.RemoteWebDriver.findElement(RemoteWebDriver.java:315)
at io.appium.java_client.DefaultGenericMobileDriver.findElement(DefaultGenericMobileDriver.java:57)
at io.appium.java_client.AppiumDriver.findElement(AppiumDriver.java:1)
at io.appium.java_client.android.AndroidDriver.findElement(AndroidDriver.java:1)
at io.appium.java_client.pagefactory.AppiumElementLocator.lambda$0(AppiumElementLocator.java:120)
at io.appium.java_client.pagefactory.AppiumElementLocator$WaitingFunction.apply(AppiumElementLocator.java:172)
at io.appium.java_client.pagefactory.AppiumElementLocator$WaitingFunction.apply(AppiumElementLocator.java:1)
at org.openqa.selenium.support.ui.FluentWait.until(FluentWait.java:249)
... 34 more
... Removed 27 stack frames]]>
    </failure>
  </testcase> <!-- Verify_Max_Router_Tab -->
  <testcase classname="com.cs.arris.Tests.TC01_Simple_Test" name="Verify_Device_Details_Page" time="5.319">
    <failure type="org.openqa.selenium.NoSuchElementException" message="Can&amp;apos;t locate an element by this strategy: By.chained({By.id: com.arris.sbcBeta:id/txt_device_details})">
      <![CDATA[org.openqa.selenium.NoSuchElementException: Can't locate an element by this strategy: By.chained({By.id: com.arris.sbcBeta:id/txt_device_details})
at io.appium.java_client.pagefactory.AppiumElementLocator.findElement(AppiumElementLocator.java:126)
at io.appium.java_client.pagefactory.interceptors.InterceptorOfASingleElement.intercept(InterceptorOfASingleElement.java:59)
at io.appium.java_client.android.AndroidElement$$EnhancerByCGLIB$$b598166c.isDisplayed(<generated>)
at com.cs.arris.Pages.AddDeviceHomePage.clickDeviceDetailsText(AddDeviceHomePage.java:159)
at com.cs.arris.Tests.TC01_Simple_Test.Verify_Device_Details_Page(TC01_Simple_Test.java:534)
at java.base/java.util.ArrayList.forEach(ArrayList.java:1540)
Caused by: org.openqa.selenium.TimeoutException: Expected condition failed: waiting for io.appium.java_client.pagefactory.AppiumElementLocator$WaitingFunction@3fba233d (tried for 1 second(s) with 500 milliseconds interval)
at org.openqa.selenium.support.ui.FluentWait.timeoutException(FluentWait.java:304)
at org.openqa.selenium.support.ui.FluentWait.until(FluentWait.java:272)
at io.appium.java_client.pagefactory.AppiumElementLocator.waitFor(AppiumElementLocator.java:99)
at io.appium.java_client.pagefactory.AppiumElementLocator.findElement(AppiumElementLocator.java:119)
... 32 more
Caused by: org.openqa.selenium.NoSuchElementException: Cannot locate an element using By.chained({By.id: com.arris.sbcBeta:id/txt_device_details})
For documentation on this error, please visit: https://www.seleniumhq.org/exceptions/no_such_element.html
Build info: version: '3.141.59', revision: 'e82be7d358', time: '2018-11-14T08:17:03'
System info: host: 'aaf-6gtpnf2.commscope.com', ip: '10.45.189.161', os.name: 'Mac OS X', os.arch: 'x86_64', os.version: '10.16', java.version: '11.0.2'
Driver info: driver.version: AndroidDriver
at io.appium.java_client.pagefactory.bys.builder.ByChained.findElement(ByChained.java:74)
at org.openqa.selenium.remote.RemoteWebDriver.findElement(RemoteWebDriver.java:315)
at io.appium.java_client.DefaultGenericMobileDriver.findElement(DefaultGenericMobileDriver.java:57)
at io.appium.java_client.AppiumDriver.findElement(AppiumDriver.java:1)
at io.appium.java_client.android.AndroidDriver.findElement(AndroidDriver.java:1)
at io.appium.java_client.pagefactory.bys.ContentMappedBy.findElement(ContentMappedBy.java:50)
at org.openqa.selenium.remote.RemoteWebDriver.findElement(RemoteWebDriver.java:315)
at io.appium.java_client.DefaultGenericMobileDriver.findElement(DefaultGenericMobileDriver.java:57)
at io.appium.java_client.AppiumDriver.findElement(AppiumDriver.java:1)
at io.appium.java_client.android.AndroidDriver.findElement(AndroidDriver.java:1)
at io.appium.java_client.pagefactory.AppiumElementLocator.lambda$0(AppiumElementLocator.java:120)
at io.appium.java_client.pagefactory.AppiumElementLocator$WaitingFunction.apply(AppiumElementLocator.java:172)
at io.appium.java_client.pagefactory.AppiumElementLocator$WaitingFunction.apply(AppiumElementLocator.java:1)
at org.openqa.selenium.support.ui.FluentWait.until(FluentWait.java:249)
... 34 more
... Removed 27 stack frames]]>
    </failure>
  </testcase> <!-- Verify_Device_Details_Page -->
  <testcase classname="com.cs.arris.Tests.TC01_Simple_Test" name="Verify_Get_Alexa_Skills_Drop_Down_Box" time="0.0">
    <ignored/>
  </testcase> <!-- Verify_Get_Alexa_Skills_Drop_Down_Box -->
  <testcase classname="com.cs.arris.Tests.TC01_Simple_Test" name="Verify_Home_UI_Page" time="0.0">
    <ignored/>
  </testcase> <!-- Verify_Home_UI_Page -->
  <testcase classname="com.cs.arris.Tests.TC01_Simple_Test" name="Verify_Hamburger_Menu_Page" time="0.0">
    <ignored/>
  </testcase> <!-- Verify_Hamburger_Menu_Page -->
  <testcase classname="com.cs.arris.Tests.TC01_Simple_Test" name="Verify_Amazon_Feature_Help_Page" time="0.0">
    <ignored/>
  </testcase> <!-- Verify_Amazon_Feature_Help_Page -->
  <testcase classname="com.cs.arris.Tests.TC01_Simple_Test" name="Verify_Home_Hamburger_Navigation" time="0.0">
    <ignored/>
  </testcase> <!-- Verify_Home_Hamburger_Navigation -->
  <testcase classname="com.cs.arris.Tests.TC01_Simple_Test" name="Verify_Amazon_Features_UI_Page" time="0.0">
    <ignored/>
  </testcase> <!-- Verify_Amazon_Features_UI_Page -->
  <testcase classname="com.cs.arris.Tests.TC01_Simple_Test" name="Verify_Remove_Device_Page" time="0.0">
    <ignored/>
  </testcase> <!-- Verify_Remove_Device_Page -->
  <testcase classname="com.cs.arris.Tests.TC01_Simple_Test" name="Verify_Specifications_Page" time="0.0">
    <ignored/>
  </testcase> <!-- Verify_Specifications_Page -->
  <testcase classname="com.cs.arris.Tests.TC01_Simple_Test" name="Verify_Hamburger_Surfboard_Self_Help_Page" time="0.0">
    <ignored/>
  </testcase> <!-- Verify_Hamburger_Surfboard_Self_Help_Page -->
  <testcase classname="com.cs.arris.Tests.TC01_Simple_Test" name="Verify_Home_Currently_Blocked_Devices_Navigation" time="0.0">
    <ignored/>
  </testcase> <!-- Verify_Home_Currently_Blocked_Devices_Navigation -->
  <testcase classname="com.cs.arris.Tests.TC01_Simple_Test" name="Verify_Home_Device_Signal_Strength_Navigation" time="0.0">
    <ignored/>
  </testcase> <!-- Verify_Home_Device_Signal_Strength_Navigation -->
  <testcase classname="com.cs.arris.Tests.TC01_Simple_Test" name="Verify_Home_Total_Devices_Navigation" time="0.0">
    <ignored/>
  </testcase> <!-- Verify_Home_Total_Devices_Navigation -->
  <testcase classname="com.cs.arris.Tests.TC01_Simple_Test" name="Verify_Hamburger_Menu_Settings_Help_Page" time="0.0">
    <ignored/>
  </testcase> <!-- Verify_Hamburger_Menu_Settings_Help_Page -->
  <testcase classname="com.cs.arris.Tests.TC01_Simple_Test" name="Verify_Copy_Password" time="0.0">
    <ignored/>
  </testcase> <!-- Verify_Copy_Password -->
  <testcase classname="com.cs.arris.Tests.TC01_Simple_Test" name="Verify_Hamburger_Menu_About_License_Page" time="0.0">
    <ignored/>
  </testcase> <!-- Verify_Hamburger_Menu_About_License_Page -->
  <testcase classname="com.cs.arris.Tests.TC01_Simple_Test" name="Verify_Hamburger_Menu_About_UI_Page" time="0.0">
    <ignored/>
  </testcase> <!-- Verify_Hamburger_Menu_About_UI_Page -->
  <testcase classname="com.cs.arris.Tests.TC01_Simple_Test" name="Verify_FAQ_Page" time="0.0">
    <ignored/>
  </testcase> <!-- Verify_FAQ_Page -->
  <testcase classname="com.cs.arris.Tests.TC01_Simple_Test" name="Verify_Hamburger_About_Help_Page" time="0.0">
    <ignored/>
  </testcase> <!-- Verify_Hamburger_About_Help_Page -->
  <testcase classname="com.cs.arris.Tests.TC01_Simple_Test" name="Verify_Notifications_Page" time="0.0">
    <ignored/>
  </testcase> <!-- Verify_Notifications_Page -->
  <testcase classname="com.cs.arris.Tests.TC01_Simple_Test" name="Verify_Hamburger_Menu_Settings_UI_Page" time="0.0">
    <ignored/>
  </testcase> <!-- Verify_Hamburger_Menu_Settings_UI_Page -->
  <testcase classname="com.cs.arris.Tests.TC01_Simple_Test" name="Verify_User_Guide_Page" time="0.0">
    <ignored/>
  </testcase> <!-- Verify_User_Guide_Page -->
  <testcase classname="com.cs.arris.Tests.TC01_Simple_Test" name="Verify_Show_Password_Button" time="0.0">
    <ignored/>
  </testcase> <!-- Verify_Show_Password_Button -->
  <testcase classname="com.cs.arris.Tests.TC01_Simple_Test" name="Verify_Add_Additional_Device" time="0.0">
    <ignored/>
  </testcase> <!-- Verify_Add_Additional_Device -->
  <testcase classname="com.cs.arris.Tests.TC01_Simple_Test" name="Login_And_Onboard" time="0.0">
    <ignored/>
  </testcase> <!-- Login_And_Onboard -->
  <testcase classname="com.cs.arris.Tests.TC01_Simple_Test" name="Verify_Enable_AFFS_Feature" time="0.0">
    <ignored/>
  </testcase> <!-- Verify_Enable_AFFS_Feature -->
  <testcase classname="com.cs.arris.Tests.TC01_Simple_Test" name="Verify_Hamburger_Surfboard_Chat_With_US_Page" time="0.0">
    <ignored/>
  </testcase> <!-- Verify_Hamburger_Surfboard_Chat_With_US_Page -->
  <testcase classname="com.cs.arris.Tests.TC01_Simple_Test" name="Verify_Home_Speed_Test_History_Navigation" time="0.0">
    <ignored/>
  </testcase> <!-- Verify_Home_Speed_Test_History_Navigation -->
  <testcase classname="com.cs.arris.Tests.TC01_Simple_Test" name="Verify_Home_Main_Devices_Navigation" time="0.0">
    <ignored/>
  </testcase> <!-- Verify_Home_Main_Devices_Navigation -->
  <testcase classname="com.cs.arris.Tests.TC01_Simple_Test" name="Verify_Hamburger_Surfboard_Help_UI_Page" time="0.0">
    <ignored/>
  </testcase> <!-- Verify_Hamburger_Surfboard_Help_UI_Page -->
  <testcase classname="com.cs.arris.Tests.TC01_Simple_Test" name="Verify_Home_Notifications_Navigation" time="0.0">
    <ignored/>
  </testcase> <!-- Verify_Home_Notifications_Navigation -->
  <testcase classname="com.cs.arris.Tests.TC01_Simple_Test" name="Verify_Hamburger_Get_Another_Max_Page" time="0.0">
    <ignored/>
  </testcase> <!-- Verify_Hamburger_Get_Another_Max_Page -->
  <testcase classname="com.cs.arris.Tests.TC01_Simple_Test" name="Verify_Hamburger_Surfboard_FAQ_Help_Page" time="0.0">
    <ignored/>
  </testcase> <!-- Verify_Hamburger_Surfboard_FAQ_Help_Page -->
</testsuite> <!-- Simple_Tests(failed) -->
