<?xml version="1.0" encoding="utf-8" ?>
<!DOCTYPE html PUBLIC "-//W3C//DTD XHTML 1.0 Strict//EN"
        "http://www.w3.org/TR/xhtml1/DTD/xhtml1-strict.dtd">
<html xmlns="http://www.w3.org/1999/xhtml" xml:lang="" lang="">
<head>
  <title>Test Results Report - Login_And_Home_Page_Test</title>
  <meta http-equiv="Content-Type" content="text/html;charset=utf-8" />
  <meta name="description" content="TestNG unit test results." />
  <link href="reportng.css" rel="stylesheet" type="text/css" />
    <script type="text/javascript" src="reportng.js"></script>
</head>
<body>
<h1>Login_And_Home_Page_Test</h1>
<p>
  Test duration: 120.126s
</p>



  <table class="resultsTable">
    <tr><th colspan="3" class="header failed">Failed Tests</th></tr>
          <tr>
        <td colspan="3" class="group">com.cs.arris.Tests.TC52_HomePage_Test</td>
      </tr>
            
<tr>
  <td class="method">
                  Verify_HomePage
      </td>
  <td class="duration">
    93.299s
  </td>
  <td class="result">
        
    
            <div class="testOutput">
                        <a href = /Users/prabhu/eclipse-workspace/W31-Onboarding-BOBA/Screenshots/Android_RZ8M3002DGL/2021-10-29/TC52_HomePage_Test/Verify_HomePage.jpg>screenshot</a>
                  </div>
    

        <a href="javascript:toggleElement('exception-0', 'block')" title="Click to expand/collapse"><b>org.openqa.selenium.TimeoutException: Expected condition failed: waiting for visibility of Located by By.chained({By.all({By.xpath: //android.widget.Button[@resource-id=&apos;com.arris.sbcBeta:id/btn_dialog_ok&apos;],By.xpath: //android.widget.Button[@bounds=&apos;[147,1312][933,1449]&apos;],By.id: com.arris.sbcBeta:id/btn_dialog_ok})}) (tried for 10 second(s) with 500 milliseconds interval)</b></a><br />
    <div class="stackTrace" id="exception-0">
              org.openqa.selenium.support.ui.WebDriverWait.timeoutException(WebDriverWait.java:95)<br />
              org.openqa.selenium.support.ui.FluentWait.until(FluentWait.java:272)<br />
              com.cs.arris.Base.ParentClass.waitForVisibility(ParentClass.java:417)<br />
              com.cs.arris.Base.ParentClass.click(ParentClass.java:440)<br />
              com.cs.arris.Pages.HomePage.clickOkButton(HomePage.java:372)<br />
              com.cs.arris.Tests.TC52_HomePage_Test.lambda$Verify_HomePage$11(TC52_HomePage_Test.java:118)<br />
              com.cs.arris.Workflows.TC52_Login_And_HomePage_Workflow.homePage(TC52_Login_And_HomePage_Workflow.java:141)<br />
              com.cs.arris.Tests.TC52_HomePage_Test.Verify_HomePage(TC52_HomePage_Test.java:117)<br />
              java.base/jdk.internal.reflect.NativeMethodAccessorImpl.invoke0(Native Method)<br />
              java.base/jdk.internal.reflect.NativeMethodAccessorImpl.invoke(NativeMethodAccessorImpl.java:62)<br />
              java.base/jdk.internal.reflect.DelegatingMethodAccessorImpl.invoke(DelegatingMethodAccessorImpl.java:43)<br />
              java.base/java.lang.reflect.Method.invoke(Method.java:566)<br />
              org.testng.internal.MethodInvocationHelper.invokeMethod(MethodInvocationHelper.java:133)<br />
              org.testng.internal.TestInvoker.invokeMethod(TestInvoker.java:598)<br />
              org.testng.internal.TestInvoker.invokeTestMethod(TestInvoker.java:173)<br />
              org.testng.internal.MethodRunner.runInSequence(MethodRunner.java:46)<br />
              org.testng.internal.TestInvoker$MethodInvocationAgent.invoke(TestInvoker.java:824)<br />
              org.testng.internal.TestInvoker.invokeTestMethods(TestInvoker.java:146)<br />
              org.testng.internal.TestMethodWorker.invokeTestMethods(TestMethodWorker.java:146)<br />
              org.testng.internal.TestMethodWorker.run(TestMethodWorker.java:128)<br />
              java.base/java.util.ArrayList.forEach(ArrayList.java:1540)<br />
              org.testng.TestRunner.privateRun(TestRunner.java:794)<br />
              org.testng.TestRunner.run(TestRunner.java:596)<br />
              org.testng.SuiteRunner.runTest(SuiteRunner.java:377)<br />
              org.testng.SuiteRunner.runSequentially(SuiteRunner.java:371)<br />
              org.testng.SuiteRunner.privateRun(SuiteRunner.java:332)<br />
              org.testng.SuiteRunner.run(SuiteRunner.java:276)<br />
              org.testng.SuiteRunnerWorker.runSuite(SuiteRunnerWorker.java:53)<br />
              org.testng.SuiteRunnerWorker.run(SuiteRunnerWorker.java:96)<br />
              org.testng.TestNG.runSuitesSequentially(TestNG.java:1212)<br />
              org.testng.TestNG.runSuitesLocally(TestNG.java:1134)<br />
              org.testng.TestNG.runSuites(TestNG.java:1063)<br />
              org.testng.TestNG.run(TestNG.java:1031)<br />
              org.apache.maven.surefire.testng.TestNGExecutor.run(TestNGExecutor.java:283)<br />
              org.apache.maven.surefire.testng.TestNGXmlTestSuite.execute(TestNGXmlTestSuite.java:75)<br />
              org.apache.maven.surefire.testng.TestNGProvider.invoke(TestNGProvider.java:120)<br />
              org.apache.maven.surefire.booter.ForkedBooter.invokeProviderInSameClassLoader(ForkedBooter.java:384)<br />
              org.apache.maven.surefire.booter.ForkedBooter.runSuitesInProcess(ForkedBooter.java:345)<br />
              org.apache.maven.surefire.booter.ForkedBooter.execute(ForkedBooter.java:126)<br />
              org.apache.maven.surefire.booter.ForkedBooter.main(ForkedBooter.java:418)<br />
                    <b>Caused by: </b> <a href="javascript:toggleElement('exception-1', 'block')" title="Click to expand/collapse">org.openqa.selenium.NoSuchElementException: Can&apos;t locate an element by this strategy: By.chained({By.all({By.xpath: //android.widget.Button[@resource-id=&apos;com.arris.sbcBeta:id/btn_dialog_ok&apos;],By.xpath: //android.widget.Button[@bounds=&apos;[147,1312][933,1449]&apos;],By.id: com.arris.sbcBeta:id/btn_dialog_ok})})</a><br />
        <div class="stackTrace" id="exception-1">
                      io.appium.java_client.pagefactory.AppiumElementLocator.findElement(AppiumElementLocator.java:126)<br />
                      io.appium.java_client.pagefactory.interceptors.InterceptorOfASingleElement.intercept(InterceptorOfASingleElement.java:59)<br />
                      io.appium.java_client.android.AndroidElement$$EnhancerByCGLIB$$b598166c.isDisplayed(&lt;generated&gt;)<br />
                      org.openqa.selenium.support.ui.ExpectedConditions.elementIfVisible(ExpectedConditions.java:314)<br />
                      org.openqa.selenium.support.ui.ExpectedConditions.access$000(ExpectedConditions.java:43)<br />
                      org.openqa.selenium.support.ui.ExpectedConditions$10.apply(ExpectedConditions.java:300)<br />
                      org.openqa.selenium.support.ui.ExpectedConditions$10.apply(ExpectedConditions.java:297)<br />
                      org.openqa.selenium.support.ui.FluentWait.until(FluentWait.java:249)<br />
                      com.cs.arris.Base.ParentClass.waitForVisibility(ParentClass.java:417)<br />
                      com.cs.arris.Base.ParentClass.click(ParentClass.java:440)<br />
                      com.cs.arris.Pages.HomePage.clickOkButton(HomePage.java:372)<br />
                      com.cs.arris.Tests.TC52_HomePage_Test.lambda$Verify_HomePage$11(TC52_HomePage_Test.java:118)<br />
                      com.cs.arris.Workflows.TC52_Login_And_HomePage_Workflow.homePage(TC52_Login_And_HomePage_Workflow.java:141)<br />
                      com.cs.arris.Tests.TC52_HomePage_Test.Verify_HomePage(TC52_HomePage_Test.java:117)<br />
                      java.base/jdk.internal.reflect.NativeMethodAccessorImpl.invoke0(Native Method)<br />
                      java.base/jdk.internal.reflect.NativeMethodAccessorImpl.invoke(NativeMethodAccessorImpl.java:62)<br />
                      java.base/jdk.internal.reflect.DelegatingMethodAccessorImpl.invoke(DelegatingMethodAccessorImpl.java:43)<br />
                      java.base/java.lang.reflect.Method.invoke(Method.java:566)<br />
                      org.testng.internal.MethodInvocationHelper.invokeMethod(MethodInvocationHelper.java:133)<br />
                      org.testng.internal.TestInvoker.invokeMethod(TestInvoker.java:598)<br />
                      org.testng.internal.TestInvoker.invokeTestMethod(TestInvoker.java:173)<br />
                      org.testng.internal.MethodRunner.runInSequence(MethodRunner.java:46)<br />
                      org.testng.internal.TestInvoker$MethodInvocationAgent.invoke(TestInvoker.java:824)<br />
                      org.testng.internal.TestInvoker.invokeTestMethods(TestInvoker.java:146)<br />
                      org.testng.internal.TestMethodWorker.invokeTestMethods(TestMethodWorker.java:146)<br />
                      org.testng.internal.TestMethodWorker.run(TestMethodWorker.java:128)<br />
                      java.base/java.util.ArrayList.forEach(ArrayList.java:1540)<br />
                      org.testng.TestRunner.privateRun(TestRunner.java:794)<br />
                      org.testng.TestRunner.run(TestRunner.java:596)<br />
                      org.testng.SuiteRunner.runTest(SuiteRunner.java:377)<br />
                      org.testng.SuiteRunner.runSequentially(SuiteRunner.java:371)<br />
                      org.testng.SuiteRunner.privateRun(SuiteRunner.java:332)<br />
                      org.testng.SuiteRunner.run(SuiteRunner.java:276)<br />
                      org.testng.SuiteRunnerWorker.runSuite(SuiteRunnerWorker.java:53)<br />
                      org.testng.SuiteRunnerWorker.run(SuiteRunnerWorker.java:96)<br />
                      org.testng.TestNG.runSuitesSequentially(TestNG.java:1212)<br />
                      org.testng.TestNG.runSuitesLocally(TestNG.java:1134)<br />
                      org.testng.TestNG.runSuites(TestNG.java:1063)<br />
                      org.testng.TestNG.run(TestNG.java:1031)<br />
                      org.apache.maven.surefire.testng.TestNGExecutor.run(TestNGExecutor.java:283)<br />
                      org.apache.maven.surefire.testng.TestNGXmlTestSuite.execute(TestNGXmlTestSuite.java:75)<br />
                      org.apache.maven.surefire.testng.TestNGProvider.invoke(TestNGProvider.java:120)<br />
                      org.apache.maven.surefire.booter.ForkedBooter.invokeProviderInSameClassLoader(ForkedBooter.java:384)<br />
                      org.apache.maven.surefire.booter.ForkedBooter.runSuitesInProcess(ForkedBooter.java:345)<br />
                      org.apache.maven.surefire.booter.ForkedBooter.execute(ForkedBooter.java:126)<br />
                      org.apache.maven.surefire.booter.ForkedBooter.main(ForkedBooter.java:418)<br />
                  </div>
              <b>Caused by: </b> <a href="javascript:toggleElement('exception-2', 'block')" title="Click to expand/collapse">org.openqa.selenium.TimeoutException: Expected condition failed: waiting for io.appium.java_client.pagefactory.AppiumElementLocator$WaitingFunction@590f0c50 (tried for 1 second(s) with 500 milliseconds interval)</a><br />
        <div class="stackTrace" id="exception-2">
                      org.openqa.selenium.support.ui.FluentWait.timeoutException(FluentWait.java:304)<br />
                      org.openqa.selenium.support.ui.FluentWait.until(FluentWait.java:272)<br />
                      io.appium.java_client.pagefactory.AppiumElementLocator.waitFor(AppiumElementLocator.java:99)<br />
                      io.appium.java_client.pagefactory.AppiumElementLocator.findElement(AppiumElementLocator.java:119)<br />
                      io.appium.java_client.pagefactory.interceptors.InterceptorOfASingleElement.intercept(InterceptorOfASingleElement.java:59)<br />
                      io.appium.java_client.android.AndroidElement$$EnhancerByCGLIB$$b598166c.isDisplayed(&lt;generated&gt;)<br />
                      org.openqa.selenium.support.ui.ExpectedConditions.elementIfVisible(ExpectedConditions.java:314)<br />
                      org.openqa.selenium.support.ui.ExpectedConditions.access$000(ExpectedConditions.java:43)<br />
                      org.openqa.selenium.support.ui.ExpectedConditions$10.apply(ExpectedConditions.java:300)<br />
                      org.openqa.selenium.support.ui.ExpectedConditions$10.apply(ExpectedConditions.java:297)<br />
                      org.openqa.selenium.support.ui.FluentWait.until(FluentWait.java:249)<br />
                      com.cs.arris.Base.ParentClass.waitForVisibility(ParentClass.java:417)<br />
                      com.cs.arris.Base.ParentClass.click(ParentClass.java:440)<br />
                      com.cs.arris.Pages.HomePage.clickOkButton(HomePage.java:372)<br />
                      com.cs.arris.Tests.TC52_HomePage_Test.lambda$Verify_HomePage$11(TC52_HomePage_Test.java:118)<br />
                      com.cs.arris.Workflows.TC52_Login_And_HomePage_Workflow.homePage(TC52_Login_And_HomePage_Workflow.java:141)<br />
                      com.cs.arris.Tests.TC52_HomePage_Test.Verify_HomePage(TC52_HomePage_Test.java:117)<br />
                      java.base/jdk.internal.reflect.NativeMethodAccessorImpl.invoke0(Native Method)<br />
                      java.base/jdk.internal.reflect.NativeMethodAccessorImpl.invoke(NativeMethodAccessorImpl.java:62)<br />
                      java.base/jdk.internal.reflect.DelegatingMethodAccessorImpl.invoke(DelegatingMethodAccessorImpl.java:43)<br />
                      java.base/java.lang.reflect.Method.invoke(Method.java:566)<br />
                      org.testng.internal.MethodInvocationHelper.invokeMethod(MethodInvocationHelper.java:133)<br />
                      org.testng.internal.TestInvoker.invokeMethod(TestInvoker.java:598)<br />
                      org.testng.internal.TestInvoker.invokeTestMethod(TestInvoker.java:173)<br />
                      org.testng.internal.MethodRunner.runInSequence(MethodRunner.java:46)<br />
                      org.testng.internal.TestInvoker$MethodInvocationAgent.invoke(TestInvoker.java:824)<br />
                      org.testng.internal.TestInvoker.invokeTestMethods(TestInvoker.java:146)<br />
                      org.testng.internal.TestMethodWorker.invokeTestMethods(TestMethodWorker.java:146)<br />
                      org.testng.internal.TestMethodWorker.run(TestMethodWorker.java:128)<br />
                      java.base/java.util.ArrayList.forEach(ArrayList.java:1540)<br />
                      org.testng.TestRunner.privateRun(TestRunner.java:794)<br />
                      org.testng.TestRunner.run(TestRunner.java:596)<br />
                      org.testng.SuiteRunner.runTest(SuiteRunner.java:377)<br />
                      org.testng.SuiteRunner.runSequentially(SuiteRunner.java:371)<br />
                      org.testng.SuiteRunner.privateRun(SuiteRunner.java:332)<br />
                      org.testng.SuiteRunner.run(SuiteRunner.java:276)<br />
                      org.testng.SuiteRunnerWorker.runSuite(SuiteRunnerWorker.java:53)<br />
                      org.testng.SuiteRunnerWorker.run(SuiteRunnerWorker.java:96)<br />
                      org.testng.TestNG.runSuitesSequentially(TestNG.java:1212)<br />
                      org.testng.TestNG.runSuitesLocally(TestNG.java:1134)<br />
                      org.testng.TestNG.runSuites(TestNG.java:1063)<br />
                      org.testng.TestNG.run(TestNG.java:1031)<br />
                      org.apache.maven.surefire.testng.TestNGExecutor.run(TestNGExecutor.java:283)<br />
                      org.apache.maven.surefire.testng.TestNGXmlTestSuite.execute(TestNGXmlTestSuite.java:75)<br />
                      org.apache.maven.surefire.testng.TestNGProvider.invoke(TestNGProvider.java:120)<br />
                      org.apache.maven.surefire.booter.ForkedBooter.invokeProviderInSameClassLoader(ForkedBooter.java:384)<br />
                      org.apache.maven.surefire.booter.ForkedBooter.runSuitesInProcess(ForkedBooter.java:345)<br />
                      org.apache.maven.surefire.booter.ForkedBooter.execute(ForkedBooter.java:126)<br />
                      org.apache.maven.surefire.booter.ForkedBooter.main(ForkedBooter.java:418)<br />
                  </div>
              <b>Caused by: </b> <a href="javascript:toggleElement('exception-3', 'block')" title="Click to expand/collapse">org.openqa.selenium.NoSuchElementException: Cannot locate an element using By.chained({By.all({By.xpath: //android.widget.Button[@resource-id=&apos;com.arris.sbcBeta:id/btn_dialog_ok&apos;],By.xpath: //android.widget.Button[@bounds=&apos;[147,1312][933,1449]&apos;],By.id: com.arris.sbcBeta:id/btn_dialog_ok})})<br/>
For documentation on this error, please visit: https://www.seleniumhq.org/exceptions/no_such_element.html<br/>
Build info: version: &apos;3.141.59&apos;, revision: &apos;e82be7d358&apos;, time: &apos;2018-11-14T08:17:03&apos;<br/>
System info: host: &apos;techleads-Mac-mini.local&apos;, ip: &apos;192.168.0.131&apos;, os.name: &apos;Mac OS X&apos;, os.arch: &apos;x86_64&apos;, os.version: &apos;10.16&apos;, java.version: &apos;11.0.2&apos;<br/>
Driver info: driver.version: AndroidDriver</a><br />
        <div class="stackTrace" id="exception-3">
                      io.appium.java_client.pagefactory.bys.builder.ByChained.findElement(ByChained.java:74)<br />
                      org.openqa.selenium.remote.RemoteWebDriver.findElement(RemoteWebDriver.java:315)<br />
                      io.appium.java_client.DefaultGenericMobileDriver.findElement(DefaultGenericMobileDriver.java:57)<br />
                      io.appium.java_client.AppiumDriver.findElement(AppiumDriver.java:1)<br />
                      io.appium.java_client.android.AndroidDriver.findElement(AndroidDriver.java:1)<br />
                      io.appium.java_client.pagefactory.bys.ContentMappedBy.findElement(ContentMappedBy.java:50)<br />
                      org.openqa.selenium.remote.RemoteWebDriver.findElement(RemoteWebDriver.java:315)<br />
                      io.appium.java_client.DefaultGenericMobileDriver.findElement(DefaultGenericMobileDriver.java:57)<br />
                      io.appium.java_client.AppiumDriver.findElement(AppiumDriver.java:1)<br />
                      io.appium.java_client.android.AndroidDriver.findElement(AndroidDriver.java:1)<br />
                      io.appium.java_client.pagefactory.AppiumElementLocator.lambda$0(AppiumElementLocator.java:120)<br />
                      io.appium.java_client.pagefactory.AppiumElementLocator$WaitingFunction.apply(AppiumElementLocator.java:172)<br />
                      io.appium.java_client.pagefactory.AppiumElementLocator$WaitingFunction.apply(AppiumElementLocator.java:1)<br />
                      org.openqa.selenium.support.ui.FluentWait.until(FluentWait.java:249)<br />
                      io.appium.java_client.pagefactory.AppiumElementLocator.waitFor(AppiumElementLocator.java:99)<br />
                      io.appium.java_client.pagefactory.AppiumElementLocator.findElement(AppiumElementLocator.java:119)<br />
                      io.appium.java_client.pagefactory.interceptors.InterceptorOfASingleElement.intercept(InterceptorOfASingleElement.java:59)<br />
                      io.appium.java_client.android.AndroidElement$$EnhancerByCGLIB$$b598166c.isDisplayed(&lt;generated&gt;)<br />
                      org.openqa.selenium.support.ui.ExpectedConditions.elementIfVisible(ExpectedConditions.java:314)<br />
                      org.openqa.selenium.support.ui.ExpectedConditions.access$000(ExpectedConditions.java:43)<br />
                      org.openqa.selenium.support.ui.ExpectedConditions$10.apply(ExpectedConditions.java:300)<br />
                      org.openqa.selenium.support.ui.ExpectedConditions$10.apply(ExpectedConditions.java:297)<br />
                      org.openqa.selenium.support.ui.FluentWait.until(FluentWait.java:249)<br />
                      com.cs.arris.Base.ParentClass.waitForVisibility(ParentClass.java:417)<br />
                      com.cs.arris.Base.ParentClass.click(ParentClass.java:440)<br />
                      com.cs.arris.Pages.HomePage.clickOkButton(HomePage.java:372)<br />
                      com.cs.arris.Tests.TC52_HomePage_Test.lambda$Verify_HomePage$11(TC52_HomePage_Test.java:118)<br />
                      com.cs.arris.Workflows.TC52_Login_And_HomePage_Workflow.homePage(TC52_Login_And_HomePage_Workflow.java:141)<br />
                      com.cs.arris.Tests.TC52_HomePage_Test.Verify_HomePage(TC52_HomePage_Test.java:117)<br />
                      java.base/jdk.internal.reflect.NativeMethodAccessorImpl.invoke0(Native Method)<br />
                      java.base/jdk.internal.reflect.NativeMethodAccessorImpl.invoke(NativeMethodAccessorImpl.java:62)<br />
                      java.base/jdk.internal.reflect.DelegatingMethodAccessorImpl.invoke(DelegatingMethodAccessorImpl.java:43)<br />
                      java.base/java.lang.reflect.Method.invoke(Method.java:566)<br />
                      org.testng.internal.MethodInvocationHelper.invokeMethod(MethodInvocationHelper.java:133)<br />
                      org.testng.internal.TestInvoker.invokeMethod(TestInvoker.java:598)<br />
                      org.testng.internal.TestInvoker.invokeTestMethod(TestInvoker.java:173)<br />
                      org.testng.internal.MethodRunner.runInSequence(MethodRunner.java:46)<br />
                      org.testng.internal.TestInvoker$MethodInvocationAgent.invoke(TestInvoker.java:824)<br />
                      org.testng.internal.TestInvoker.invokeTestMethods(TestInvoker.java:146)<br />
                      org.testng.internal.TestMethodWorker.invokeTestMethods(TestMethodWorker.java:146)<br />
                      org.testng.internal.TestMethodWorker.run(TestMethodWorker.java:128)<br />
                      java.base/java.util.ArrayList.forEach(ArrayList.java:1540)<br />
                      org.testng.TestRunner.privateRun(TestRunner.java:794)<br />
                      org.testng.TestRunner.run(TestRunner.java:596)<br />
                      org.testng.SuiteRunner.runTest(SuiteRunner.java:377)<br />
                      org.testng.SuiteRunner.runSequentially(SuiteRunner.java:371)<br />
                      org.testng.SuiteRunner.privateRun(SuiteRunner.java:332)<br />
                      org.testng.SuiteRunner.run(SuiteRunner.java:276)<br />
                      org.testng.SuiteRunnerWorker.runSuite(SuiteRunnerWorker.java:53)<br />
                      org.testng.SuiteRunnerWorker.run(SuiteRunnerWorker.java:96)<br />
                      org.testng.TestNG.runSuitesSequentially(TestNG.java:1212)<br />
                      org.testng.TestNG.runSuitesLocally(TestNG.java:1134)<br />
                      org.testng.TestNG.runSuites(TestNG.java:1063)<br />
                      org.testng.TestNG.run(TestNG.java:1031)<br />
                      org.apache.maven.surefire.testng.TestNGExecutor.run(TestNGExecutor.java:283)<br />
                      org.apache.maven.surefire.testng.TestNGXmlTestSuite.execute(TestNGXmlTestSuite.java:75)<br />
                      org.apache.maven.surefire.testng.TestNGProvider.invoke(TestNGProvider.java:120)<br />
                      org.apache.maven.surefire.booter.ForkedBooter.invokeProviderInSameClassLoader(ForkedBooter.java:384)<br />
                      org.apache.maven.surefire.booter.ForkedBooter.runSuitesInProcess(ForkedBooter.java:345)<br />
                      org.apache.maven.surefire.booter.ForkedBooter.execute(ForkedBooter.java:126)<br />
                      org.apache.maven.surefire.booter.ForkedBooter.main(ForkedBooter.java:418)<br />
                  </div>
          </div>
      </td>
</tr>
      </table>


  
</body>
</html>
