[logs/Android_RZ8M3002DGL/2022-01-14 INFO ] 2022-01-14 18:11:42.289 ParentClass:303 - log path: logs/Android_RZ8M3002DGL/2022-01-14
[logs/Android_RZ8M3002DGL/2022-01-14 INFO ] 2022-01-14 18:11:42.297 ParentClass:244 - Setting Android driver capabilities
[logs/Android_RZ8M3002DGL/2022-01-14 INFO ] 2022-01-14 18:11:55.546 ParentClass:254 - Android Driver is set to the Thread Local context android
[logs/Android_RZ8M3002DGL/2022-01-14 INFO ] 2022-01-14 18:11:55.548 ParentClass:255 - Android driver initialized: 
[logs/Android_RZ8M3002DGL/2022-01-14 INFO ] 2022-01-14 18:12:00.657 ParentClass:327 - loading...testdata/signup
[logs/Android_RZ8M3002DGL/2022-01-14 INFO ] 2022-01-14 18:12:00.665 TC002_Test_Signin_And_Onboard:39 - First Name : demouser
[logs/Android_RZ8M3002DGL/2022-01-14 INFO ] 2022-01-14 18:12:00.667 TC002_Test_Signin_And_Onboard:42 - Last Name : demouser
[logs/Android_RZ8M3002DGL/2022-01-14 INFO ] 2022-01-14 18:12:00.668 TC002_Test_Signin_And_Onboard:45 - Email address : demouser2652@gmail.com
[logs/Android_RZ8M3002DGL/2022-01-14 INFO ] 2022-01-14 18:12:00.669 ParentClass:691 - Name generated : arrisW31-167
[logs/Android_RZ8M3002DGL/2022-01-14 INFO ] 2022-01-14 18:12:00.669 TC002_Test_Signin_And_Onboard:48 - SSID Name : arrisW31-167
[logs/Android_RZ8M3002DGL/2022-01-14 INFO ] 2022-01-14 18:12:00.670 TC002_Test_Signin_And_Onboard:51 - SSID Password : 1234567890
[logs/Android_RZ8M3002DGL/2022-01-14 INFO ] 2022-01-14 18:12:00.670 TC002_Test_Signin_And_Onboard:54 - UDID : RZ8M3002DGL
[logs/Android_RZ8M3002DGL/2022-01-14 INFO ] 2022-01-14 18:12:01.521 TC002_Test_Signin_And_Onboard:64 - 

****** starting test : Verify_Signin_And_Onboard ******

[logs/Android_RZ8M3002DGL/2022-01-14 INFO ] 2022-01-14 18:12:02.170 GetStartedPage:44 - Get Started - Clicked on Get Started Button
[logs/Android_RZ8M3002DGL/2022-01-14 INFO ] 2022-01-14 18:12:02.971 GrantPermissionsPage:183 - Grant Permissions - Clicked on Continue Button
[logs/Android_RZ8M3002DGL/2022-01-14 INFO ] 2022-01-14 18:12:19.950 DeviceLocationPage:110 - Device Location - Clicked Allow
[logs/Android_RZ8M3002DGL/2022-01-14 INFO ] 2022-01-14 18:12:20.258 AccessResourcesOnDevicePage:49 - Access Resources On Device - Clicked on Allow Link
[logs/Android_RZ8M3002DGL/2022-01-14 INFO ] 2022-01-14 18:12:21.576 SelectYourDevicePage:64 - Select your Device 1 - Selected SURFboard mAX option
[logs/Android_RZ8M3002DGL/2022-01-14 INFO ] 2022-01-14 18:12:22.475 SelectYourDevicePage:72 - Select your Device 1 - Clicked Next Button
[logs/Android_RZ8M3002DGL/2022-01-14 INFO ] 2022-01-14 18:12:23.546 SelectYourDevicePage2:73 - Select your Device 2 - Selected mAX Pro AX11000 option
[logs/Android_RZ8M3002DGL/2022-01-14 INFO ] 2022-01-14 18:12:24.453 SelectYourDevicePage2:82 - Select your Device 2 - Clicked Next Button
[logs/Android_RZ8M3002DGL/2022-01-14 INFO ] 2022-01-14 18:12:27.728 SiginPage:52 - Sigin Page - Entered user email address
[logs/Android_RZ8M3002DGL/2022-01-14 INFO ] 2022-01-14 18:12:28.516 SiginPage:61 - Sigin Page - Clicked on Signin Button
[logs/Android_RZ8M3002DGL/2022-01-14 INFO ] 2022-01-14 18:12:40.527 ValidOTP:128 - loading...emailDetails
[logs/Android_RZ8M3002DGL/2022-01-14 INFO ] 2022-01-14 18:12:42.255 EnterValidOTPPage:61 - Entering valid OTP...null
[logs/Android_RZ8M3002DGL/2022-01-14 ERROR] 2022-01-14 18:12:43.128 TestListener:39 - java.lang.IllegalArgumentException: Keys to send should be a not null CharSequence
	at org.openqa.selenium.remote.RemoteWebElement.sendKeys(RemoteWebElement.java:97)
	at java.base/jdk.internal.reflect.NativeMethodAccessorImpl.invoke0(Native Method)
	at java.base/jdk.internal.reflect.NativeMethodAccessorImpl.invoke(NativeMethodAccessorImpl.java:62)
	at java.base/jdk.internal.reflect.DelegatingMethodAccessorImpl.invoke(DelegatingMethodAccessorImpl.java:43)
	at java.base/java.lang.reflect.Method.invoke(Method.java:566)
	at io.appium.java_client.pagefactory.ElementInterceptor.getObject(ElementInterceptor.java:40)
	at io.appium.java_client.pagefactory.interceptors.InterceptorOfASingleElement.intercept(InterceptorOfASingleElement.java:60)
	at io.appium.java_client.android.AndroidElement$$EnhancerByCGLIB$$b598166c.sendKeys(<generated>)
	at com.cs.arris.Base.ParentClass.sendKeys(ParentClass.java:478)
	at com.cs.arris.Pages.EnterValidOTPPage.enterValidPassCode(EnterValidOTPPage.java:62)
	at com.cs.arris.Tests.TC002_Test_Signin_And_Onboard.lambda$Verify_Signin_And_Onboard$8(TC002_Test_Signin_And_Onboard.java:92)
	at com.cs.arris.Workflows.TC51_Signin_And_Onboard_Workflow.enterOTPPage(TC51_Signin_And_Onboard_Workflow.java:110)
	at com.cs.arris.Tests.TC002_Test_Signin_And_Onboard.Verify_Signin_And_Onboard(TC002_Test_Signin_And_Onboard.java:91)
	at java.base/jdk.internal.reflect.NativeMethodAccessorImpl.invoke0(Native Method)
	at java.base/jdk.internal.reflect.NativeMethodAccessorImpl.invoke(NativeMethodAccessorImpl.java:62)
	at java.base/jdk.internal.reflect.DelegatingMethodAccessorImpl.invoke(DelegatingMethodAccessorImpl.java:43)
	at java.base/java.lang.reflect.Method.invoke(Method.java:566)
	at org.testng.internal.MethodInvocationHelper.invokeMethod(MethodInvocationHelper.java:133)
	at org.testng.internal.TestInvoker.invokeMethod(TestInvoker.java:598)
	at org.testng.internal.TestInvoker.invokeTestMethod(TestInvoker.java:173)
	at org.testng.internal.MethodRunner.runInSequence(MethodRunner.java:46)
	at org.testng.internal.TestInvoker$MethodInvocationAgent.invoke(TestInvoker.java:824)
	at org.testng.internal.TestInvoker.invokeTestMethods(TestInvoker.java:146)
	at org.testng.internal.TestMethodWorker.invokeTestMethods(TestMethodWorker.java:146)
	at org.testng.internal.TestMethodWorker.run(TestMethodWorker.java:128)
	at java.base/java.util.ArrayList.forEach(ArrayList.java:1540)
	at org.testng.TestRunner.privateRun(TestRunner.java:794)
	at org.testng.TestRunner.run(TestRunner.java:596)
	at org.testng.SuiteRunner.runTest(SuiteRunner.java:377)
	at org.testng.SuiteRunner.runSequentially(SuiteRunner.java:371)
	at org.testng.SuiteRunner.privateRun(SuiteRunner.java:332)
	at org.testng.SuiteRunner.run(SuiteRunner.java:276)
	at org.testng.SuiteRunnerWorker.runSuite(SuiteRunnerWorker.java:53)
	at org.testng.SuiteRunnerWorker.run(SuiteRunnerWorker.java:96)
	at org.testng.TestNG.runSuitesSequentially(TestNG.java:1212)
	at org.testng.TestNG.runSuitesLocally(TestNG.java:1134)
	at org.testng.TestNG.runSuites(TestNG.java:1063)
	at org.testng.TestNG.run(TestNG.java:1031)
	at org.apache.maven.surefire.testng.TestNGExecutor.run(TestNGExecutor.java:283)
	at org.apache.maven.surefire.testng.TestNGXmlTestSuite.execute(TestNGXmlTestSuite.java:75)
	at org.apache.maven.surefire.testng.TestNGProvider.invoke(TestNGProvider.java:120)
	at org.apache.maven.surefire.booter.ForkedBooter.invokeProviderInSameClassLoader(ForkedBooter.java:384)
	at org.apache.maven.surefire.booter.ForkedBooter.runSuitesInProcess(ForkedBooter.java:345)
	at org.apache.maven.surefire.booter.ForkedBooter.execute(ForkedBooter.java:126)
	at org.apache.maven.surefire.booter.ForkedBooter.main(ForkedBooter.java:418)

[logs/Android_RZ8M3002DGL/2022-01-14 INFO ] 2022-01-14 18:12:46.413 ParentClass:430 - video path: videos/Android_RZ8M3002DGL/2022-01-14-18-11-42/TC002_Test_Signin_And_Onboard/Verify_Signin_And_Onboard.mp4
[logs/Android_RZ8M3002DGL/2022-01-14 INFO ] 2022-01-14 18:12:52.325 ParentClass:185 - Closing App
[logs/Android_RZ8M3002DGL/2022-01-14 INFO ] 2022-01-14 18:12:52.512 ParentClass:187 - Quitting Driver
[logs/Android_RZ8M3002DGL/2022-01-14 INFO ] 2022-01-14 18:19:23.664 ParentClass:303 - log path: logs/Android_RZ8M3002DGL/2022-01-14
[logs/Android_RZ8M3002DGL/2022-01-14 INFO ] 2022-01-14 18:19:23.677 ParentClass:244 - Setting Android driver capabilities
[logs/Android_RZ8M3002DGL/2022-01-14 INFO ] 2022-01-14 18:19:36.317 ParentClass:254 - Android Driver is set to the Thread Local context android
[logs/Android_RZ8M3002DGL/2022-01-14 INFO ] 2022-01-14 18:19:36.318 ParentClass:255 - Android driver initialized: 
[logs/Android_RZ8M3002DGL/2022-01-14 INFO ] 2022-01-14 18:19:41.324 ParentClass:327 - loading...testdata/signup
[logs/Android_RZ8M3002DGL/2022-01-14 INFO ] 2022-01-14 18:19:41.334 TC002_Test_Signin_And_Onboard:39 - First Name : arris
[logs/Android_RZ8M3002DGL/2022-01-14 INFO ] 2022-01-14 18:19:41.336 TC002_Test_Signin_And_Onboard:42 - Last Name : user 
[logs/Android_RZ8M3002DGL/2022-01-14 INFO ] 2022-01-14 18:19:41.337 TC002_Test_Signin_And_Onboard:45 - Email address : arrisuser2652@gmail.com
[logs/Android_RZ8M3002DGL/2022-01-14 INFO ] 2022-01-14 18:19:41.338 ParentClass:691 - Name generated : arrisW31-952
[logs/Android_RZ8M3002DGL/2022-01-14 INFO ] 2022-01-14 18:19:41.339 TC002_Test_Signin_And_Onboard:48 - SSID Name : arrisW31-952
[logs/Android_RZ8M3002DGL/2022-01-14 INFO ] 2022-01-14 18:19:41.339 TC002_Test_Signin_And_Onboard:51 - SSID Password : 1234567890
[logs/Android_RZ8M3002DGL/2022-01-14 INFO ] 2022-01-14 18:19:41.339 TC002_Test_Signin_And_Onboard:54 - UDID : null
[logs/Android_RZ8M3002DGL/2022-01-14 INFO ] 2022-01-14 18:19:42.221 TC002_Test_Signin_And_Onboard:64 - 

****** starting test : Verify_Signin_And_Onboard ******

[logs/Android_RZ8M3002DGL/2022-01-14 INFO ] 2022-01-14 18:19:42.836 GetStartedPage:44 - Get Started - Clicked on Get Started Button
[logs/Android_RZ8M3002DGL/2022-01-14 INFO ] 2022-01-14 18:19:43.627 GrantPermissionsPage:183 - Grant Permissions - Clicked on Continue Button
[logs/Android_RZ8M3002DGL/2022-01-14 INFO ] 2022-01-14 18:20:00.740 DeviceLocationPage:110 - Device Location - Clicked Allow
[logs/Android_RZ8M3002DGL/2022-01-14 INFO ] 2022-01-14 18:20:01.017 AccessResourcesOnDevicePage:49 - Access Resources On Device - Clicked on Allow Link
[logs/Android_RZ8M3002DGL/2022-01-14 INFO ] 2022-01-14 18:20:02.247 SelectYourDevicePage:64 - Select your Device 1 - Selected SURFboard mAX option
[logs/Android_RZ8M3002DGL/2022-01-14 INFO ] 2022-01-14 18:20:03.152 SelectYourDevicePage:72 - Select your Device 1 - Clicked Next Button
[logs/Android_RZ8M3002DGL/2022-01-14 INFO ] 2022-01-14 18:20:05.649 SelectYourDevicePage2:73 - Select your Device 2 - Selected mAX Pro AX11000 option
[logs/Android_RZ8M3002DGL/2022-01-14 INFO ] 2022-01-14 18:20:06.562 SelectYourDevicePage2:82 - Select your Device 2 - Clicked Next Button
[logs/Android_RZ8M3002DGL/2022-01-14 INFO ] 2022-01-14 18:20:09.886 SiginPage:52 - Sigin Page - Entered user email address
[logs/Android_RZ8M3002DGL/2022-01-14 INFO ] 2022-01-14 18:20:10.692 SiginPage:61 - Sigin Page - Clicked on Signin Button
[logs/Android_RZ8M3002DGL/2022-01-14 INFO ] 2022-01-14 18:20:22.718 ValidOTP:128 - loading...emailDetails
[logs/Android_RZ8M3002DGL/2022-01-14 INFO ] 2022-01-14 18:20:26.817 EnterValidOTPPage:61 - Entering valid OTP...743955
[logs/Android_RZ8M3002DGL/2022-01-14 INFO ] 2022-01-14 18:20:28.321 CodeVerifiedPage:74 - OTP Code Verified Page - Clicked on Next Button
[logs/Android_RZ8M3002DGL/2022-01-14 INFO ] 2022-01-14 18:20:42.420 SetupHomeNetworkPage:41 - Setup Home Network Page - Clicked on Next Button
[logs/Android_RZ8M3002DGL/2022-01-14 INFO ] 2022-01-14 18:20:43.276 UnPackYourBoxPage:42 - UnPack your Box Page - Clicked on Next Button
[logs/Android_RZ8M3002DGL/2022-01-14 INFO ] 2022-01-14 18:20:44.164 PlugInMaxRouterPage:41 - Plugin Max Router Page - Clicked on Next Button
[logs/Android_RZ8M3002DGL/2022-01-14 ERROR] 2022-01-14 18:21:22.070 TestListener:39 - org.openqa.selenium.TimeoutException: Expected condition failed: waiting for visibility of Located by By.chained({By.all({By.xpath: //android.widget.Button[@resource-id='com.arris.sbcBeta:id/btn_bluetooth_pairing_success_Continue'],By.xpath: //android.widget.Button[@bounds='[61,1915][1019,2042]'],By.id: com.arris.sbcBeta:id/btn_bluetooth_pairing_success_Continue})}) (tried for 10 second(s) with 500 milliseconds interval)
	at org.openqa.selenium.support.ui.WebDriverWait.timeoutException(WebDriverWait.java:95)
	at org.openqa.selenium.support.ui.FluentWait.until(FluentWait.java:272)
	at com.cs.arris.Base.ParentClass.waitForVisibility(ParentClass.java:442)
	at com.cs.arris.Base.ParentClass.click(ParentClass.java:465)
	at com.cs.arris.Pages.ConnectMaxRouterToMobileDevicePage.clickNextButton(ConnectMaxRouterToMobileDevicePage.java:41)
	at com.cs.arris.Tests.TC002_Test_Signin_And_Onboard.lambda$Verify_Signin_And_Onboard$14(TC002_Test_Signin_And_Onboard.java:112)
	at com.cs.arris.Workflows.TC51_Signin_And_Onboard_Workflow.maxRouterConnectedToMobilePage(TC51_Signin_And_Onboard_Workflow.java:162)
	at com.cs.arris.Tests.TC002_Test_Signin_And_Onboard.Verify_Signin_And_Onboard(TC002_Test_Signin_And_Onboard.java:111)
	at java.base/jdk.internal.reflect.NativeMethodAccessorImpl.invoke0(Native Method)
	at java.base/jdk.internal.reflect.NativeMethodAccessorImpl.invoke(NativeMethodAccessorImpl.java:62)
	at java.base/jdk.internal.reflect.DelegatingMethodAccessorImpl.invoke(DelegatingMethodAccessorImpl.java:43)
	at java.base/java.lang.reflect.Method.invoke(Method.java:566)
	at org.testng.internal.MethodInvocationHelper.invokeMethod(MethodInvocationHelper.java:133)
	at org.testng.internal.TestInvoker.invokeMethod(TestInvoker.java:598)
	at org.testng.internal.TestInvoker.invokeTestMethod(TestInvoker.java:173)
	at org.testng.internal.MethodRunner.runInSequence(MethodRunner.java:46)
	at org.testng.internal.TestInvoker$MethodInvocationAgent.invoke(TestInvoker.java:824)
	at org.testng.internal.TestInvoker.invokeTestMethods(TestInvoker.java:146)
	at org.testng.internal.TestMethodWorker.invokeTestMethods(TestMethodWorker.java:146)
	at org.testng.internal.TestMethodWorker.run(TestMethodWorker.java:128)
	at java.base/java.util.ArrayList.forEach(ArrayList.java:1540)
	at org.testng.TestRunner.privateRun(TestRunner.java:794)
	at org.testng.TestRunner.run(TestRunner.java:596)
	at org.testng.SuiteRunner.runTest(SuiteRunner.java:377)
	at org.testng.SuiteRunner.runSequentially(SuiteRunner.java:371)
	at org.testng.SuiteRunner.privateRun(SuiteRunner.java:332)
	at org.testng.SuiteRunner.run(SuiteRunner.java:276)
	at org.testng.SuiteRunnerWorker.runSuite(SuiteRunnerWorker.java:53)
	at org.testng.SuiteRunnerWorker.run(SuiteRunnerWorker.java:96)
	at org.testng.TestNG.runSuitesSequentially(TestNG.java:1212)
	at org.testng.TestNG.runSuitesLocally(TestNG.java:1134)
	at org.testng.TestNG.runSuites(TestNG.java:1063)
	at org.testng.TestNG.run(TestNG.java:1031)
	at org.apache.maven.surefire.testng.TestNGExecutor.run(TestNGExecutor.java:283)
	at org.apache.maven.surefire.testng.TestNGXmlTestSuite.execute(TestNGXmlTestSuite.java:75)
	at org.apache.maven.surefire.testng.TestNGProvider.invoke(TestNGProvider.java:120)
	at org.apache.maven.surefire.booter.ForkedBooter.invokeProviderInSameClassLoader(ForkedBooter.java:384)
	at org.apache.maven.surefire.booter.ForkedBooter.runSuitesInProcess(ForkedBooter.java:345)
	at org.apache.maven.surefire.booter.ForkedBooter.execute(ForkedBooter.java:126)
	at org.apache.maven.surefire.booter.ForkedBooter.main(ForkedBooter.java:418)
Caused by: org.openqa.selenium.NoSuchElementException: Can't locate an element by this strategy: By.chained({By.all({By.xpath: //android.widget.Button[@resource-id='com.arris.sbcBeta:id/btn_bluetooth_pairing_success_Continue'],By.xpath: //android.widget.Button[@bounds='[61,1915][1019,2042]'],By.id: com.arris.sbcBeta:id/btn_bluetooth_pairing_success_Continue})})
	at io.appium.java_client.pagefactory.AppiumElementLocator.findElement(AppiumElementLocator.java:126)
	at io.appium.java_client.pagefactory.interceptors.InterceptorOfASingleElement.intercept(InterceptorOfASingleElement.java:59)
	at io.appium.java_client.android.AndroidElement$$EnhancerByCGLIB$$b598166c.isDisplayed(<generated>)
	at org.openqa.selenium.support.ui.ExpectedConditions.elementIfVisible(ExpectedConditions.java:314)
	at org.openqa.selenium.support.ui.ExpectedConditions.access$000(ExpectedConditions.java:43)
	at org.openqa.selenium.support.ui.ExpectedConditions$10.apply(ExpectedConditions.java:300)
	at org.openqa.selenium.support.ui.ExpectedConditions$10.apply(ExpectedConditions.java:297)
	at org.openqa.selenium.support.ui.FluentWait.until(FluentWait.java:249)
	... 38 more
Caused by: org.openqa.selenium.TimeoutException: Expected condition failed: waiting for io.appium.java_client.pagefactory.AppiumElementLocator$WaitingFunction@7bf01cb (tried for 1 second(s) with 500 milliseconds interval)
	at org.openqa.selenium.support.ui.FluentWait.timeoutException(FluentWait.java:304)
	at org.openqa.selenium.support.ui.FluentWait.until(FluentWait.java:272)
	at io.appium.java_client.pagefactory.AppiumElementLocator.waitFor(AppiumElementLocator.java:99)
	at io.appium.java_client.pagefactory.AppiumElementLocator.findElement(AppiumElementLocator.java:119)
	... 45 more
Caused by: org.openqa.selenium.NoSuchElementException: Cannot locate an element using By.chained({By.all({By.xpath: //android.widget.Button[@resource-id='com.arris.sbcBeta:id/btn_bluetooth_pairing_success_Continue'],By.xpath: //android.widget.Button[@bounds='[61,1915][1019,2042]'],By.id: com.arris.sbcBeta:id/btn_bluetooth_pairing_success_Continue})})
For documentation on this error, please visit: https://www.seleniumhq.org/exceptions/no_such_element.html
Build info: version: '3.141.59', revision: 'e82be7d358', time: '2018-11-14T08:17:03'
System info: host: 'techleads-Mac-mini.local', ip: '192.168.0.131', os.name: 'Mac OS X', os.arch: 'x86_64', os.version: '10.16', java.version: '11.0.2'
Driver info: driver.version: AndroidDriver
	at io.appium.java_client.pagefactory.bys.builder.ByChained.findElement(ByChained.java:74)
	at org.openqa.selenium.remote.RemoteWebDriver.findElement(RemoteWebDriver.java:315)
	at io.appium.java_client.DefaultGenericMobileDriver.findElement(DefaultGenericMobileDriver.java:57)
	at io.appium.java_client.AppiumDriver.findElement(AppiumDriver.java:1)
	at io.appium.java_client.android.AndroidDriver.findElement(AndroidDriver.java:1)
	at io.appium.java_client.pagefactory.bys.ContentMappedBy.findElement(ContentMappedBy.java:50)
	at org.openqa.selenium.remote.RemoteWebDriver.findElement(RemoteWebDriver.java:315)
	at io.appium.java_client.DefaultGenericMobileDriver.findElement(DefaultGenericMobileDriver.java:57)
	at io.appium.java_client.AppiumDriver.findElement(AppiumDriver.java:1)
	at io.appium.java_client.android.AndroidDriver.findElement(AndroidDriver.java:1)
	at io.appium.java_client.pagefactory.AppiumElementLocator.lambda$0(AppiumElementLocator.java:120)
	at io.appium.java_client.pagefactory.AppiumElementLocator$WaitingFunction.apply(AppiumElementLocator.java:172)
	at io.appium.java_client.pagefactory.AppiumElementLocator$WaitingFunction.apply(AppiumElementLocator.java:1)
	at org.openqa.selenium.support.ui.FluentWait.until(FluentWait.java:249)
	... 47 more

[logs/Android_RZ8M3002DGL/2022-01-14 INFO ] 2022-01-14 18:21:29.901 ParentClass:430 - video path: videos/Android_RZ8M3002DGL/2022-01-14-18-19-23/TC002_Test_Signin_And_Onboard/Verify_Signin_And_Onboard.mp4
[logs/Android_RZ8M3002DGL/2022-01-14 INFO ] 2022-01-14 18:21:35.875 ParentClass:185 - Closing App
[logs/Android_RZ8M3002DGL/2022-01-14 INFO ] 2022-01-14 18:21:36.111 ParentClass:187 - Quitting Driver
[logs/Android_RZ8M3002DGL/2022-01-14 INFO ] 2022-01-14 18:25:09.391 ParentClass:303 - log path: logs/Android_RZ8M3002DGL/2022-01-14
[logs/Android_RZ8M3002DGL/2022-01-14 INFO ] 2022-01-14 18:25:09.401 ParentClass:244 - Setting Android driver capabilities
[logs/Android_RZ8M3002DGL/2022-01-14 INFO ] 2022-01-14 18:25:22.906 ParentClass:254 - Android Driver is set to the Thread Local context android
[logs/Android_RZ8M3002DGL/2022-01-14 INFO ] 2022-01-14 18:25:22.907 ParentClass:255 - Android driver initialized: 
[logs/Android_RZ8M3002DGL/2022-01-14 INFO ] 2022-01-14 18:25:27.957 ParentClass:327 - loading...testdata/signup
[logs/Android_RZ8M3002DGL/2022-01-14 INFO ] 2022-01-14 18:25:27.971 TC002_Test_Signin_And_Onboard:39 - First Name : arris
[logs/Android_RZ8M3002DGL/2022-01-14 INFO ] 2022-01-14 18:25:27.976 TC002_Test_Signin_And_Onboard:42 - Last Name : user 
[logs/Android_RZ8M3002DGL/2022-01-14 INFO ] 2022-01-14 18:25:27.976 TC002_Test_Signin_And_Onboard:45 - Email address : arrisuser2652@gmail.com
[logs/Android_RZ8M3002DGL/2022-01-14 INFO ] 2022-01-14 18:25:27.978 ParentClass:691 - Name generated : arrisW31-653
[logs/Android_RZ8M3002DGL/2022-01-14 INFO ] 2022-01-14 18:25:27.978 TC002_Test_Signin_And_Onboard:48 - SSID Name : arrisW31-653
[logs/Android_RZ8M3002DGL/2022-01-14 INFO ] 2022-01-14 18:25:27.978 TC002_Test_Signin_And_Onboard:51 - SSID Password : 1234567890
[logs/Android_RZ8M3002DGL/2022-01-14 INFO ] 2022-01-14 18:25:27.979 TC002_Test_Signin_And_Onboard:54 - UDID : null
[logs/Android_RZ8M3002DGL/2022-01-14 INFO ] 2022-01-14 18:25:28.817 TC002_Test_Signin_And_Onboard:64 - 

****** starting test : Verify_Signin_And_Onboard ******

[logs/Android_RZ8M3002DGL/2022-01-14 INFO ] 2022-01-14 18:25:29.393 GetStartedPage:44 - Get Started - Clicked on Get Started Button
[logs/Android_RZ8M3002DGL/2022-01-14 INFO ] 2022-01-14 18:25:30.208 GrantPermissionsPage:183 - Grant Permissions - Clicked on Continue Button
[logs/Android_RZ8M3002DGL/2022-01-14 INFO ] 2022-01-14 18:25:46.816 DeviceLocationPage:110 - Device Location - Clicked Allow
[logs/Android_RZ8M3002DGL/2022-01-14 INFO ] 2022-01-14 18:25:47.118 AccessResourcesOnDevicePage:49 - Access Resources On Device - Clicked on Allow Link
[logs/Android_RZ8M3002DGL/2022-01-14 INFO ] 2022-01-14 18:25:48.467 SelectYourDevicePage:64 - Select your Device 1 - Selected SURFboard mAX option
[logs/Android_RZ8M3002DGL/2022-01-14 INFO ] 2022-01-14 18:25:49.333 SelectYourDevicePage:72 - Select your Device 1 - Clicked Next Button
[logs/Android_RZ8M3002DGL/2022-01-14 INFO ] 2022-01-14 18:25:50.486 SelectYourDevicePage2:73 - Select your Device 2 - Selected mAX Pro AX11000 option
[logs/Android_RZ8M3002DGL/2022-01-14 INFO ] 2022-01-14 18:25:51.324 SelectYourDevicePage2:82 - Select your Device 2 - Clicked Next Button
[logs/Android_RZ8M3002DGL/2022-01-14 INFO ] 2022-01-14 18:25:54.617 SiginPage:52 - Sigin Page - Entered user email address
[logs/Android_RZ8M3002DGL/2022-01-14 INFO ] 2022-01-14 18:25:55.450 SiginPage:61 - Sigin Page - Clicked on Signin Button
[logs/Android_RZ8M3002DGL/2022-01-14 INFO ] 2022-01-14 18:26:07.469 ValidOTP:128 - loading...emailDetails
[logs/Android_RZ8M3002DGL/2022-01-14 INFO ] 2022-01-14 18:26:11.660 EnterValidOTPPage:61 - Entering valid OTP...109694
[logs/Android_RZ8M3002DGL/2022-01-14 INFO ] 2022-01-14 18:26:13.236 CodeVerifiedPage:74 - OTP Code Verified Page - Clicked on Next Button
[logs/Android_RZ8M3002DGL/2022-01-14 INFO ] 2022-01-14 18:26:27.339 SetupHomeNetworkPage:41 - Setup Home Network Page - Clicked on Next Button
[logs/Android_RZ8M3002DGL/2022-01-14 INFO ] 2022-01-14 18:26:28.178 UnPackYourBoxPage:42 - UnPack your Box Page - Clicked on Next Button
[logs/Android_RZ8M3002DGL/2022-01-14 INFO ] 2022-01-14 18:26:29.027 PlugInMaxRouterPage:41 - Plugin Max Router Page - Clicked on Next Button
[logs/Android_RZ8M3002DGL/2022-01-14 INFO ] 2022-01-14 18:27:10.204 ConnectMaxRouterToMobileDevicePage:42 - Connecting mAX Router to Mobile Device Page - Clicked on Next Button
[logs/Android_RZ8M3002DGL/2022-01-14 INFO ] 2022-01-14 18:27:25.215 ConnectMaxRouterToInternetPage:41 - Successfully Connected to Internet Page - Clicked on Next Button
[logs/Android_RZ8M3002DGL/2022-01-14 INFO ] 2022-01-14 18:28:05.502 SystemFirmwareUpdatePage:41 - System Firmware Update Page - Clicked on Next Button
[logs/Android_RZ8M3002DGL/2022-01-14 INFO ] 2022-01-14 18:28:35.743 ErrorCode_0000_1506_Warranty_Support_Page:46 - Warranty and Support Page - Clicked on Continue Button
[logs/Android_RZ8M3002DGL/2022-01-14 INFO ] 2022-01-14 18:28:37.391 NameYourNetwokSSIDPage:69 - Name Your Network Page - Entered SSID Name
[logs/Android_RZ8M3002DGL/2022-01-14 INFO ] 2022-01-14 18:28:38.209 NameYourNetwokSSIDPage:75 - Name Your Network Page - Entered SSID Password
[logs/Android_RZ8M3002DGL/2022-01-14 INFO ] 2022-01-14 18:28:38.911 NameYourNetwokSSIDPage:81 - Name Your Network Page  - Clicked on Next Button
[logs/Android_RZ8M3002DGL/2022-01-14 INFO ] 2022-01-14 18:29:21.934 ConnectionToWifiNeededPage:56 - Running App in the Background
[logs/Android_RZ8M3002DGL/2022-01-14 INFO ] 2022-01-14 18:29:33.635 ConnectionToWifiNeededPage:60 - Running adb shell to login to mAX arrisW31-653 network
[logs/Android_RZ8M3002DGL/2022-01-14 INFO ] 2022-01-14 18:29:33.637 ConnectionToWifiNeededPage:70 - Activating App running in Background
[logs/Android_RZ8M3002DGL/2022-01-14 ERROR] 2022-01-14 18:30:08.821 TestListener:39 - org.openqa.selenium.TimeoutException: Expected condition failed: waiting for visibility of Located by By.chained({By.all({By.xpath: //android.widget.Button[@resource-id='com.arris.sbcBeta:id/btnRetry'],By.xpath: //android.widget.Button[@bounds='[122,1953][958,2042]'],By.id: com.arris.sbcBeta:id/btnRetry})}) (tried for 10 second(s) with 500 milliseconds interval)
	at org.openqa.selenium.support.ui.WebDriverWait.timeoutException(WebDriverWait.java:95)
	at org.openqa.selenium.support.ui.FluentWait.until(FluentWait.java:272)
	at com.cs.arris.Base.ParentClass.waitForVisibility(ParentClass.java:442)
	at com.cs.arris.Base.ParentClass.click(ParentClass.java:465)
	at com.cs.arris.Pages.ConnectionToWifiNeededPage.clickContinue(ConnectionToWifiNeededPage.java:82)
	at com.cs.arris.Tests.TC002_Test_Signin_And_Onboard.lambda$Verify_Signin_And_Onboard$19(TC002_Test_Signin_And_Onboard.java:133)
	at com.cs.arris.Workflows.TC51_Signin_And_Onboard_Workflow.connectNeeded(TC51_Signin_And_Onboard_Workflow.java:197)
	at com.cs.arris.Tests.TC002_Test_Signin_And_Onboard.Verify_Signin_And_Onboard(TC002_Test_Signin_And_Onboard.java:129)
	at java.base/jdk.internal.reflect.NativeMethodAccessorImpl.invoke0(Native Method)
	at java.base/jdk.internal.reflect.NativeMethodAccessorImpl.invoke(NativeMethodAccessorImpl.java:62)
	at java.base/jdk.internal.reflect.DelegatingMethodAccessorImpl.invoke(DelegatingMethodAccessorImpl.java:43)
	at java.base/java.lang.reflect.Method.invoke(Method.java:566)
	at org.testng.internal.MethodInvocationHelper.invokeMethod(MethodInvocationHelper.java:133)
	at org.testng.internal.TestInvoker.invokeMethod(TestInvoker.java:598)
	at org.testng.internal.TestInvoker.invokeTestMethod(TestInvoker.java:173)
	at org.testng.internal.MethodRunner.runInSequence(MethodRunner.java:46)
	at org.testng.internal.TestInvoker$MethodInvocationAgent.invoke(TestInvoker.java:824)
	at org.testng.internal.TestInvoker.invokeTestMethods(TestInvoker.java:146)
	at org.testng.internal.TestMethodWorker.invokeTestMethods(TestMethodWorker.java:146)
	at org.testng.internal.TestMethodWorker.run(TestMethodWorker.java:128)
	at java.base/java.util.ArrayList.forEach(ArrayList.java:1540)
	at org.testng.TestRunner.privateRun(TestRunner.java:794)
	at org.testng.TestRunner.run(TestRunner.java:596)
	at org.testng.SuiteRunner.runTest(SuiteRunner.java:377)
	at org.testng.SuiteRunner.runSequentially(SuiteRunner.java:371)
	at org.testng.SuiteRunner.privateRun(SuiteRunner.java:332)
	at org.testng.SuiteRunner.run(SuiteRunner.java:276)
	at org.testng.SuiteRunnerWorker.runSuite(SuiteRunnerWorker.java:53)
	at org.testng.SuiteRunnerWorker.run(SuiteRunnerWorker.java:96)
	at org.testng.TestNG.runSuitesSequentially(TestNG.java:1212)
	at org.testng.TestNG.runSuitesLocally(TestNG.java:1134)
	at org.testng.TestNG.runSuites(TestNG.java:1063)
	at org.testng.TestNG.run(TestNG.java:1031)
	at org.apache.maven.surefire.testng.TestNGExecutor.run(TestNGExecutor.java:283)
	at org.apache.maven.surefire.testng.TestNGXmlTestSuite.execute(TestNGXmlTestSuite.java:75)
	at org.apache.maven.surefire.testng.TestNGProvider.invoke(TestNGProvider.java:120)
	at org.apache.maven.surefire.booter.ForkedBooter.invokeProviderInSameClassLoader(ForkedBooter.java:384)
	at org.apache.maven.surefire.booter.ForkedBooter.runSuitesInProcess(ForkedBooter.java:345)
	at org.apache.maven.surefire.booter.ForkedBooter.execute(ForkedBooter.java:126)
	at org.apache.maven.surefire.booter.ForkedBooter.main(ForkedBooter.java:418)
Caused by: org.openqa.selenium.NoSuchElementException: Can't locate an element by this strategy: By.chained({By.all({By.xpath: //android.widget.Button[@resource-id='com.arris.sbcBeta:id/btnRetry'],By.xpath: //android.widget.Button[@bounds='[122,1953][958,2042]'],By.id: com.arris.sbcBeta:id/btnRetry})})
	at io.appium.java_client.pagefactory.AppiumElementLocator.findElement(AppiumElementLocator.java:126)
	at io.appium.java_client.pagefactory.interceptors.InterceptorOfASingleElement.intercept(InterceptorOfASingleElement.java:59)
	at io.appium.java_client.android.AndroidElement$$EnhancerByCGLIB$$b598166c.isDisplayed(<generated>)
	at org.openqa.selenium.support.ui.ExpectedConditions.elementIfVisible(ExpectedConditions.java:314)
	at org.openqa.selenium.support.ui.ExpectedConditions.access$000(ExpectedConditions.java:43)
	at org.openqa.selenium.support.ui.ExpectedConditions$10.apply(ExpectedConditions.java:300)
	at org.openqa.selenium.support.ui.ExpectedConditions$10.apply(ExpectedConditions.java:297)
	at org.openqa.selenium.support.ui.FluentWait.until(FluentWait.java:249)
	... 38 more
Caused by: org.openqa.selenium.TimeoutException: Expected condition failed: waiting for io.appium.java_client.pagefactory.AppiumElementLocator$WaitingFunction@2582b0ef (tried for 1 second(s) with 500 milliseconds interval)
	at org.openqa.selenium.support.ui.FluentWait.timeoutException(FluentWait.java:304)
	at org.openqa.selenium.support.ui.FluentWait.until(FluentWait.java:272)
	at io.appium.java_client.pagefactory.AppiumElementLocator.waitFor(AppiumElementLocator.java:99)
	at io.appium.java_client.pagefactory.AppiumElementLocator.findElement(AppiumElementLocator.java:119)
	... 45 more
Caused by: org.openqa.selenium.NoSuchElementException: Cannot locate an element using By.chained({By.all({By.xpath: //android.widget.Button[@resource-id='com.arris.sbcBeta:id/btnRetry'],By.xpath: //android.widget.Button[@bounds='[122,1953][958,2042]'],By.id: com.arris.sbcBeta:id/btnRetry})})
For documentation on this error, please visit: https://www.seleniumhq.org/exceptions/no_such_element.html
Build info: version: '3.141.59', revision: 'e82be7d358', time: '2018-11-14T08:17:03'
System info: host: 'techleads-Mac-mini.local', ip: '192.168.0.131', os.name: 'Mac OS X', os.arch: 'x86_64', os.version: '10.16', java.version: '11.0.2'
Driver info: driver.version: AndroidDriver
	at io.appium.java_client.pagefactory.bys.builder.ByChained.findElement(ByChained.java:74)
	at org.openqa.selenium.remote.RemoteWebDriver.findElement(RemoteWebDriver.java:315)
	at io.appium.java_client.DefaultGenericMobileDriver.findElement(DefaultGenericMobileDriver.java:57)
	at io.appium.java_client.AppiumDriver.findElement(AppiumDriver.java:1)
	at io.appium.java_client.android.AndroidDriver.findElement(AndroidDriver.java:1)
	at io.appium.java_client.pagefactory.bys.ContentMappedBy.findElement(ContentMappedBy.java:50)
	at org.openqa.selenium.remote.RemoteWebDriver.findElement(RemoteWebDriver.java:315)
	at io.appium.java_client.DefaultGenericMobileDriver.findElement(DefaultGenericMobileDriver.java:57)
	at io.appium.java_client.AppiumDriver.findElement(AppiumDriver.java:1)
	at io.appium.java_client.android.AndroidDriver.findElement(AndroidDriver.java:1)
	at io.appium.java_client.pagefactory.AppiumElementLocator.lambda$0(AppiumElementLocator.java:120)
	at io.appium.java_client.pagefactory.AppiumElementLocator$WaitingFunction.apply(AppiumElementLocator.java:172)
	at io.appium.java_client.pagefactory.AppiumElementLocator$WaitingFunction.apply(AppiumElementLocator.java:1)
	at org.openqa.selenium.support.ui.FluentWait.until(FluentWait.java:249)
	... 47 more

[logs/Android_RZ8M3002DGL/2022-01-14 INFO ] 2022-01-14 18:30:16.281 ParentClass:430 - video path: videos/Android_RZ8M3002DGL/2022-01-14-18-25-09/TC002_Test_Signin_And_Onboard/Verify_Signin_And_Onboard.mp4
[logs/Android_RZ8M3002DGL/2022-01-14 INFO ] 2022-01-14 18:30:22.289 ParentClass:185 - Closing App
[logs/Android_RZ8M3002DGL/2022-01-14 INFO ] 2022-01-14 18:30:22.494 ParentClass:187 - Quitting Driver
