[logs/Android_RZ8M3002DGL/2021-12-05 INFO ] 2021-12-05 19:45:23.786 ParentClass:300 - log path: logs/Android_RZ8M3002DGL/2021-12-05
[logs/Android_RZ8M3002DGL/2021-12-05 INFO ] 2021-12-05 19:45:23.801 ParentClass:241 - Setting Android driver capabilities
[logs/Android_RZ8M3002DGL/2021-12-05 INFO ] 2021-12-05 19:45:36.178 ParentClass:251 - Android Driver is set to the Thread Local context android
[logs/Android_RZ8M3002DGL/2021-12-05 INFO ] 2021-12-05 19:45:36.181 ParentClass:252 - Android driver initialized: 
[logs/Android_RZ8M3002DGL/2021-12-05 INFO ] 2021-12-05 19:45:39.825 TC01_Simple_Test:84 - Loading...Sign Up Test Data
[logs/Android_RZ8M3002DGL/2021-12-05 INFO ] 2021-12-05 19:45:39.835 ParentClass:324 - loading...testdata/signup
[logs/Android_RZ8M3002DGL/2021-12-05 INFO ] 2021-12-05 19:45:39.849 TC01_Simple_Test:88 - First Name : demouser
[logs/Android_RZ8M3002DGL/2021-12-05 INFO ] 2021-12-05 19:45:39.851 TC01_Simple_Test:91 - Last Name : demouser
[logs/Android_RZ8M3002DGL/2021-12-05 INFO ] 2021-12-05 19:45:39.852 TC01_Simple_Test:94 - Email address : demouser2652@gmail.com
[logs/Android_RZ8M3002DGL/2021-12-05 INFO ] 2021-12-05 19:45:39.853 TC01_Simple_Test:97 - UDID : RZ8M3002DGL
[logs/Android_RZ8M3002DGL/2021-12-05 INFO ] 2021-12-05 19:45:39.854 TC01_Simple_Test:99 - Retrieved...Sign Up Test Data
[logs/Android_RZ8M3002DGL/2021-12-05 INFO ] 2021-12-05 19:45:40.608 TC01_Simple_Test:108 - 

****** starting test : Login_And_Onboard ******

[logs/Android_RZ8M3002DGL/2021-12-05 INFO ] 2021-12-05 19:45:40.781 TC01_Simple_Test:114 -                         
[logs/Android_RZ8M3002DGL/2021-12-05 INFO ] 2021-12-05 19:45:40.781 TC01_Simple_Test:115 - ************************
[logs/Android_RZ8M3002DGL/2021-12-05 INFO ] 2021-12-05 19:45:40.782 TC01_Simple_Test:116 - Test: Login And Onboard 
[logs/Android_RZ8M3002DGL/2021-12-05 INFO ] 2021-12-05 19:45:40.783 TC01_Simple_Test:117 - ************************
[logs/Android_RZ8M3002DGL/2021-12-05 INFO ] 2021-12-05 19:45:41.745 GetStartedPage:44 - Get Started - Clicked on Get Started Button
[logs/Android_RZ8M3002DGL/2021-12-05 INFO ] 2021-12-05 19:45:42.730 GrantPermissionsPage:183 - Grant Permissions - Clicked on Continue Button
[logs/Android_RZ8M3002DGL/2021-12-05 INFO ] 2021-12-05 19:45:59.651 DeviceLocationPage:110 - Device Location - Clicked Allow
[logs/Android_RZ8M3002DGL/2021-12-05 INFO ] 2021-12-05 19:46:03.173 AccessResourcesOnDevicePage:49 - Access Resources On Device - Clicked on Allow Link
[logs/Android_RZ8M3002DGL/2021-12-05 INFO ] 2021-12-05 19:46:04.725 SelectYourDevicePage:64 - Select your Device 1 - Selected SURFboard mAX option
[logs/Android_RZ8M3002DGL/2021-12-05 INFO ] 2021-12-05 19:46:05.712 SelectYourDevicePage:72 - Select your Device 1 - Clicked Next Button
[logs/Android_RZ8M3002DGL/2021-12-05 INFO ] 2021-12-05 19:46:07.022 SelectYourDevicePage2:73 - Select your Device 2 - Selected mAX Pro AX11000 option
[logs/Android_RZ8M3002DGL/2021-12-05 INFO ] 2021-12-05 19:46:08.008 SelectYourDevicePage2:82 - Select your Device 2 - Clicked Next Button
[logs/Android_RZ8M3002DGL/2021-12-05 INFO ] 2021-12-05 19:46:11.845 SiginPage:52 - Sigin Page - Entered user email address
[logs/Android_RZ8M3002DGL/2021-12-05 INFO ] 2021-12-05 19:46:12.776 SiginPage:61 - Sigin Page - Clicked on Signin Button
[logs/Android_RZ8M3002DGL/2021-12-05 INFO ] 2021-12-05 19:46:24.967 ValidOTP:128 - loading...emailDetails
[logs/Android_RZ8M3002DGL/2021-12-05 INFO ] 2021-12-05 19:46:29.672 EnterValidOTPPage:61 - Entering valid OTP...745313
[logs/Android_RZ8M3002DGL/2021-12-05 INFO ] 2021-12-05 19:46:31.287 CodeVerifiedPage:74 - OTP Code Verified Page - Clicked on Next Button
[logs/Android_RZ8M3002DGL/2021-12-05 ERROR] 2021-12-05 19:46:51.666 TestListener:39 - org.openqa.selenium.TimeoutException: Expected condition failed: waiting for visibility of Located by By.chained({By.all({By.xpath: //android.widget.TextView[@resource-id='com.arris.sbcBeta:id/btnskip],By.xpath: //android.widget.TextView[@bounds='[61,1829][1019,1966]'],By.id: com.arris.sbcBeta:id/btnskip})}) (tried for 10 second(s) with 500 milliseconds interval)
	at org.openqa.selenium.support.ui.WebDriverWait.timeoutException(WebDriverWait.java:95)
	at org.openqa.selenium.support.ui.FluentWait.until(FluentWait.java:272)
	at com.cs.arris.Base.ParentClass.waitForVisibility(ParentClass.java:439)
	at com.cs.arris.Base.ParentClass.click(ParentClass.java:462)
	at com.cs.arris.Pages.SetUpYourWiFiManagementPage.clickskipTutorialButton(SetUpYourWiFiManagementPage.java:48)
	at com.cs.arris.Tests.TC01_Simple_Test.lambda$Login_And_Onboard$10(TC01_Simple_Test.java:152)
	at com.cs.arris.Workflows.TC52_Login_And_Verify_HomePage_Workflow.setupWifi(TC52_Login_And_Verify_HomePage_Workflow.java:134)
	at com.cs.arris.Tests.TC01_Simple_Test.Login_And_Onboard(TC01_Simple_Test.java:151)
	at java.base/jdk.internal.reflect.NativeMethodAccessorImpl.invoke0(Native Method)
	at java.base/jdk.internal.reflect.NativeMethodAccessorImpl.invoke(NativeMethodAccessorImpl.java:62)
	at java.base/jdk.internal.reflect.DelegatingMethodAccessorImpl.invoke(DelegatingMethodAccessorImpl.java:43)
	at java.base/java.lang.reflect.Method.invoke(Method.java:566)
	at org.testng.internal.MethodInvocationHelper.invokeMethod(MethodInvocationHelper.java:133)
	at org.testng.internal.TestInvoker.invokeMethod(TestInvoker.java:598)
	at org.testng.internal.TestInvoker.invokeTestMethod(TestInvoker.java:173)
	at org.testng.internal.MethodRunner.runInSequence(MethodRunner.java:46)
	at org.testng.internal.TestInvoker$MethodInvocationAgent.invoke(TestInvoker.java:824)
	at org.testng.internal.TestInvoker.invokeTestMethods(TestInvoker.java:146)
	at org.testng.internal.TestMethodWorker.invokeTestMethods(TestMethodWorker.java:146)
	at org.testng.internal.TestMethodWorker.run(TestMethodWorker.java:128)
	at java.base/java.util.ArrayList.forEach(ArrayList.java:1540)
	at org.testng.TestRunner.privateRun(TestRunner.java:794)
	at org.testng.TestRunner.run(TestRunner.java:596)
	at org.testng.SuiteRunner.runTest(SuiteRunner.java:377)
	at org.testng.SuiteRunner.runSequentially(SuiteRunner.java:371)
	at org.testng.SuiteRunner.privateRun(SuiteRunner.java:332)
	at org.testng.SuiteRunner.run(SuiteRunner.java:276)
	at org.testng.SuiteRunnerWorker.runSuite(SuiteRunnerWorker.java:53)
	at org.testng.SuiteRunnerWorker.run(SuiteRunnerWorker.java:96)
	at org.testng.TestNG.runSuitesSequentially(TestNG.java:1212)
	at org.testng.TestNG.runSuitesLocally(TestNG.java:1134)
	at org.testng.TestNG.runSuites(TestNG.java:1063)
	at org.testng.TestNG.run(TestNG.java:1031)
	at org.apache.maven.surefire.testng.TestNGExecutor.run(TestNGExecutor.java:283)
	at org.apache.maven.surefire.testng.TestNGXmlTestSuite.execute(TestNGXmlTestSuite.java:75)
	at org.apache.maven.surefire.testng.TestNGProvider.invoke(TestNGProvider.java:120)
	at org.apache.maven.surefire.booter.ForkedBooter.invokeProviderInSameClassLoader(ForkedBooter.java:384)
	at org.apache.maven.surefire.booter.ForkedBooter.runSuitesInProcess(ForkedBooter.java:345)
	at org.apache.maven.surefire.booter.ForkedBooter.execute(ForkedBooter.java:126)
	at org.apache.maven.surefire.booter.ForkedBooter.main(ForkedBooter.java:418)
Caused by: org.openqa.selenium.NoSuchElementException: Can't locate an element by this strategy: By.chained({By.all({By.xpath: //android.widget.TextView[@resource-id='com.arris.sbcBeta:id/btnskip],By.xpath: //android.widget.TextView[@bounds='[61,1829][1019,1966]'],By.id: com.arris.sbcBeta:id/btnskip})})
	at io.appium.java_client.pagefactory.AppiumElementLocator.findElement(AppiumElementLocator.java:126)
	at io.appium.java_client.pagefactory.interceptors.InterceptorOfASingleElement.intercept(InterceptorOfASingleElement.java:59)
	at io.appium.java_client.android.AndroidElement$$EnhancerByCGLIB$$b598166c.isDisplayed(<generated>)
	at org.openqa.selenium.support.ui.ExpectedConditions.elementIfVisible(ExpectedConditions.java:314)
	at org.openqa.selenium.support.ui.ExpectedConditions.access$000(ExpectedConditions.java:43)
	at org.openqa.selenium.support.ui.ExpectedConditions$10.apply(ExpectedConditions.java:300)
	at org.openqa.selenium.support.ui.ExpectedConditions$10.apply(ExpectedConditions.java:297)
	at org.openqa.selenium.support.ui.FluentWait.until(FluentWait.java:249)
	... 38 more
Caused by: org.openqa.selenium.TimeoutException: Expected condition failed: waiting for io.appium.java_client.pagefactory.AppiumElementLocator$WaitingFunction@4d634127 (tried for 1 second(s) with 500 milliseconds interval)
	at org.openqa.selenium.support.ui.FluentWait.timeoutException(FluentWait.java:304)
	at org.openqa.selenium.support.ui.FluentWait.until(FluentWait.java:272)
	at io.appium.java_client.pagefactory.AppiumElementLocator.waitFor(AppiumElementLocator.java:99)
	at io.appium.java_client.pagefactory.AppiumElementLocator.findElement(AppiumElementLocator.java:119)
	... 45 more
Caused by: org.openqa.selenium.NoSuchElementException: Cannot locate an element using By.chained({By.all({By.xpath: //android.widget.TextView[@resource-id='com.arris.sbcBeta:id/btnskip],By.xpath: //android.widget.TextView[@bounds='[61,1829][1019,1966]'],By.id: com.arris.sbcBeta:id/btnskip})})
For documentation on this error, please visit: https://www.seleniumhq.org/exceptions/no_such_element.html
Build info: version: '3.141.59', revision: 'e82be7d358', time: '2018-11-14T08:17:03'
System info: host: 'techleads-Mac-mini.local', ip: '192.168.0.102', os.name: 'Mac OS X', os.arch: 'x86_64', os.version: '10.16', java.version: '11.0.2'
Driver info: driver.version: AndroidDriver
	at io.appium.java_client.pagefactory.bys.builder.ByChained.findElement(ByChained.java:74)
	at org.openqa.selenium.remote.RemoteWebDriver.findElement(RemoteWebDriver.java:315)
	at io.appium.java_client.DefaultGenericMobileDriver.findElement(DefaultGenericMobileDriver.java:57)
	at io.appium.java_client.AppiumDriver.findElement(AppiumDriver.java:1)
	at io.appium.java_client.android.AndroidDriver.findElement(AndroidDriver.java:1)
	at io.appium.java_client.pagefactory.bys.ContentMappedBy.findElement(ContentMappedBy.java:50)
	at org.openqa.selenium.remote.RemoteWebDriver.findElement(RemoteWebDriver.java:315)
	at io.appium.java_client.DefaultGenericMobileDriver.findElement(DefaultGenericMobileDriver.java:57)
	at io.appium.java_client.AppiumDriver.findElement(AppiumDriver.java:1)
	at io.appium.java_client.android.AndroidDriver.findElement(AndroidDriver.java:1)
	at io.appium.java_client.pagefactory.AppiumElementLocator.lambda$0(AppiumElementLocator.java:120)
	at io.appium.java_client.pagefactory.AppiumElementLocator$WaitingFunction.apply(AppiumElementLocator.java:172)
	at io.appium.java_client.pagefactory.AppiumElementLocator$WaitingFunction.apply(AppiumElementLocator.java:1)
	at org.openqa.selenium.support.ui.FluentWait.until(FluentWait.java:249)
	... 47 more

[logs/Android_RZ8M3002DGL/2021-12-05 INFO ] 2021-12-05 19:46:57.093 ParentClass:427 - video path: videos/Android_RZ8M3002DGL/2021-12-05-19-45-23/TC01_Simple_Test/Login_And_Onboard.mp4
[logs/Android_RZ8M3002DGL/2021-12-05 INFO ] 2021-12-05 19:46:58.053 TC01_Simple_Test:108 - 

****** starting test : Verify_Hamburger_Surfboard_Help_UI_Page ******

[logs/Android_RZ8M3002DGL/2021-12-05 ERROR] 2021-12-05 19:47:09.510 TestListener:39 - org.openqa.selenium.NoSuchElementException: Can't locate an element by this strategy: By.chained({By.all({By.xpath: //android.widget.ImageButton[@content-desc='Navigate up'],By.xpath: //android.widget.ImageButton[@bounds='[0,112][147,259]']})})
	at io.appium.java_client.pagefactory.AppiumElementLocator.findElement(AppiumElementLocator.java:126)
	at io.appium.java_client.pagefactory.interceptors.InterceptorOfASingleElement.intercept(InterceptorOfASingleElement.java:59)
	at io.appium.java_client.android.AndroidElement$$EnhancerByCGLIB$$b598166c.isDisplayed(<generated>)
	at com.cs.arris.Pages.HomePage.clickNavigationButton(HomePage.java:521)
	at com.cs.arris.Tests.TC01_Simple_Test.Verify_Hamburger_Surfboard_Help_UI_Page(TC01_Simple_Test.java:335)
	at java.base/jdk.internal.reflect.NativeMethodAccessorImpl.invoke0(Native Method)
	at java.base/jdk.internal.reflect.NativeMethodAccessorImpl.invoke(NativeMethodAccessorImpl.java:62)
	at java.base/jdk.internal.reflect.DelegatingMethodAccessorImpl.invoke(DelegatingMethodAccessorImpl.java:43)
	at java.base/java.lang.reflect.Method.invoke(Method.java:566)
	at org.testng.internal.MethodInvocationHelper.invokeMethod(MethodInvocationHelper.java:133)
	at org.testng.internal.TestInvoker.invokeMethod(TestInvoker.java:598)
	at org.testng.internal.TestInvoker.invokeTestMethod(TestInvoker.java:173)
	at org.testng.internal.MethodRunner.runInSequence(MethodRunner.java:46)
	at org.testng.internal.TestInvoker$MethodInvocationAgent.invoke(TestInvoker.java:824)
	at org.testng.internal.TestInvoker.invokeTestMethods(TestInvoker.java:146)
	at org.testng.internal.TestMethodWorker.invokeTestMethods(TestMethodWorker.java:146)
	at org.testng.internal.TestMethodWorker.run(TestMethodWorker.java:128)
	at java.base/java.util.ArrayList.forEach(ArrayList.java:1540)
	at org.testng.TestRunner.privateRun(TestRunner.java:794)
	at org.testng.TestRunner.run(TestRunner.java:596)
	at org.testng.SuiteRunner.runTest(SuiteRunner.java:377)
	at org.testng.SuiteRunner.runSequentially(SuiteRunner.java:371)
	at org.testng.SuiteRunner.privateRun(SuiteRunner.java:332)
	at org.testng.SuiteRunner.run(SuiteRunner.java:276)
	at org.testng.SuiteRunnerWorker.runSuite(SuiteRunnerWorker.java:53)
	at org.testng.SuiteRunnerWorker.run(SuiteRunnerWorker.java:96)
	at org.testng.TestNG.runSuitesSequentially(TestNG.java:1212)
	at org.testng.TestNG.runSuitesLocally(TestNG.java:1134)
	at org.testng.TestNG.runSuites(TestNG.java:1063)
	at org.testng.TestNG.run(TestNG.java:1031)
	at org.apache.maven.surefire.testng.TestNGExecutor.run(TestNGExecutor.java:283)
	at org.apache.maven.surefire.testng.TestNGXmlTestSuite.execute(TestNGXmlTestSuite.java:75)
	at org.apache.maven.surefire.testng.TestNGProvider.invoke(TestNGProvider.java:120)
	at org.apache.maven.surefire.booter.ForkedBooter.invokeProviderInSameClassLoader(ForkedBooter.java:384)
	at org.apache.maven.surefire.booter.ForkedBooter.runSuitesInProcess(ForkedBooter.java:345)
	at org.apache.maven.surefire.booter.ForkedBooter.execute(ForkedBooter.java:126)
	at org.apache.maven.surefire.booter.ForkedBooter.main(ForkedBooter.java:418)
Caused by: org.openqa.selenium.TimeoutException: Expected condition failed: waiting for io.appium.java_client.pagefactory.AppiumElementLocator$WaitingFunction@769bd849 (tried for 1 second(s) with 500 milliseconds interval)
	at org.openqa.selenium.support.ui.FluentWait.timeoutException(FluentWait.java:304)
	at org.openqa.selenium.support.ui.FluentWait.until(FluentWait.java:272)
	at io.appium.java_client.pagefactory.AppiumElementLocator.waitFor(AppiumElementLocator.java:99)
	at io.appium.java_client.pagefactory.AppiumElementLocator.findElement(AppiumElementLocator.java:119)
	... 36 more
Caused by: org.openqa.selenium.NoSuchElementException: Cannot locate an element using By.chained({By.all({By.xpath: //android.widget.ImageButton[@content-desc='Navigate up'],By.xpath: //android.widget.ImageButton[@bounds='[0,112][147,259]']})})
For documentation on this error, please visit: https://www.seleniumhq.org/exceptions/no_such_element.html
Build info: version: '3.141.59', revision: 'e82be7d358', time: '2018-11-14T08:17:03'
System info: host: 'techleads-Mac-mini.local', ip: '192.168.0.102', os.name: 'Mac OS X', os.arch: 'x86_64', os.version: '10.16', java.version: '11.0.2'
Driver info: driver.version: AndroidDriver
	at io.appium.java_client.pagefactory.bys.builder.ByChained.findElement(ByChained.java:74)
	at org.openqa.selenium.remote.RemoteWebDriver.findElement(RemoteWebDriver.java:315)
	at io.appium.java_client.DefaultGenericMobileDriver.findElement(DefaultGenericMobileDriver.java:57)
	at io.appium.java_client.AppiumDriver.findElement(AppiumDriver.java:1)
	at io.appium.java_client.android.AndroidDriver.findElement(AndroidDriver.java:1)
	at io.appium.java_client.pagefactory.bys.ContentMappedBy.findElement(ContentMappedBy.java:50)
	at org.openqa.selenium.remote.RemoteWebDriver.findElement(RemoteWebDriver.java:315)
	at io.appium.java_client.DefaultGenericMobileDriver.findElement(DefaultGenericMobileDriver.java:57)
	at io.appium.java_client.AppiumDriver.findElement(AppiumDriver.java:1)
	at io.appium.java_client.android.AndroidDriver.findElement(AndroidDriver.java:1)
	at io.appium.java_client.pagefactory.AppiumElementLocator.lambda$0(AppiumElementLocator.java:120)
	at io.appium.java_client.pagefactory.AppiumElementLocator$WaitingFunction.apply(AppiumElementLocator.java:172)
	at io.appium.java_client.pagefactory.AppiumElementLocator$WaitingFunction.apply(AppiumElementLocator.java:1)
	at org.openqa.selenium.support.ui.FluentWait.until(FluentWait.java:249)
	... 38 more

[logs/Android_RZ8M3002DGL/2021-12-05 INFO ] 2021-12-05 19:47:10.638 ParentClass:427 - video path: videos/Android_RZ8M3002DGL/2021-12-05-19-45-23/TC01_Simple_Test/Verify_Hamburger_Surfboard_Help_UI_Page.mp4
[logs/Android_RZ8M3002DGL/2021-12-05 INFO ] 2021-12-05 19:47:20.271 TC02_Medium_Test:60 - Loading...Sign Up Test Data
[logs/Android_RZ8M3002DGL/2021-12-05 INFO ] 2021-12-05 19:47:20.273 ParentClass:324 - loading...testdata/signup
[logs/Android_RZ8M3002DGL/2021-12-05 INFO ] 2021-12-05 19:47:20.282 TC02_Medium_Test:64 - First Name : demouser
[logs/Android_RZ8M3002DGL/2021-12-05 INFO ] 2021-12-05 19:47:20.283 TC02_Medium_Test:67 - Last Name : demouser
[logs/Android_RZ8M3002DGL/2021-12-05 INFO ] 2021-12-05 19:47:20.283 TC02_Medium_Test:70 - Email address : demouser2652@gmail.com
[logs/Android_RZ8M3002DGL/2021-12-05 INFO ] 2021-12-05 19:47:20.284 TC02_Medium_Test:73 - UDID : RZ8M3002DGL
[logs/Android_RZ8M3002DGL/2021-12-05 INFO ] 2021-12-05 19:47:20.284 TC02_Medium_Test:75 - Retrieved...Sign Up Test Data
[logs/Android_RZ8M3002DGL/2021-12-05 INFO ] 2021-12-05 19:47:20.933 TC02_Medium_Test:84 - 

****** starting test : Login_And_Onboard ******

[logs/Android_RZ8M3002DGL/2021-12-05 INFO ] 2021-12-05 19:47:20.938 TC02_Medium_Test:90 -                         
[logs/Android_RZ8M3002DGL/2021-12-05 INFO ] 2021-12-05 19:47:20.939 TC02_Medium_Test:91 - ************************
[logs/Android_RZ8M3002DGL/2021-12-05 INFO ] 2021-12-05 19:47:20.940 TC02_Medium_Test:92 - Test: Login And Onboard 
[logs/Android_RZ8M3002DGL/2021-12-05 INFO ] 2021-12-05 19:47:20.940 TC02_Medium_Test:93 - ************************
[logs/Android_RZ8M3002DGL/2021-12-05 INFO ] 2021-12-05 19:47:21.211 GetStartedPage:44 - Get Started - Clicked on Get Started Button
[logs/Android_RZ8M3002DGL/2021-12-05 INFO ] 2021-12-05 19:47:21.960 GrantPermissionsPage:183 - Grant Permissions - Clicked on Continue Button
[logs/Android_RZ8M3002DGL/2021-12-05 INFO ] 2021-12-05 19:47:23.899 DeviceLocationPage:112 - Device Location - Only This Time Link is not displayed
[logs/Android_RZ8M3002DGL/2021-12-05 INFO ] 2021-12-05 19:47:27.318 AccessResourcesOnDevicePage:49 - Access Resources On Device - Clicked on Allow Link
[logs/Android_RZ8M3002DGL/2021-12-05 INFO ] 2021-12-05 19:47:28.630 SelectYourDevicePage:64 - Select your Device 1 - Selected SURFboard mAX option
[logs/Android_RZ8M3002DGL/2021-12-05 INFO ] 2021-12-05 19:47:29.513 SelectYourDevicePage:72 - Select your Device 1 - Clicked Next Button
[logs/Android_RZ8M3002DGL/2021-12-05 INFO ] 2021-12-05 19:47:30.569 SelectYourDevicePage2:73 - Select your Device 2 - Selected mAX Pro AX11000 option
[logs/Android_RZ8M3002DGL/2021-12-05 INFO ] 2021-12-05 19:47:31.521 SelectYourDevicePage2:82 - Select your Device 2 - Clicked Next Button
[logs/Android_RZ8M3002DGL/2021-12-05 INFO ] 2021-12-05 19:47:37.576 SiginPage:52 - Sigin Page - Entered user email address
[logs/Android_RZ8M3002DGL/2021-12-05 INFO ] 2021-12-05 19:47:38.440 SiginPage:61 - Sigin Page - Clicked on Signin Button
[logs/Android_RZ8M3002DGL/2021-12-05 INFO ] 2021-12-05 19:47:50.599 ValidOTP:128 - loading...emailDetails
[logs/Android_RZ8M3002DGL/2021-12-05 INFO ] 2021-12-05 19:47:54.971 EnterValidOTPPage:61 - Entering valid OTP...957169
[logs/Android_RZ8M3002DGL/2021-12-05 INFO ] 2021-12-05 19:47:56.528 CodeVerifiedPage:74 - OTP Code Verified Page - Clicked on Next Button
[logs/Android_RZ8M3002DGL/2021-12-05 ERROR] 2021-12-05 19:48:15.323 TestListener:39 - org.openqa.selenium.TimeoutException: Expected condition failed: waiting for visibility of Located by By.chained({By.all({By.xpath: //android.widget.TextView[@resource-id='com.arris.sbcBeta:id/btnskip],By.xpath: //android.widget.TextView[@bounds='[61,1829][1019,1966]'],By.id: com.arris.sbcBeta:id/btnskip})}) (tried for 10 second(s) with 500 milliseconds interval)
	at org.openqa.selenium.support.ui.WebDriverWait.timeoutException(WebDriverWait.java:95)
	at org.openqa.selenium.support.ui.FluentWait.until(FluentWait.java:272)
	at com.cs.arris.Base.ParentClass.waitForVisibility(ParentClass.java:439)
	at com.cs.arris.Base.ParentClass.click(ParentClass.java:462)
	at com.cs.arris.Pages.SetUpYourWiFiManagementPage.clickskipTutorialButton(SetUpYourWiFiManagementPage.java:48)
	at com.cs.arris.Tests.TC02_Medium_Test.lambda$Login_And_Onboard$10(TC02_Medium_Test.java:134)
	at com.cs.arris.Workflows.TC52_Login_And_Verify_HomePage_Workflow.setupWifi(TC52_Login_And_Verify_HomePage_Workflow.java:134)
	at com.cs.arris.Tests.TC02_Medium_Test.Login_And_Onboard(TC02_Medium_Test.java:133)
	at java.base/jdk.internal.reflect.NativeMethodAccessorImpl.invoke0(Native Method)
	at java.base/jdk.internal.reflect.NativeMethodAccessorImpl.invoke(NativeMethodAccessorImpl.java:62)
	at java.base/jdk.internal.reflect.DelegatingMethodAccessorImpl.invoke(DelegatingMethodAccessorImpl.java:43)
	at java.base/java.lang.reflect.Method.invoke(Method.java:566)
	at org.testng.internal.MethodInvocationHelper.invokeMethod(MethodInvocationHelper.java:133)
	at org.testng.internal.TestInvoker.invokeMethod(TestInvoker.java:598)
	at org.testng.internal.TestInvoker.invokeTestMethod(TestInvoker.java:173)
	at org.testng.internal.MethodRunner.runInSequence(MethodRunner.java:46)
	at org.testng.internal.TestInvoker$MethodInvocationAgent.invoke(TestInvoker.java:824)
	at org.testng.internal.TestInvoker.invokeTestMethods(TestInvoker.java:146)
	at org.testng.internal.TestMethodWorker.invokeTestMethods(TestMethodWorker.java:146)
	at org.testng.internal.TestMethodWorker.run(TestMethodWorker.java:128)
	at java.base/java.util.ArrayList.forEach(ArrayList.java:1540)
	at org.testng.TestRunner.privateRun(TestRunner.java:794)
	at org.testng.TestRunner.run(TestRunner.java:596)
	at org.testng.SuiteRunner.runTest(SuiteRunner.java:377)
	at org.testng.SuiteRunner.runSequentially(SuiteRunner.java:371)
	at org.testng.SuiteRunner.privateRun(SuiteRunner.java:332)
	at org.testng.SuiteRunner.run(SuiteRunner.java:276)
	at org.testng.SuiteRunnerWorker.runSuite(SuiteRunnerWorker.java:53)
	at org.testng.SuiteRunnerWorker.run(SuiteRunnerWorker.java:96)
	at org.testng.TestNG.runSuitesSequentially(TestNG.java:1212)
	at org.testng.TestNG.runSuitesLocally(TestNG.java:1134)
	at org.testng.TestNG.runSuites(TestNG.java:1063)
	at org.testng.TestNG.run(TestNG.java:1031)
	at org.apache.maven.surefire.testng.TestNGExecutor.run(TestNGExecutor.java:283)
	at org.apache.maven.surefire.testng.TestNGXmlTestSuite.execute(TestNGXmlTestSuite.java:75)
	at org.apache.maven.surefire.testng.TestNGProvider.invoke(TestNGProvider.java:120)
	at org.apache.maven.surefire.booter.ForkedBooter.invokeProviderInSameClassLoader(ForkedBooter.java:384)
	at org.apache.maven.surefire.booter.ForkedBooter.runSuitesInProcess(ForkedBooter.java:345)
	at org.apache.maven.surefire.booter.ForkedBooter.execute(ForkedBooter.java:126)
	at org.apache.maven.surefire.booter.ForkedBooter.main(ForkedBooter.java:418)
Caused by: org.openqa.selenium.NoSuchElementException: Can't locate an element by this strategy: By.chained({By.all({By.xpath: //android.widget.TextView[@resource-id='com.arris.sbcBeta:id/btnskip],By.xpath: //android.widget.TextView[@bounds='[61,1829][1019,1966]'],By.id: com.arris.sbcBeta:id/btnskip})})
	at io.appium.java_client.pagefactory.AppiumElementLocator.findElement(AppiumElementLocator.java:126)
	at io.appium.java_client.pagefactory.interceptors.InterceptorOfASingleElement.intercept(InterceptorOfASingleElement.java:59)
	at io.appium.java_client.android.AndroidElement$$EnhancerByCGLIB$$b598166c.isDisplayed(<generated>)
	at org.openqa.selenium.support.ui.ExpectedConditions.elementIfVisible(ExpectedConditions.java:314)
	at org.openqa.selenium.support.ui.ExpectedConditions.access$000(ExpectedConditions.java:43)
	at org.openqa.selenium.support.ui.ExpectedConditions$10.apply(ExpectedConditions.java:300)
	at org.openqa.selenium.support.ui.ExpectedConditions$10.apply(ExpectedConditions.java:297)
	at org.openqa.selenium.support.ui.FluentWait.until(FluentWait.java:249)
	... 38 more
Caused by: org.openqa.selenium.TimeoutException: Expected condition failed: waiting for io.appium.java_client.pagefactory.AppiumElementLocator$WaitingFunction@5fef0c19 (tried for 1 second(s) with 500 milliseconds interval)
	at org.openqa.selenium.support.ui.FluentWait.timeoutException(FluentWait.java:304)
	at org.openqa.selenium.support.ui.FluentWait.until(FluentWait.java:272)
	at io.appium.java_client.pagefactory.AppiumElementLocator.waitFor(AppiumElementLocator.java:99)
	at io.appium.java_client.pagefactory.AppiumElementLocator.findElement(AppiumElementLocator.java:119)
	... 45 more
Caused by: org.openqa.selenium.NoSuchElementException: Cannot locate an element using By.chained({By.all({By.xpath: //android.widget.TextView[@resource-id='com.arris.sbcBeta:id/btnskip],By.xpath: //android.widget.TextView[@bounds='[61,1829][1019,1966]'],By.id: com.arris.sbcBeta:id/btnskip})})
For documentation on this error, please visit: https://www.seleniumhq.org/exceptions/no_such_element.html
Build info: version: '3.141.59', revision: 'e82be7d358', time: '2018-11-14T08:17:03'
System info: host: 'techleads-Mac-mini.local', ip: '192.168.0.102', os.name: 'Mac OS X', os.arch: 'x86_64', os.version: '10.16', java.version: '11.0.2'
Driver info: driver.version: AndroidDriver
	at io.appium.java_client.pagefactory.bys.builder.ByChained.findElement(ByChained.java:74)
	at org.openqa.selenium.remote.RemoteWebDriver.findElement(RemoteWebDriver.java:315)
	at io.appium.java_client.DefaultGenericMobileDriver.findElement(DefaultGenericMobileDriver.java:57)
	at io.appium.java_client.AppiumDriver.findElement(AppiumDriver.java:1)
	at io.appium.java_client.android.AndroidDriver.findElement(AndroidDriver.java:1)
	at io.appium.java_client.pagefactory.bys.ContentMappedBy.findElement(ContentMappedBy.java:50)
	at org.openqa.selenium.remote.RemoteWebDriver.findElement(RemoteWebDriver.java:315)
	at io.appium.java_client.DefaultGenericMobileDriver.findElement(DefaultGenericMobileDriver.java:57)
	at io.appium.java_client.AppiumDriver.findElement(AppiumDriver.java:1)
	at io.appium.java_client.android.AndroidDriver.findElement(AndroidDriver.java:1)
	at io.appium.java_client.pagefactory.AppiumElementLocator.lambda$0(AppiumElementLocator.java:120)
	at io.appium.java_client.pagefactory.AppiumElementLocator$WaitingFunction.apply(AppiumElementLocator.java:172)
	at io.appium.java_client.pagefactory.AppiumElementLocator$WaitingFunction.apply(AppiumElementLocator.java:1)
	at org.openqa.selenium.support.ui.FluentWait.until(FluentWait.java:249)
	... 47 more

[logs/Android_RZ8M3002DGL/2021-12-05 INFO ] 2021-12-05 19:48:20.417 ParentClass:427 - video path: videos/Android_RZ8M3002DGL/2021-12-05-19-45-23/TC02_Medium_Test/Login_And_Onboard.mp4
[logs/Android_RZ8M3002DGL/2021-12-05 INFO ] 2021-12-05 19:48:29.832 TC03_Complex_Test:61 - Loading...Sign Up Test Data
[logs/Android_RZ8M3002DGL/2021-12-05 INFO ] 2021-12-05 19:48:29.834 ParentClass:324 - loading...testdata/signup
[logs/Android_RZ8M3002DGL/2021-12-05 INFO ] 2021-12-05 19:48:29.855 TC03_Complex_Test:65 - First Name : demouser
[logs/Android_RZ8M3002DGL/2021-12-05 INFO ] 2021-12-05 19:48:29.858 TC03_Complex_Test:68 - Last Name : demouser
[logs/Android_RZ8M3002DGL/2021-12-05 INFO ] 2021-12-05 19:48:29.859 TC03_Complex_Test:71 - Email address : demouser2652@gmail.com
[logs/Android_RZ8M3002DGL/2021-12-05 INFO ] 2021-12-05 19:48:29.859 TC03_Complex_Test:74 - UDID : RZ8M3002DGL
[logs/Android_RZ8M3002DGL/2021-12-05 INFO ] 2021-12-05 19:48:29.859 TC03_Complex_Test:76 - Retrieved...Sign Up Test Data
[logs/Android_RZ8M3002DGL/2021-12-05 INFO ] 2021-12-05 19:48:30.601 TC03_Complex_Test:85 - 

****** starting test : Login_And_Onboard ******

[logs/Android_RZ8M3002DGL/2021-12-05 INFO ] 2021-12-05 19:48:30.939 GetStartedPage:44 - Get Started - Clicked on Get Started Button
[logs/Android_RZ8M3002DGL/2021-12-05 INFO ] 2021-12-05 19:48:31.695 GrantPermissionsPage:183 - Grant Permissions - Clicked on Continue Button
[logs/Android_RZ8M3002DGL/2021-12-05 INFO ] 2021-12-05 19:48:42.902 DeviceLocationPage:110 - Device Location - Clicked Allow
[logs/Android_RZ8M3002DGL/2021-12-05 INFO ] 2021-12-05 19:48:46.404 AccessResourcesOnDevicePage:49 - Access Resources On Device - Clicked on Allow Link
[logs/Android_RZ8M3002DGL/2021-12-05 INFO ] 2021-12-05 19:48:47.707 SelectYourDevicePage:64 - Select your Device 1 - Selected SURFboard mAX option
[logs/Android_RZ8M3002DGL/2021-12-05 INFO ] 2021-12-05 19:48:48.611 SelectYourDevicePage:72 - Select your Device 1 - Clicked Next Button
[logs/Android_RZ8M3002DGL/2021-12-05 INFO ] 2021-12-05 19:48:49.651 SelectYourDevicePage2:73 - Select your Device 2 - Selected mAX Pro AX11000 option
[logs/Android_RZ8M3002DGL/2021-12-05 INFO ] 2021-12-05 19:48:50.619 SelectYourDevicePage2:82 - Select your Device 2 - Clicked Next Button
[logs/Android_RZ8M3002DGL/2021-12-05 INFO ] 2021-12-05 19:48:54.063 SiginPage:52 - Sigin Page - Entered user email address
[logs/Android_RZ8M3002DGL/2021-12-05 INFO ] 2021-12-05 19:48:54.891 SiginPage:61 - Sigin Page - Clicked on Signin Button
[logs/Android_RZ8M3002DGL/2021-12-05 INFO ] 2021-12-05 19:49:06.949 ValidOTP:128 - loading...emailDetails
[logs/Android_RZ8M3002DGL/2021-12-05 INFO ] 2021-12-05 19:49:10.735 EnterValidOTPPage:61 - Entering valid OTP...189929
[logs/Android_RZ8M3002DGL/2021-12-05 INFO ] 2021-12-05 19:49:12.246 CodeVerifiedPage:74 - OTP Code Verified Page - Clicked on Next Button
[logs/Android_RZ8M3002DGL/2021-12-05 ERROR] 2021-12-05 19:50:43.950 TestListener:39 - org.openqa.selenium.WebDriverException: org.openqa.selenium.WebDriverException: An unknown server-side error occurred while processing the command. Original error: Could not proxy command to the remote server. Original error: socket hang up
Build info: version: '3.141.59', revision: 'e82be7d358', time: '2018-11-14T08:17:03'
System info: host: 'techleads-Mac-mini.local', ip: '192.168.0.102', os.name: 'Mac OS X', os.arch: 'x86_64', os.version: '10.16', java.version: '11.0.2'
Driver info: io.appium.java_client.android.AndroidDriver
Capabilities {app: /Users/prabhu/.jenkins/work..., appPackage: com.arris.sbcBeta, automationName: UiAutomator2, databaseEnabled: false, desired: {app: /Users/prabhu/.jenkins/work..., automationName: UiAutomator2, deviceName: Android, newCommandTimeout: 105, noReset: false, platformName: android, udid: RZ8M3002DGL, version: 11}, deviceApiLevel: 30, deviceManufacturer: samsung, deviceModel: SM-G973F, deviceName: RZ8M3002DGL, deviceScreenDensity: 420, deviceScreenSize: 1080x2280, deviceUDID: RZ8M3002DGL, javascriptEnabled: true, locationContextEnabled: false, networkConnectionEnabled: true, newCommandTimeout: 105, noReset: false, pixelRatio: 2.625, platform: LINUX, platformName: Android, platformVersion: 11, statBarHeight: 112, takesScreenshot: true, udid: RZ8M3002DGL, version: 11, viewportRect: {height: 1930, left: 0, top: 112, width: 1080}, warnings: {}, webStorageEnabled: false}
Session ID: a557184b-7d28-43fc-9145-cbbf5aaedbdc
*** Element info: {Using=id, value=com.arris.sbcBeta:id/btnskip}
	at io.appium.java_client.pagefactory.AppiumElementLocator$WaitingFunction.apply(AppiumElementLocator.java:192)
	at io.appium.java_client.pagefactory.AppiumElementLocator$WaitingFunction.apply(AppiumElementLocator.java:1)
	at org.openqa.selenium.support.ui.FluentWait.until(FluentWait.java:249)
	at io.appium.java_client.pagefactory.AppiumElementLocator.waitFor(AppiumElementLocator.java:99)
	at io.appium.java_client.pagefactory.AppiumElementLocator.findElement(AppiumElementLocator.java:119)
	at io.appium.java_client.pagefactory.interceptors.InterceptorOfASingleElement.intercept(InterceptorOfASingleElement.java:59)
	at io.appium.java_client.android.AndroidElement$$EnhancerByCGLIB$$b598166c.isDisplayed(<generated>)
	at org.openqa.selenium.support.ui.ExpectedConditions.elementIfVisible(ExpectedConditions.java:314)
	at org.openqa.selenium.support.ui.ExpectedConditions.access$000(ExpectedConditions.java:43)
	at org.openqa.selenium.support.ui.ExpectedConditions$10.apply(ExpectedConditions.java:300)
	at org.openqa.selenium.support.ui.ExpectedConditions$10.apply(ExpectedConditions.java:297)
	at org.openqa.selenium.support.ui.FluentWait.until(FluentWait.java:249)
	at com.cs.arris.Base.ParentClass.waitForVisibility(ParentClass.java:439)
	at com.cs.arris.Base.ParentClass.click(ParentClass.java:462)
	at com.cs.arris.Pages.SetUpYourWiFiManagementPage.clickskipTutorialButton(SetUpYourWiFiManagementPage.java:48)
	at com.cs.arris.Tests.TC03_Complex_Test.lambda$Login_And_Onboard$10(TC03_Complex_Test.java:130)
	at com.cs.arris.Workflows.TC52_Login_And_Verify_HomePage_Workflow.setupWifi(TC52_Login_And_Verify_HomePage_Workflow.java:134)
	at com.cs.arris.Tests.TC03_Complex_Test.Login_And_Onboard(TC03_Complex_Test.java:129)
	at java.base/jdk.internal.reflect.NativeMethodAccessorImpl.invoke0(Native Method)
	at java.base/jdk.internal.reflect.NativeMethodAccessorImpl.invoke(NativeMethodAccessorImpl.java:62)
	at java.base/jdk.internal.reflect.DelegatingMethodAccessorImpl.invoke(DelegatingMethodAccessorImpl.java:43)
	at java.base/java.lang.reflect.Method.invoke(Method.java:566)
	at org.testng.internal.MethodInvocationHelper.invokeMethod(MethodInvocationHelper.java:133)
	at org.testng.internal.TestInvoker.invokeMethod(TestInvoker.java:598)
	at org.testng.internal.TestInvoker.invokeTestMethod(TestInvoker.java:173)
	at org.testng.internal.MethodRunner.runInSequence(MethodRunner.java:46)
	at org.testng.internal.TestInvoker$MethodInvocationAgent.invoke(TestInvoker.java:824)
	at org.testng.internal.TestInvoker.invokeTestMethods(TestInvoker.java:146)
	at org.testng.internal.TestMethodWorker.invokeTestMethods(TestMethodWorker.java:146)
	at org.testng.internal.TestMethodWorker.run(TestMethodWorker.java:128)
	at java.base/java.util.ArrayList.forEach(ArrayList.java:1540)
	at org.testng.TestRunner.privateRun(TestRunner.java:794)
	at org.testng.TestRunner.run(TestRunner.java:596)
	at org.testng.SuiteRunner.runTest(SuiteRunner.java:377)
	at org.testng.SuiteRunner.runSequentially(SuiteRunner.java:371)
	at org.testng.SuiteRunner.privateRun(SuiteRunner.java:332)
	at org.testng.SuiteRunner.run(SuiteRunner.java:276)
	at org.testng.SuiteRunnerWorker.runSuite(SuiteRunnerWorker.java:53)
	at org.testng.SuiteRunnerWorker.run(SuiteRunnerWorker.java:96)
	at org.testng.TestNG.runSuitesSequentially(TestNG.java:1212)
	at org.testng.TestNG.runSuitesLocally(TestNG.java:1134)
	at org.testng.TestNG.runSuites(TestNG.java:1063)
	at org.testng.TestNG.run(TestNG.java:1031)
	at org.apache.maven.surefire.testng.TestNGExecutor.run(TestNGExecutor.java:283)
	at org.apache.maven.surefire.testng.TestNGXmlTestSuite.execute(TestNGXmlTestSuite.java:75)
	at org.apache.maven.surefire.testng.TestNGProvider.invoke(TestNGProvider.java:120)
	at org.apache.maven.surefire.booter.ForkedBooter.invokeProviderInSameClassLoader(ForkedBooter.java:384)
	at org.apache.maven.surefire.booter.ForkedBooter.runSuitesInProcess(ForkedBooter.java:345)
	at org.apache.maven.surefire.booter.ForkedBooter.execute(ForkedBooter.java:126)
	at org.apache.maven.surefire.booter.ForkedBooter.main(ForkedBooter.java:418)
Caused by: org.openqa.selenium.WebDriverException: An unknown server-side error occurred while processing the command. Original error: Could not proxy command to the remote server. Original error: socket hang up
Build info: version: '3.141.59', revision: 'e82be7d358', time: '2018-11-14T08:17:03'
System info: host: 'techleads-Mac-mini.local', ip: '192.168.0.102', os.name: 'Mac OS X', os.arch: 'x86_64', os.version: '10.16', java.version: '11.0.2'
Driver info: io.appium.java_client.android.AndroidDriver
Capabilities {app: /Users/prabhu/.jenkins/work..., appPackage: com.arris.sbcBeta, automationName: UiAutomator2, databaseEnabled: false, desired: {app: /Users/prabhu/.jenkins/work..., automationName: UiAutomator2, deviceName: Android, newCommandTimeout: 105, noReset: false, platformName: android, udid: RZ8M3002DGL, version: 11}, deviceApiLevel: 30, deviceManufacturer: samsung, deviceModel: SM-G973F, deviceName: RZ8M3002DGL, deviceScreenDensity: 420, deviceScreenSize: 1080x2280, deviceUDID: RZ8M3002DGL, javascriptEnabled: true, locationContextEnabled: false, networkConnectionEnabled: true, newCommandTimeout: 105, noReset: false, pixelRatio: 2.625, platform: LINUX, platformName: Android, platformVersion: 11, statBarHeight: 112, takesScreenshot: true, udid: RZ8M3002DGL, version: 11, viewportRect: {height: 1930, left: 0, top: 112, width: 1080}, warnings: {}, webStorageEnabled: false}
Session ID: a557184b-7d28-43fc-9145-cbbf5aaedbdc
*** Element info: {Using=id, value=com.arris.sbcBeta:id/btnskip}
	at java.base/jdk.internal.reflect.NativeConstructorAccessorImpl.newInstance0(Native Method)
	at java.base/jdk.internal.reflect.NativeConstructorAccessorImpl.newInstance(NativeConstructorAccessorImpl.java:62)
	at java.base/jdk.internal.reflect.DelegatingConstructorAccessorImpl.newInstance(DelegatingConstructorAccessorImpl.java:45)
	at java.base/java.lang.reflect.Constructor.newInstance(Constructor.java:490)
	at org.openqa.selenium.remote.http.W3CHttpResponseCodec.createException(W3CHttpResponseCodec.java:187)
	at org.openqa.selenium.remote.http.W3CHttpResponseCodec.decode(W3CHttpResponseCodec.java:122)
	at org.openqa.selenium.remote.http.W3CHttpResponseCodec.decode(W3CHttpResponseCodec.java:49)
	at org.openqa.selenium.remote.HttpCommandExecutor.execute(HttpCommandExecutor.java:158)
	at io.appium.java_client.remote.AppiumCommandExecutor.execute(AppiumCommandExecutor.java:239)
	at org.openqa.selenium.remote.RemoteWebDriver.execute(RemoteWebDriver.java:552)
	at io.appium.java_client.DefaultGenericMobileDriver.execute(DefaultGenericMobileDriver.java:41)
	at io.appium.java_client.AppiumDriver.execute(AppiumDriver.java:1)
	at io.appium.java_client.android.AndroidDriver.execute(AndroidDriver.java:1)
	at org.openqa.selenium.remote.RemoteWebDriver.findElement(RemoteWebDriver.java:323)
	at io.appium.java_client.DefaultGenericMobileDriver.findElement(DefaultGenericMobileDriver.java:61)
	at io.appium.java_client.AppiumDriver.findElement(AppiumDriver.java:1)
	at io.appium.java_client.android.AndroidDriver.findElement(AndroidDriver.java:1)
	at org.openqa.selenium.remote.RemoteWebDriver.findElementById(RemoteWebDriver.java:372)
	at io.appium.java_client.DefaultGenericMobileDriver.findElementById(DefaultGenericMobileDriver.java:69)
	at io.appium.java_client.AppiumDriver.findElementById(AppiumDriver.java:1)
	at io.appium.java_client.android.AndroidDriver.findElementById(AndroidDriver.java:1)
	at org.openqa.selenium.By$ById.findElement(By.java:188)
	at org.openqa.selenium.remote.RemoteWebDriver.findElement(RemoteWebDriver.java:315)
	at io.appium.java_client.DefaultGenericMobileDriver.findElement(DefaultGenericMobileDriver.java:57)
	at io.appium.java_client.AppiumDriver.findElement(AppiumDriver.java:1)
	at io.appium.java_client.android.AndroidDriver.findElement(AndroidDriver.java:1)
	at io.appium.java_client.pagefactory.bys.builder.ByAll.lambda$0(ByAll.java:24)
	at io.appium.java_client.pagefactory.bys.builder.ByAll.lambda$1(ByAll.java:48)
	at java.base/java.util.stream.ReferencePipeline$3$1.accept(ReferencePipeline.java:195)
	at java.base/java.util.Spliterators$ArraySpliterator.tryAdvance(Spliterators.java:958)
	at java.base/java.util.stream.ReferencePipeline.forEachWithCancel(ReferencePipeline.java:127)
	at java.base/java.util.stream.AbstractPipeline.copyIntoWithCancel(AbstractPipeline.java:502)
	at java.base/java.util.stream.AbstractPipeline.copyInto(AbstractPipeline.java:488)
	at java.base/java.util.stream.AbstractPipeline.wrapAndCopyInto(AbstractPipeline.java:474)
	at java.base/java.util.stream.FindOps$FindOp.evaluateSequential(FindOps.java:150)
	at java.base/java.util.stream.AbstractPipeline.evaluate(AbstractPipeline.java:234)
	at java.base/java.util.stream.ReferencePipeline.findFirst(ReferencePipeline.java:543)
	at io.appium.java_client.pagefactory.bys.builder.ByAll.findElement(ByAll.java:51)
	at org.openqa.selenium.remote.RemoteWebDriver.findElement(RemoteWebDriver.java:315)
	at io.appium.java_client.DefaultGenericMobileDriver.findElement(DefaultGenericMobileDriver.java:57)
	at io.appium.java_client.AppiumDriver.findElement(AppiumDriver.java:1)
	at io.appium.java_client.android.AndroidDriver.findElement(AndroidDriver.java:1)
	at io.appium.java_client.pagefactory.bys.builder.ByChained.lambda$0(ByChained.java:38)
	at org.openqa.selenium.support.ui.FluentWait.until(FluentWait.java:249)
	at io.appium.java_client.pagefactory.bys.builder.ByChained.findElement(ByChained.java:72)
	at org.openqa.selenium.remote.RemoteWebDriver.findElement(RemoteWebDriver.java:315)
	at io.appium.java_client.DefaultGenericMobileDriver.findElement(DefaultGenericMobileDriver.java:57)
	at io.appium.java_client.AppiumDriver.findElement(AppiumDriver.java:1)
	at io.appium.java_client.android.AndroidDriver.findElement(AndroidDriver.java:1)
	at io.appium.java_client.pagefactory.bys.ContentMappedBy.findElement(ContentMappedBy.java:50)
	at org.openqa.selenium.remote.RemoteWebDriver.findElement(RemoteWebDriver.java:315)
	at io.appium.java_client.DefaultGenericMobileDriver.findElement(DefaultGenericMobileDriver.java:57)
	at io.appium.java_client.AppiumDriver.findElement(AppiumDriver.java:1)
	at io.appium.java_client.android.AndroidDriver.findElement(AndroidDriver.java:1)
	at io.appium.java_client.pagefactory.AppiumElementLocator.lambda$0(AppiumElementLocator.java:120)
	at io.appium.java_client.pagefactory.AppiumElementLocator$WaitingFunction.apply(AppiumElementLocator.java:172)
	... 49 more

[logs/Android_RZ8M3002DGL/2021-12-05 INFO ] 2021-12-05 19:50:49.507 ParentClass:427 - video path: videos/Android_RZ8M3002DGL/2021-12-05-19-45-23/TC03_Complex_Test/Login_And_Onboard.mp4
[logs/Android_RZ8M3002DGL/2021-12-05 INFO ] 2021-12-05 19:50:55.751 ParentClass:185 - Closing App
[logs/Android_RZ8M3002DGL/2021-12-05 INFO ] 2021-12-05 19:50:55.992 ParentClass:187 - Quitting Driver
