<!DOCTYPE html>

<html>
  <head>
  <meta charset='utf-8'>
  <title>TestNG reports</title>

    <link type="text/css" href="testng-reports1.css" rel="stylesheet" id="ultra" />
    <link type="text/css" href="testng-reports.css" rel="stylesheet" id="retro" disabled="false"/>
    <script type="text/javascript" src="jquery.min.js"></script>
    <script type="text/javascript" src="testng-reports.js"></script>
    <script type="text/javascript" src="https://www.google.com/jsapi"></script>
    <script type='text/javascript'>
      google.load('visualization', '1', {packages:['table']});
      google.setOnLoadCallback(drawTable);
      var suiteTableInitFunctions = new Array();
      var suiteTableData = new Array();
    </script>
    <!--
      <script type="text/javascript" src="jquery-ui/js/jquery-ui-1.8.16.custom.min.js"></script>
     -->
  </head>

  <body>
    <div class="top-banner-root">
      <span class="top-banner-title-font">Test results</span>
      <button id="button" class="button">Switch Retro Theme</button> <!-- button -->
      <br/>
      <span class="top-banner-font-1">1 suite, 2 failed tests</span>
    </div> <!-- top-banner-root -->
    <div class="navigator-root">
      <div class="navigator-suite-header">
        <span>All suites</span>
        <a href="#" title="Collapse/expand all the suites" class="collapse-all-link">
          <img src="collapseall.gif" class="collapse-all-icon">
          </img> <!-- collapse-all-icon -->
        </a> <!-- collapse-all-link -->
      </div> <!-- navigator-suite-header -->
      <div class="suite">
        <div class="rounded-window">
          <div class="suite-header light-rounded-window-top">
            <a href="#" panel-name="suite-W31_Onboarding_BOBA" class="navigator-link">
              <span class="suite-name border-failed">W31-Onboarding-BOBA</span>
            </a> <!-- navigator-link -->
          </div> <!-- suite-header light-rounded-window-top -->
          <div class="navigator-suite-content">
            <div class="suite-section-title">
              <span>Info</span>
            </div> <!-- suite-section-title -->
            <div class="suite-section-content">
              <ul>
                <li>
                  <a href="#" panel-name="test-xml-W31_Onboarding_BOBA" class="navigator-link ">
                    <span>testng.xml</span>
                  </a> <!-- navigator-link  -->
                </li>
                <li>
                  <a href="#" panel-name="testlist-W31_Onboarding_BOBA" class="navigator-link ">
                    <span class="test-stats">2 tests</span>
                  </a> <!-- navigator-link  -->
                </li>
                <li>
                  <a href="#" panel-name="group-W31_Onboarding_BOBA" class="navigator-link ">
                    <span>0 groups</span>
                  </a> <!-- navigator-link  -->
                </li>
                <li>
                  <a href="#" panel-name="times-W31_Onboarding_BOBA" class="navigator-link ">
                    <span>Times</span>
                  </a> <!-- navigator-link  -->
                </li>
                <li>
                  <a href="#" panel-name="reporter-W31_Onboarding_BOBA" class="navigator-link ">
                    <span>Reporter output</span>
                  </a> <!-- navigator-link  -->
                </li>
                <li>
                  <a href="#" panel-name="ignored-methods-W31_Onboarding_BOBA" class="navigator-link ">
                    <span>Ignored methods</span>
                  </a> <!-- navigator-link  -->
                </li>
                <li>
                  <a href="#" panel-name="chronological-W31_Onboarding_BOBA" class="navigator-link ">
                    <span>Chronological view</span>
                  </a> <!-- navigator-link  -->
                </li>
              </ul>
            </div> <!-- suite-section-content -->
            <div class="result-section">
              <div class="suite-section-title">
                <span>Results</span>
              </div> <!-- suite-section-title -->
              <div class="suite-section-content">
                <ul>
                  <li>
                    <span class="method-stats">2 methods, 2 failed,   </span>
                  </li>
                  <li>
                    <span class="method-list-title failed">Failed methods</span>
                    <span class="show-or-hide-methods failed">
                      <a href="#" panel-name="suite-W31_Onboarding_BOBA" class="hide-methods failed suite-W31_Onboarding_BOBA"> (hide)</a> <!-- hide-methods failed suite-W31_Onboarding_BOBA -->
                      <a href="#" panel-name="suite-W31_Onboarding_BOBA" class="show-methods failed suite-W31_Onboarding_BOBA"> (show)</a> <!-- show-methods failed suite-W31_Onboarding_BOBA -->
                    </span>
                    <div class="method-list-content failed suite-W31_Onboarding_BOBA">
                      <span>
                        <img src="failed.png" width="3%"/>
                        <a href="#" panel-name="suite-W31_Onboarding_BOBA" title="com.cs.arris.Tests.W31OB_SignUp_And_Onboard_Test" class="method navigator-link" hash-for-method="W31OB_SignUpUser">W31OB_SignUpUser</a> <!-- method navigator-link -->
                      </span>
                      <br/>
                      <span>
                        <img src="failed.png" width="3%"/>
                        <a href="#" panel-name="suite-W31_Onboarding_BOBA" title="com.cs.arris.Tests.W31OB_Signin_And_Onboard_Test" class="method navigator-link" hash-for-method="W31OB_Signin_Onboarding">W31OB_Signin_Onboarding</a> <!-- method navigator-link -->
                      </span>
                      <br/>
                    </div> <!-- method-list-content failed suite-W31_Onboarding_BOBA -->
                  </li>
                </ul>
              </div> <!-- suite-section-content -->
            </div> <!-- result-section -->
          </div> <!-- navigator-suite-content -->
        </div> <!-- rounded-window -->
      </div> <!-- suite -->
    </div> <!-- navigator-root -->
    <div class="wrapper">
      <div class="main-panel-root">
        <div panel-name="suite-W31_Onboarding_BOBA" class="panel W31_Onboarding_BOBA">
          <div class="suite-W31_Onboarding_BOBA-class-failed">
            <div class="main-panel-header rounded-window-top">
              <img src="failed.png"/>
              <span class="class-name">com.cs.arris.Tests.W31OB_Signin_And_Onboard_Test</span>
            </div> <!-- main-panel-header rounded-window-top -->
            <div class="main-panel-content rounded-window-bottom">
              <div class="method">
                <div class="method-content">
                  <a name="W31OB_Signin_Onboarding">
                  </a> <!-- W31OB_Signin_Onboarding -->
                  <span class="method-name">W31OB_Signin_Onboarding</span>
                  <div class="stack-trace">java.lang.NullPointerException
	at com.cs.arris.Pages.CodeVerifiedPage.getCodeVerifiedText(CodeVerifiedPage.java:35)
	at com.cs.arris.Tests.W31OB_Signin_And_Onboard_Test.lambda$8(W31OB_Signin_And_Onboard_Test.java:69)
	at com.cs.arris.Workflows.W31OB_Signin_Workflow.codeVerifiedPage(W31OB_Signin_Workflow.java:98)
	at com.cs.arris.Tests.W31OB_Signin_And_Onboard_Test.W31OB_Signin_Onboarding(W31OB_Signin_And_Onboard_Test.java:68)
	at java.base/java.util.ArrayList.forEach(ArrayList.java:1540)
... Removed 31 stack frames
</div> <!-- stack-trace -->
                </div> <!-- method-content -->
              </div> <!-- method -->
            </div> <!-- main-panel-content rounded-window-bottom -->
          </div> <!-- suite-W31_Onboarding_BOBA-class-failed -->
          <div class="suite-W31_Onboarding_BOBA-class-failed">
            <div class="main-panel-header rounded-window-top">
              <img src="failed.png"/>
              <span class="class-name">com.cs.arris.Tests.W31OB_SignUp_And_Onboard_Test</span>
            </div> <!-- main-panel-header rounded-window-top -->
            <div class="main-panel-content rounded-window-bottom">
              <div class="method">
                <div class="method-content">
                  <a name="W31OB_SignUpUser">
                  </a> <!-- W31OB_SignUpUser -->
                  <span class="method-name">W31OB_SignUpUser</span>
                  <div class="stack-trace">org.openqa.selenium.NoSuchElementException: Can&apos;t locate an element by this strategy: By.chained({By.xpath: //android.widget.EditText[@resource-id=&apos;com.arris.sbcBeta:id/etConfirmPasscode&apos;]})
	at io.appium.java_client.pagefactory.AppiumElementLocator.findElement(AppiumElementLocator.java:126)
	at io.appium.java_client.pagefactory.interceptors.InterceptorOfASingleElement.intercept(InterceptorOfASingleElement.java:59)
	at io.appium.java_client.android.AndroidElement$$EnhancerByCGLIB$$b598166c.sendKeys(&lt;generated&gt;)
	at com.cs.arris.Base.ParentClass.sendKeys(ParentClass.java:411)
	at com.cs.arris.Pages.EnterOTPPage.enterPassCode(EnterOTPPage.java:62)
	at com.cs.arris.Tests.W31OB_SignUp_And_Onboard_Test.lambda$8(W31OB_SignUp_And_Onboard_Test.java:80)
	at com.cs.arris.Workflows.W31OB_SignUp_Workflow.enterOTPPage(W31OB_SignUp_Workflow.java:91)
	at com.cs.arris.Tests.W31OB_SignUp_And_Onboard_Test.W31OB_SignUpUser(W31OB_SignUp_And_Onboard_Test.java:74)
	at java.base/java.util.ArrayList.forEach(ArrayList.java:1540)
Caused by: org.openqa.selenium.TimeoutException: Expected condition failed: waiting for io.appium.java_client.pagefactory.AppiumElementLocator$WaitingFunction@15f35bc3 (tried for 1 second(s) with 500 milliseconds interval)
	at org.openqa.selenium.support.ui.FluentWait.timeoutException(FluentWait.java:304)
	at org.openqa.selenium.support.ui.FluentWait.until(FluentWait.java:272)
	at io.appium.java_client.pagefactory.AppiumElementLocator.waitFor(AppiumElementLocator.java:99)
	at io.appium.java_client.pagefactory.AppiumElementLocator.findElement(AppiumElementLocator.java:119)
	... 39 more
Caused by: org.openqa.selenium.NoSuchElementException: Cannot locate an element using By.chained({By.xpath: //android.widget.EditText[@resource-id=&apos;com.arris.sbcBeta:id/etConfirmPasscode&apos;]})
For documentation on this error, please visit: https://www.seleniumhq.org/exceptions/no_such_element.html
Build info: version: &apos;3.141.59&apos;, revision: &apos;e82be7d358&apos;, time: &apos;2018-11-14T08:17:03&apos;
System info: host: &apos;techleads-Mac-mini.local&apos;, ip: &apos;192.168.0.131&apos;, os.name: &apos;Mac OS X&apos;, os.arch: &apos;x86_64&apos;, os.version: &apos;10.16&apos;, java.version: &apos;11.0.2&apos;
Driver info: driver.version: AndroidDriver
	at io.appium.java_client.pagefactory.bys.builder.ByChained.findElement(ByChained.java:74)
	at org.openqa.selenium.remote.RemoteWebDriver.findElement(RemoteWebDriver.java:315)
	at io.appium.java_client.DefaultGenericMobileDriver.findElement(DefaultGenericMobileDriver.java:57)
	at io.appium.java_client.AppiumDriver.findElement(AppiumDriver.java:1)
	at io.appium.java_client.android.AndroidDriver.findElement(AndroidDriver.java:1)
	at io.appium.java_client.pagefactory.bys.ContentMappedBy.findElement(ContentMappedBy.java:50)
	at org.openqa.selenium.remote.RemoteWebDriver.findElement(RemoteWebDriver.java:315)
	at io.appium.java_client.DefaultGenericMobileDriver.findElement(DefaultGenericMobileDriver.java:57)
	at io.appium.java_client.AppiumDriver.findElement(AppiumDriver.java:1)
	at io.appium.java_client.android.AndroidDriver.findElement(AndroidDriver.java:1)
	at io.appium.java_client.pagefactory.AppiumElementLocator.lambda$0(AppiumElementLocator.java:120)
	at io.appium.java_client.pagefactory.AppiumElementLocator$WaitingFunction.apply(AppiumElementLocator.java:172)
	at io.appium.java_client.pagefactory.AppiumElementLocator$WaitingFunction.apply(AppiumElementLocator.java:1)
	at org.openqa.selenium.support.ui.FluentWait.until(FluentWait.java:249)
	... 41 more
... Removed 31 stack frames
</div> <!-- stack-trace -->
                </div> <!-- method-content -->
              </div> <!-- method -->
            </div> <!-- main-panel-content rounded-window-bottom -->
          </div> <!-- suite-W31_Onboarding_BOBA-class-failed -->
        </div> <!-- panel W31_Onboarding_BOBA -->
        <div panel-name="test-xml-W31_Onboarding_BOBA" class="panel">
          <div class="main-panel-header rounded-window-top">
            <span class="header-content">/Users/prabhu/eclipse-workspace/W31-Onboarding-BOBA/testng.xml</span>
          </div> <!-- main-panel-header rounded-window-top -->
          <div class="main-panel-content rounded-window-bottom">
            <pre>
&lt;?xml version=&quot;1.0&quot; encoding=&quot;UTF-8&quot;?&gt;
&lt;!DOCTYPE suite SYSTEM &quot;https://testng.org/testng-1.0.dtd&quot;&gt;
&lt;suite name=&quot;W31-Onboarding-BOBA&quot; guice-stage=&quot;DEVELOPMENT&quot; verbose=&quot;0&quot;&gt;
  &lt;parameter name=&quot;device&quot; value=&quot;Android&quot;/&gt;
  &lt;parameter name=&quot;platform&quot; value=&quot;Android&quot;/&gt;
  &lt;listeners&gt;
    &lt;listener class-name=&quot;com.cs.arris.Listeners.TestListener&quot;/&gt;
    &lt;listener class-name=&quot;org.uncommons.reportng.HTMLReporter&quot;/&gt;
  &lt;/listeners&gt;
  &lt;test thread-count=&quot;5&quot; name=&quot;W31OB_SignUp_And_Onboard_Test&quot; verbose=&quot;0&quot;&gt;
    &lt;classes&gt;
      &lt;class name=&quot;com.cs.arris.Tests.W31OB_SignUp_And_Onboard_Test&quot;/&gt;
    &lt;/classes&gt;
  &lt;/test&gt; &lt;!-- W31OB_SignUp_And_Onboard_Test --&gt;
  &lt;test thread-count=&quot;5&quot; name=&quot;W31OB_Signin_And_Onboard_Test&quot; verbose=&quot;0&quot;&gt;
    &lt;classes&gt;
      &lt;class name=&quot;com.cs.arris.Tests.W31OB_Signin_And_Onboard_Test&quot;/&gt;
    &lt;/classes&gt;
  &lt;/test&gt; &lt;!-- W31OB_Signin_And_Onboard_Test --&gt;
&lt;/suite&gt; &lt;!-- W31-Onboarding-BOBA --&gt;
            </pre>
          </div> <!-- main-panel-content rounded-window-bottom -->
        </div> <!-- panel -->
        <div panel-name="testlist-W31_Onboarding_BOBA" class="panel">
          <div class="main-panel-header rounded-window-top">
            <span class="header-content">Tests for W31-Onboarding-BOBA</span>
          </div> <!-- main-panel-header rounded-window-top -->
          <div class="main-panel-content rounded-window-bottom">
            <ul>
              <li>
                <span class="test-name">W31OB_SignUp_And_Onboard_Test (1 class)</span>
              </li>
              <li>
                <span class="test-name">W31OB_Signin_And_Onboard_Test (1 class)</span>
              </li>
            </ul>
          </div> <!-- main-panel-content rounded-window-bottom -->
        </div> <!-- panel -->
        <div panel-name="group-W31_Onboarding_BOBA" class="panel">
          <div class="main-panel-header rounded-window-top">
            <span class="header-content">Groups for W31-Onboarding-BOBA</span>
          </div> <!-- main-panel-header rounded-window-top -->
          <div class="main-panel-content rounded-window-bottom">
          </div> <!-- main-panel-content rounded-window-bottom -->
        </div> <!-- panel -->
        <div panel-name="times-W31_Onboarding_BOBA" class="panel">
          <div class="main-panel-header rounded-window-top">
            <span class="header-content">Times for W31-Onboarding-BOBA</span>
          </div> <!-- main-panel-header rounded-window-top -->
          <div class="main-panel-content rounded-window-bottom">
            <div class="times-div">
              <script type="text/javascript">
suiteTableInitFunctions.push('tableData_W31_Onboarding_BOBA');
function tableData_W31_Onboarding_BOBA() {
var data = new google.visualization.DataTable();
data.addColumn('number', 'Number');
data.addColumn('string', 'Method');
data.addColumn('string', 'Class');
data.addColumn('number', 'Time (ms)');
data.addRows(2);
data.setCell(0, 0, 0)
data.setCell(0, 1, 'W31OB_SignUpUser')
data.setCell(0, 2, 'com.cs.arris.Tests.W31OB_SignUp_And_Onboard_Test')
data.setCell(0, 3, 23977);
data.setCell(1, 0, 1)
data.setCell(1, 1, 'W31OB_Signin_Onboarding')
data.setCell(1, 2, 'com.cs.arris.Tests.W31OB_Signin_And_Onboard_Test')
data.setCell(1, 3, 14072);
window.suiteTableData['W31_Onboarding_BOBA']= { tableData: data, tableDiv: 'times-div-W31_Onboarding_BOBA'}
return data;
}
              </script>
              <span class="suite-total-time">Total running time: 38 seconds</span>
              <div id="times-div-W31_Onboarding_BOBA">
              </div> <!-- times-div-W31_Onboarding_BOBA -->
            </div> <!-- times-div -->
          </div> <!-- main-panel-content rounded-window-bottom -->
        </div> <!-- panel -->
        <div panel-name="reporter-W31_Onboarding_BOBA" class="panel">
          <div class="main-panel-header rounded-window-top">
            <span class="header-content">Reporter output for W31-Onboarding-BOBA</span>
          </div> <!-- main-panel-header rounded-window-top -->
          <div class="main-panel-content rounded-window-bottom">
          </div> <!-- main-panel-content rounded-window-bottom -->
        </div> <!-- panel -->
        <div panel-name="ignored-methods-W31_Onboarding_BOBA" class="panel">
          <div class="main-panel-header rounded-window-top">
            <span class="header-content">0 ignored methods</span>
          </div> <!-- main-panel-header rounded-window-top -->
          <div class="main-panel-content rounded-window-bottom">
          </div> <!-- main-panel-content rounded-window-bottom -->
        </div> <!-- panel -->
        <div panel-name="chronological-W31_Onboarding_BOBA" class="panel">
          <div class="main-panel-header rounded-window-top">
            <span class="header-content">Methods in chronological order</span>
          </div> <!-- main-panel-header rounded-window-top -->
          <div class="main-panel-content rounded-window-bottom">
            <div class="chronological-class">
              <div class="chronological-class-name">com.cs.arris.Tests.W31OB_Signin_And_Onboard_Test</div> <!-- chronological-class-name -->
              <div class="configuration-suite before">
                <span class="method-name">beforeSuite(Android, Android)</span>
                <span class="method-start">0 ms</span>
              </div> <!-- configuration-suite before -->
            </div> <!-- chronological-class -->
            <div class="chronological-class">
              <div class="chronological-class-name">com.cs.arris.Tests.W31OB_SignUp_And_Onboard_Test</div> <!-- chronological-class-name -->
              <div class="configuration-test before">
                <span class="method-name">beforeTest</span>
                <span class="method-start">22456 ms</span>
              </div> <!-- configuration-test before -->
              <div class="configuration-class before">
                <span class="method-name">beforeClass</span>
                <span class="method-start">22469 ms</span>
              </div> <!-- configuration-class before -->
              <div class="configuration-method before">
                <span class="method-name">beforeMethod</span>
                <span class="method-start">22481 ms</span>
              </div> <!-- configuration-method before -->
              <div class="configuration-method before">
                <span class="method-name">beforeMethod(public void com.cs.arris.Tests.W31OB_SignUp_And_Onboard_Test.W31OB_SignUpUser())</span>
                <span class="method-start">23170 ms</span>
              </div> <!-- configuration-method before -->
              <div class="test-method">
                <img src="failed.png">
                </img>
                <span class="method-name">W31OB_SignUpUser</span>
                <span class="method-start">23172 ms</span>
              </div> <!-- test-method -->
              <div class="configuration-method after">
                <span class="method-name">afterMethod([TestResult name=W31OB_SignUpUser status=FAILURE method=W31OB_SignUp_And_Onboard_Test.W31OB_SignUpUs...)</span>
                <span class="method-start">47899 ms</span>
              </div> <!-- configuration-method after -->
              <div class="configuration-test after">
                <span class="method-name">afterTest</span>
                <span class="method-start">50548 ms</span>
              </div> <!-- configuration-test after -->
            </div> <!-- chronological-class -->
            <div class="chronological-class">
              <div class="chronological-class-name">com.cs.arris.Tests.W31OB_Signin_And_Onboard_Test</div> <!-- chronological-class-name -->
              <div class="configuration-test before">
                <span class="method-name">beforeTest</span>
                <span class="method-start">56424 ms</span>
              </div> <!-- configuration-test before -->
              <div class="configuration-class before">
                <span class="method-name">beforeClass</span>
                <span class="method-start">56427 ms</span>
              </div> <!-- configuration-class before -->
              <div class="configuration-method before">
                <span class="method-name">beforeMethod</span>
                <span class="method-start">59975 ms</span>
              </div> <!-- configuration-method before -->
              <div class="configuration-method before">
                <span class="method-name">beforeMethod(public void com.cs.arris.Tests.W31OB_Signin_And_Onboard_Test.W31OB_Signin_Onboarding())</span>
                <span class="method-start">60633 ms</span>
              </div> <!-- configuration-method before -->
              <div class="test-method">
                <img src="failed.png">
                </img>
                <span class="method-name">W31OB_Signin_Onboarding</span>
                <span class="method-start">60636 ms</span>
              </div> <!-- test-method -->
              <div class="configuration-method after">
                <span class="method-name">afterMethod([TestResult name=W31OB_Signin_Onboarding status=FAILURE method=W31OB_Signin_And_Onboard_Test.W31OB_S...)</span>
                <span class="method-start">75287 ms</span>
              </div> <!-- configuration-method after -->
              <div class="configuration-test after">
                <span class="method-name">afterTest</span>
                <span class="method-start">77955 ms</span>
              </div> <!-- configuration-test after -->
              <div class="configuration-suite after">
                <img src="failed.png">
                </img>
                <span class="method-name">afterSuite</span>
                <span class="method-start">83344 ms</span>
              </div> <!-- configuration-suite after -->
          </div> <!-- main-panel-content rounded-window-bottom -->
        </div> <!-- panel -->
      </div> <!-- main-panel-root -->
    </div> <!-- wrapper -->
  </body>
<script type="text/javascript" src="testng-reports2.js"></script>
</html>
