<?xml version="1.0" encoding="UTF-8"?>
<!-- Generated by org.testng.reporters.JUnitXMLReporter -->
<testsuite ignored="4" hostname="techleads-Mac-mini.local" failures="2" tests="2" name="Test" time="28.877" errors="0" timestamp="2021-10-06T21:08:30 IST">
  <testcase classname="com.cs.arris.Tests.W31OB_SignUp_Test" name="W31OB_SignUpUser" time="13.342">
    <failure type="java.lang.NullPointerException">
      <![CDATA[java.lang.NullPointerException
at com.cs.arris.Pages.WelcomeSignupPage.enterValidEmailAddress(WelcomeSignupPage.java:77)
at com.cs.arris.Tests.W31OB_SignUp_Test.lambda$7(W31OB_SignUp_Test.java:70)
at com.cs.arris.Workflows.W31OB_SignUp_Workflow.welcomeSignupPage(W31OB_SignUp_Workflow.java:75)
at com.cs.arris.Tests.W31OB_SignUp_Test.W31OB_SignUpUser(W31OB_SignUp_Test.java:69)
at java.base/java.util.ArrayList.forEach(ArrayList.java:1540)
... Removed 31 stack frames]]>
    </failure>
  </testcase> <!-- W31OB_SignUpUser -->
  <testcase classname="com.cs.arris.Tests.W31OB_Signin_Onboarding_Test" name="W31OB_Signin_Onboarding" time="11.507">
    <failure type="org.openqa.selenium.TimeoutException" message="Expected condition failed: waiting for visibility of Located by By.chained({By.all({By.id: com.arris.sbcBeta:id/btn_start_welcome,By.xpath: //android.widget.Button[@resource-id=&amp;apos;com.arris.sbcBeta:id/btn_start_welcome&amp;apos;],By.xpath: //android.widget.Button[@bounds=&amp;apos;[61,1968][1019,2042]&amp;apos;]})}) (tried for 10 second(s) with 500 milliseconds interval)">
      <![CDATA[org.openqa.selenium.TimeoutException: Expected condition failed: waiting for visibility of Located by By.chained({By.all({By.id: com.arris.sbcBeta:id/btn_start_welcome,By.xpath: //android.widget.Button[@resource-id='com.arris.sbcBeta:id/btn_start_welcome'],By.xpath: //android.widget.Button[@bounds='[61,1968][1019,2042]']})}) (tried for 10 second(s) with 500 milliseconds interval)
at org.openqa.selenium.support.ui.WebDriverWait.timeoutException(WebDriverWait.java:95)
at org.openqa.selenium.support.ui.FluentWait.until(FluentWait.java:272)
at com.cs.arris.Base.ParentClass.waitForVisibility(ParentClass.java:376)
at com.cs.arris.Base.ParentClass.click(ParentClass.java:394)
at com.cs.arris.Pages.GetStartedPage.clickGetStartedButton(GetStartedPage.java:43)
at com.cs.arris.Tests.W31OB_Signin_Onboarding_Test.lambda$0(W31OB_Signin_Onboarding_Test.java:44)
at com.cs.arris.Workflows.W31OB_SignUp_Workflow.getStartedPage(W31OB_SignUp_Workflow.java:25)
at com.cs.arris.Tests.W31OB_Signin_Onboarding_Test.W31OB_Signin_Onboarding(W31OB_Signin_Onboarding_Test.java:43)
at java.base/java.util.ArrayList.forEach(ArrayList.java:1540)
Caused by: org.openqa.selenium.NoSuchElementException: Can't locate an element by this strategy: By.chained({By.all({By.id: com.arris.sbcBeta:id/btn_start_welcome,By.xpath: //android.widget.Button[@resource-id='com.arris.sbcBeta:id/btn_start_welcome'],By.xpath: //android.widget.Button[@bounds='[61,1968][1019,2042]']})})
at io.appium.java_client.pagefactory.AppiumElementLocator.findElement(AppiumElementLocator.java:126)
at io.appium.java_client.pagefactory.interceptors.InterceptorOfASingleElement.intercept(InterceptorOfASingleElement.java:59)
at io.appium.java_client.android.AndroidElement$$EnhancerByCGLIB$$b598166c.isDisplayed(<generated>)
at org.openqa.selenium.support.ui.ExpectedConditions.elementIfVisible(ExpectedConditions.java:314)
at org.openqa.selenium.support.ui.ExpectedConditions.access$000(ExpectedConditions.java:43)
at org.openqa.selenium.support.ui.ExpectedConditions$10.apply(ExpectedConditions.java:300)
at org.openqa.selenium.support.ui.ExpectedConditions$10.apply(ExpectedConditions.java:297)
at org.openqa.selenium.support.ui.FluentWait.until(FluentWait.java:249)
... 38 more
Caused by: org.openqa.selenium.TimeoutException: Expected condition failed: waiting for io.appium.java_client.pagefactory.AppiumElementLocator$WaitingFunction@5f7989fa (tried for 1 second(s) with 500 milliseconds interval)
at org.openqa.selenium.support.ui.FluentWait.timeoutException(FluentWait.java:304)
at org.openqa.selenium.support.ui.FluentWait.until(FluentWait.java:272)
at io.appium.java_client.pagefactory.AppiumElementLocator.waitFor(AppiumElementLocator.java:99)
at io.appium.java_client.pagefactory.AppiumElementLocator.findElement(AppiumElementLocator.java:119)
... 45 more
Caused by: org.openqa.selenium.NoSuchElementException: Cannot locate an element using By.chained({By.all({By.id: com.arris.sbcBeta:id/btn_start_welcome,By.xpath: //android.widget.Button[@resource-id='com.arris.sbcBeta:id/btn_start_welcome'],By.xpath: //android.widget.Button[@bounds='[61,1968][1019,2042]']})})
For documentation on this error, please visit: https://www.seleniumhq.org/exceptions/no_such_element.html
Build info: version: '3.141.59', revision: 'e82be7d358', time: '2018-11-14T08:17:03'
System info: host: 'techleads-Mac-mini.local', ip: '192.168.0.132', os.name: 'Mac OS X', os.arch: 'x86_64', os.version: '10.16', java.version: '11.0.2'
Driver info: driver.version: AndroidDriver
at io.appium.java_client.pagefactory.bys.builder.ByChained.findElement(ByChained.java:74)
at org.openqa.selenium.remote.RemoteWebDriver.findElement(RemoteWebDriver.java:315)
at io.appium.java_client.DefaultGenericMobileDriver.findElement(DefaultGenericMobileDriver.java:57)
at io.appium.java_client.AppiumDriver.findElement(AppiumDriver.java:1)
at io.appium.java_client.android.AndroidDriver.findElement(AndroidDriver.java:1)
at io.appium.java_client.pagefactory.bys.ContentMappedBy.findElement(ContentMappedBy.java:50)
at org.openqa.selenium.remote.RemoteWebDriver.findElement(RemoteWebDriver.java:315)
at io.appium.java_client.DefaultGenericMobileDriver.findElement(DefaultGenericMobileDriver.java:57)
at io.appium.java_client.AppiumDriver.findElement(AppiumDriver.java:1)
at io.appium.java_client.android.AndroidDriver.findElement(AndroidDriver.java:1)
at io.appium.java_client.pagefactory.AppiumElementLocator.lambda$0(AppiumElementLocator.java:120)
at io.appium.java_client.pagefactory.AppiumElementLocator$WaitingFunction.apply(AppiumElementLocator.java:172)
at io.appium.java_client.pagefactory.AppiumElementLocator$WaitingFunction.apply(AppiumElementLocator.java:1)
at org.openqa.selenium.support.ui.FluentWait.until(FluentWait.java:249)
... 47 more
... Removed 31 stack frames]]>
    </failure>
  </testcase> <!-- W31OB_Signin_Onboarding -->
  <testcase classname="com.cs.arris.Base.ParentClass" name="@BeforeTest beforeTest" time="0.0">
    <ignored/>
  </testcase> <!-- @BeforeTest beforeTest -->
  <testcase classname="com.cs.arris.Base.ParentClass" name="@AfterTest afterTest" time="0.0">
    <ignored/>
  </testcase> <!-- @AfterTest afterTest -->
  <testcase classname="com.cs.arris.Base.ParentClass" name="@BeforeSuite beforeSuite" time="0.0">
    <ignored/>
  </testcase> <!-- @BeforeSuite beforeSuite -->
  <testcase classname="com.cs.arris.Base.ParentClass" name="@AfterSuite afterSuite" time="0.0">
    <ignored/>
  </testcase> <!-- @AfterSuite afterSuite -->
</testsuite> <!-- Test -->
