<?xml version="1.0" encoding="UTF-8"?>
<testng-results ignored="0" total="1" passed="0" failed="0" skipped="1">
  <reporter-output>
  </reporter-output>
  <suite started-at="2021-10-16T17:25:41 IST" name="Default suite" finished-at="2021-10-16T17:25:42 IST" duration-ms="66">
    <groups>
    </groups>
    <test started-at="2021-10-16T17:25:41 IST" name="Default test" finished-at="2021-10-16T17:25:42 IST" duration-ms="66">
      <class name="com.cs.arris.Tests.TC03_Verify_Invalid_OTP_Test">
        <test-method is-config="true" signature="beforeSuite(java.lang.String,java.lang.String)[pri:0, instance:com.cs.arris.Tests.TC03_Verify_Invalid_OTP_Test@17f9d882]" started-at="2021-10-16T17:25:41 IST" name="beforeSuite" finished-at="1970-01-01T05:30:00 IST" duration-ms="-1634385341921" status="FAIL">
          <exception class="org.testng.TestNGException">
            <message>
              <![CDATA[
Parameter 'platform' is required by BeforeSuite on method beforeSuite but has not been marked @Optional or defined
in /private/var/folders/0n/gztfs3315sqflgmf8691xcwr0000gp/T/testng-eclipse-1803603618/testng-customsuite.xml]]>
            </message>
            <full-stacktrace>
              <![CDATA[org.testng.TestNGException: 
Parameter 'platform' is required by BeforeSuite on method beforeSuite but has not been marked @Optional or defined
in /private/var/folders/0n/gztfs3315sqflgmf8691xcwr0000gp/T/testng-eclipse-1803603618/testng-customsuite.xml
at org.testng.internal.Parameters.createParams(Parameters.java:270)
at org.testng.internal.Parameters.createParametersForMethod(Parameters.java:358)
at org.testng.internal.Parameters.createParameters(Parameters.java:700)
at org.testng.internal.Parameters.createConfigurationParameters(Parameters.java:168)
at org.testng.internal.ConfigInvoker.invokeConfigurations(ConfigInvoker.java:302)
at org.testng.SuiteRunner.privateRun(SuiteRunner.java:317)
at org.testng.SuiteRunner.run(SuiteRunner.java:276)
at org.testng.SuiteRunnerWorker.runSuite(SuiteRunnerWorker.java:53)
at org.testng.SuiteRunnerWorker.run(SuiteRunnerWorker.java:96)
at org.testng.TestNG.runSuitesSequentially(TestNG.java:1212)
at org.testng.TestNG.runSuitesLocally(TestNG.java:1134)
at org.testng.TestNG.runSuites(TestNG.java:1063)
at org.testng.TestNG.run(TestNG.java:1031)
at org.testng.remote.AbstractRemoteTestNG.run(AbstractRemoteTestNG.java:115)
at org.testng.remote.RemoteTestNG.initAndRun(RemoteTestNG.java:251)
at org.testng.remote.RemoteTestNG.main(RemoteTestNG.java:77)
]]>
            </full-stacktrace>
          </exception> <!-- org.testng.TestNGException -->
          <reporter-output>
          </reporter-output>
        </test-method> <!-- beforeSuite -->
        <test-method is-config="true" signature="beforeTest()[pri:0, instance:com.cs.arris.Tests.TC03_Verify_Invalid_OTP_Test@17f9d882]" started-at="2021-10-16T17:25:41 IST" name="beforeTest" finished-at="1970-01-01T05:30:00 IST" duration-ms="-1634385341937" status="SKIP">
          <reporter-output>
          </reporter-output>
        </test-method> <!-- beforeTest -->
        <test-method is-config="true" signature="beforeClass()[pri:0, instance:com.cs.arris.Tests.TC03_Verify_Invalid_OTP_Test@17f9d882]" started-at="2021-10-16T17:25:41 IST" name="beforeClass" finished-at="1970-01-01T05:30:00 IST" duration-ms="-1634385341968" status="SKIP">
          <reporter-output>
          </reporter-output>
        </test-method> <!-- beforeClass -->
        <test-method is-config="true" signature="beforeMethod()[pri:0, instance:com.cs.arris.Tests.TC03_Verify_Invalid_OTP_Test@17f9d882]" started-at="2021-10-16T17:25:41 IST" name="beforeMethod" finished-at="1970-01-01T05:30:00 IST" duration-ms="-1634385341980" status="SKIP">
          <reporter-output>
          </reporter-output>
        </test-method> <!-- beforeMethod -->
        <test-method is-config="true" signature="beforeMethod(java.lang.reflect.Method)[pri:0, instance:com.cs.arris.Tests.TC03_Verify_Invalid_OTP_Test@17f9d882]" started-at="2021-10-16T17:25:41 IST" name="beforeMethod" finished-at="1970-01-01T05:30:00 IST" duration-ms="-1634385341981" status="SKIP">
          <reporter-output>
          </reporter-output>
        </test-method> <!-- beforeMethod -->
        <test-method signature="Verify_Enter_Invalid_PassCode()[pri:1, instance:com.cs.arris.Tests.TC03_Verify_Invalid_OTP_Test@17f9d882]" started-at="2021-10-16T17:25:41 IST" name="Verify_Enter_Invalid_PassCode" finished-at="2021-10-16T17:25:41 IST" duration-ms="0" status="SKIP">
          <exception class="org.testng.TestNGException">
            <message>
              <![CDATA[
Parameter 'platform' is required by BeforeSuite on method beforeSuite but has not been marked @Optional or defined
in /private/var/folders/0n/gztfs3315sqflgmf8691xcwr0000gp/T/testng-eclipse-1803603618/testng-customsuite.xml]]>
            </message>
            <full-stacktrace>
              <![CDATA[org.testng.TestNGException: 
Parameter 'platform' is required by BeforeSuite on method beforeSuite but has not been marked @Optional or defined
in /private/var/folders/0n/gztfs3315sqflgmf8691xcwr0000gp/T/testng-eclipse-1803603618/testng-customsuite.xml
at org.testng.internal.Parameters.createParams(Parameters.java:270)
at org.testng.internal.Parameters.createParametersForMethod(Parameters.java:358)
at org.testng.internal.Parameters.createParameters(Parameters.java:700)
at org.testng.internal.Parameters.createConfigurationParameters(Parameters.java:168)
at org.testng.internal.ConfigInvoker.invokeConfigurations(ConfigInvoker.java:302)
at org.testng.SuiteRunner.privateRun(SuiteRunner.java:317)
at org.testng.SuiteRunner.run(SuiteRunner.java:276)
at org.testng.SuiteRunnerWorker.runSuite(SuiteRunnerWorker.java:53)
at org.testng.SuiteRunnerWorker.run(SuiteRunnerWorker.java:96)
at org.testng.TestNG.runSuitesSequentially(TestNG.java:1212)
at org.testng.TestNG.runSuitesLocally(TestNG.java:1134)
at org.testng.TestNG.runSuites(TestNG.java:1063)
at org.testng.TestNG.run(TestNG.java:1031)
at org.testng.remote.AbstractRemoteTestNG.run(AbstractRemoteTestNG.java:115)
at org.testng.remote.RemoteTestNG.initAndRun(RemoteTestNG.java:251)
at org.testng.remote.RemoteTestNG.main(RemoteTestNG.java:77)
]]>
            </full-stacktrace>
          </exception> <!-- org.testng.TestNGException -->
          <reporter-output>
          </reporter-output>
        </test-method> <!-- Verify_Enter_Invalid_PassCode -->
        <test-method is-config="true" signature="afterMethod(org.testng.ITestResult)[pri:0, instance:com.cs.arris.Tests.TC03_Verify_Invalid_OTP_Test@17f9d882]" started-at="2021-10-16T17:25:41 IST" name="afterMethod" finished-at="1970-01-01T05:30:00 IST" duration-ms="-1634385341993" status="SKIP">
          <reporter-output>
          </reporter-output>
        </test-method> <!-- afterMethod -->
        <test-method is-config="true" signature="afterTest()[pri:0, instance:com.cs.arris.Tests.TC03_Verify_Invalid_OTP_Test@17f9d882]" started-at="2021-10-16T17:25:41 IST" name="afterTest" finished-at="1970-01-01T05:30:00 IST" duration-ms="-1634385341998" status="SKIP">
          <reporter-output>
          </reporter-output>
        </test-method> <!-- afterTest -->
        <test-method is-config="true" signature="afterSuite()[pri:0, instance:com.cs.arris.Tests.TC03_Verify_Invalid_OTP_Test@17f9d882]" started-at="2021-10-16T17:25:47 IST" name="afterSuite" finished-at="1970-01-01T05:30:00 IST" duration-ms="-1634385347128" status="SKIP">
          <reporter-output>
          </reporter-output>
        </test-method> <!-- afterSuite -->
      </class> <!-- com.cs.arris.Tests.TC03_Verify_Invalid_OTP_Test -->
    </test> <!-- Default test -->
  </suite> <!-- Default suite -->
</testng-results>
