[logs/Android_RZ8M3002DGL/2022-01-07 INFO ] 2022-01-07 20:02:19.113 ParentClass:303 - log path: logs/Android_RZ8M3002DGL/2022-01-07
[logs/Android_RZ8M3002DGL/2022-01-07 INFO ] 2022-01-07 20:02:19.124 ParentClass:244 - Setting Android driver capabilities
[logs/Android_RZ8M3002DGL/2022-01-07 INFO ] 2022-01-07 20:04:12.920 ParentClass:303 - log path: logs/Android_RZ8M3002DGL/2022-01-07
[logs/Android_RZ8M3002DGL/2022-01-07 INFO ] 2022-01-07 20:04:12.932 ParentClass:244 - Setting Android driver capabilities
[logs/Android_RZ8M3002DGL/2022-01-07 INFO ] 2022-01-07 20:04:30.395 ParentClass:254 - Android Driver is set to the Thread Local context android
[logs/Android_RZ8M3002DGL/2022-01-07 INFO ] 2022-01-07 20:04:30.396 ParentClass:255 - Android driver initialized: 
[logs/Android_RZ8M3002DGL/2022-01-07 INFO ] 2022-01-07 20:04:35.353 ParentClass:327 - loading...testdata/signup
[logs/Android_RZ8M3002DGL/2022-01-07 INFO ] 2022-01-07 20:04:35.362 TC002_Test_Signin_And_Onboard:39 - First Name : demouser
[logs/Android_RZ8M3002DGL/2022-01-07 INFO ] 2022-01-07 20:04:35.365 TC002_Test_Signin_And_Onboard:42 - Last Name : demouser
[logs/Android_RZ8M3002DGL/2022-01-07 INFO ] 2022-01-07 20:04:35.365 TC002_Test_Signin_And_Onboard:45 - Email address : demouser2652@gmail.com
[logs/Android_RZ8M3002DGL/2022-01-07 INFO ] 2022-01-07 20:04:35.367 ParentClass:691 - Name generated : arrisW31-250
[logs/Android_RZ8M3002DGL/2022-01-07 INFO ] 2022-01-07 20:04:35.367 TC002_Test_Signin_And_Onboard:48 - SSID Name : arrisW31-250
[logs/Android_RZ8M3002DGL/2022-01-07 INFO ] 2022-01-07 20:04:35.368 TC002_Test_Signin_And_Onboard:51 - SSID Password : 1234567890
[logs/Android_RZ8M3002DGL/2022-01-07 INFO ] 2022-01-07 20:04:35.368 TC002_Test_Signin_And_Onboard:54 - UDID : RZ8M3002DGL
[logs/Android_RZ8M3002DGL/2022-01-07 INFO ] 2022-01-07 20:04:36.101 TC002_Test_Signin_And_Onboard:64 - 

****** starting test : Verify_Signin_And_Onboard ******

[logs/Android_RZ8M3002DGL/2022-01-07 INFO ] 2022-01-07 20:04:36.644 GetStartedPage:44 - Get Started - Clicked on Get Started Button
[logs/Android_RZ8M3002DGL/2022-01-07 INFO ] 2022-01-07 20:04:37.418 GrantPermissionsPage:183 - Grant Permissions - Clicked on Continue Button
[logs/Android_RZ8M3002DGL/2022-01-07 INFO ] 2022-01-07 20:04:49.030 DeviceLocationPage:110 - Device Location - Clicked Allow
[logs/Android_RZ8M3002DGL/2022-01-07 INFO ] 2022-01-07 20:04:49.291 AccessResourcesOnDevicePage:49 - Access Resources On Device - Clicked on Allow Link
[logs/Android_RZ8M3002DGL/2022-01-07 INFO ] 2022-01-07 20:04:50.655 SelectYourDevicePage:64 - Select your Device 1 - Selected SURFboard mAX option
[logs/Android_RZ8M3002DGL/2022-01-07 INFO ] 2022-01-07 20:04:51.609 SelectYourDevicePage:72 - Select your Device 1 - Clicked Next Button
[logs/Android_RZ8M3002DGL/2022-01-07 INFO ] 2022-01-07 20:04:52.676 SelectYourDevicePage2:73 - Select your Device 2 - Selected mAX Pro AX11000 option
[logs/Android_RZ8M3002DGL/2022-01-07 INFO ] 2022-01-07 20:04:53.569 SelectYourDevicePage2:82 - Select your Device 2 - Clicked Next Button
[logs/Android_RZ8M3002DGL/2022-01-07 INFO ] 2022-01-07 20:04:56.924 SiginPage:52 - Sigin Page - Entered user email address
[logs/Android_RZ8M3002DGL/2022-01-07 INFO ] 2022-01-07 20:04:57.806 SiginPage:61 - Sigin Page - Clicked on Signin Button
[logs/Android_RZ8M3002DGL/2022-01-07 INFO ] 2022-01-07 20:05:09.834 ValidOTP:128 - loading...emailDetails
[logs/Android_RZ8M3002DGL/2022-01-07 INFO ] 2022-01-07 20:05:14.191 EnterValidOTPPage:61 - Entering valid OTP...585683
[logs/Android_RZ8M3002DGL/2022-01-07 INFO ] 2022-01-07 20:05:15.712 CodeVerifiedPage:74 - OTP Code Verified Page - Clicked on Next Button
[logs/Android_RZ8M3002DGL/2022-01-07 INFO ] 2022-01-07 20:05:22.254 SetupHomeNetworkPage:41 - Setup Home Network Page - Clicked on Next Button
[logs/Android_RZ8M3002DGL/2022-01-07 INFO ] 2022-01-07 20:05:23.130 UnPackYourBoxPage:42 - UnPack your Box Page - Clicked on Next Button
[logs/Android_RZ8M3002DGL/2022-01-07 INFO ] 2022-01-07 20:05:24.028 PlugInMaxRouterPage:41 - Plugin Max Router Page - Clicked on Next Button
[logs/Android_RZ8M3002DGL/2022-01-07 INFO ] 2022-01-07 20:05:57.239 ConnectMaxRouterToMobileDevicePage:42 - Connecting mAX Router to Mobile Device Page - Clicked on Next Button
[logs/Android_RZ8M3002DGL/2022-01-07 INFO ] 2022-01-07 20:06:12.251 ConnectMaxRouterToInternetPage:41 - Successfully Connected to Internet Page - Clicked on Next Button
[logs/Android_RZ8M3002DGL/2022-01-07 ERROR] 2022-01-07 20:06:28.896 TestListener:39 - org.openqa.selenium.TimeoutException: Expected condition failed: waiting for visibility of Located by By.chained({By.all({By.xpath: //android.widget.Button[@resource-id='com.arris.sbcBeta:id/btn_connect_internet_retry'],By.xpath: //android.widget.Button[@bounds='[34,1878][1046,2004]'],By.id: com.arris.sbcBeta:id/btn_connect_internet_retry})}) (tried for 10 second(s) with 500 milliseconds interval)
	at org.openqa.selenium.support.ui.WebDriverWait.timeoutException(WebDriverWait.java:95)
	at org.openqa.selenium.support.ui.FluentWait.until(FluentWait.java:272)
	at com.cs.arris.Base.ParentClass.waitForVisibility(ParentClass.java:442)
	at com.cs.arris.Base.ParentClass.click(ParentClass.java:465)
	at com.cs.arris.Pages.ConnectMaxRouterToInternetPage.clickNextButton(ConnectMaxRouterToInternetPage.java:42)
	at com.cs.arris.Tests.TC002_Test_Signin_And_Onboard.lambda$Verify_Signin_And_Onboard$15(TC002_Test_Signin_And_Onboard.java:116)
	at com.cs.arris.Workflows.TC51_Signin_And_Onboard_Workflow.maxRouterConnectedToInternetPage(TC51_Signin_And_Onboard_Workflow.java:169)
	at com.cs.arris.Tests.TC002_Test_Signin_And_Onboard.Verify_Signin_And_Onboard(TC002_Test_Signin_And_Onboard.java:115)
	at java.base/jdk.internal.reflect.NativeMethodAccessorImpl.invoke0(Native Method)
	at java.base/jdk.internal.reflect.NativeMethodAccessorImpl.invoke(NativeMethodAccessorImpl.java:62)
	at java.base/jdk.internal.reflect.DelegatingMethodAccessorImpl.invoke(DelegatingMethodAccessorImpl.java:43)
	at java.base/java.lang.reflect.Method.invoke(Method.java:566)
	at org.testng.internal.MethodInvocationHelper.invokeMethod(MethodInvocationHelper.java:133)
	at org.testng.internal.TestInvoker.invokeMethod(TestInvoker.java:598)
	at org.testng.internal.TestInvoker.invokeTestMethod(TestInvoker.java:173)
	at org.testng.internal.MethodRunner.runInSequence(MethodRunner.java:46)
	at org.testng.internal.TestInvoker$MethodInvocationAgent.invoke(TestInvoker.java:824)
	at org.testng.internal.TestInvoker.invokeTestMethods(TestInvoker.java:146)
	at org.testng.internal.TestMethodWorker.invokeTestMethods(TestMethodWorker.java:146)
	at org.testng.internal.TestMethodWorker.run(TestMethodWorker.java:128)
	at java.base/java.util.ArrayList.forEach(ArrayList.java:1540)
	at org.testng.TestRunner.privateRun(TestRunner.java:794)
	at org.testng.TestRunner.run(TestRunner.java:596)
	at org.testng.SuiteRunner.runTest(SuiteRunner.java:377)
	at org.testng.SuiteRunner.runSequentially(SuiteRunner.java:371)
	at org.testng.SuiteRunner.privateRun(SuiteRunner.java:332)
	at org.testng.SuiteRunner.run(SuiteRunner.java:276)
	at org.testng.SuiteRunnerWorker.runSuite(SuiteRunnerWorker.java:53)
	at org.testng.SuiteRunnerWorker.run(SuiteRunnerWorker.java:96)
	at org.testng.TestNG.runSuitesSequentially(TestNG.java:1212)
	at org.testng.TestNG.runSuitesLocally(TestNG.java:1134)
	at org.testng.TestNG.runSuites(TestNG.java:1063)
	at org.testng.TestNG.run(TestNG.java:1031)
	at org.apache.maven.surefire.testng.TestNGExecutor.run(TestNGExecutor.java:283)
	at org.apache.maven.surefire.testng.TestNGXmlTestSuite.execute(TestNGXmlTestSuite.java:75)
	at org.apache.maven.surefire.testng.TestNGProvider.invoke(TestNGProvider.java:120)
	at org.apache.maven.surefire.booter.ForkedBooter.invokeProviderInSameClassLoader(ForkedBooter.java:384)
	at org.apache.maven.surefire.booter.ForkedBooter.runSuitesInProcess(ForkedBooter.java:345)
	at org.apache.maven.surefire.booter.ForkedBooter.execute(ForkedBooter.java:126)
	at org.apache.maven.surefire.booter.ForkedBooter.main(ForkedBooter.java:418)
Caused by: org.openqa.selenium.NoSuchElementException: Can't locate an element by this strategy: By.chained({By.all({By.xpath: //android.widget.Button[@resource-id='com.arris.sbcBeta:id/btn_connect_internet_retry'],By.xpath: //android.widget.Button[@bounds='[34,1878][1046,2004]'],By.id: com.arris.sbcBeta:id/btn_connect_internet_retry})})
	at io.appium.java_client.pagefactory.AppiumElementLocator.findElement(AppiumElementLocator.java:126)
	at io.appium.java_client.pagefactory.interceptors.InterceptorOfASingleElement.intercept(InterceptorOfASingleElement.java:59)
	at io.appium.java_client.android.AndroidElement$$EnhancerByCGLIB$$b598166c.isDisplayed(<generated>)
	at org.openqa.selenium.support.ui.ExpectedConditions.elementIfVisible(ExpectedConditions.java:314)
	at org.openqa.selenium.support.ui.ExpectedConditions.access$000(ExpectedConditions.java:43)
	at org.openqa.selenium.support.ui.ExpectedConditions$10.apply(ExpectedConditions.java:300)
	at org.openqa.selenium.support.ui.ExpectedConditions$10.apply(ExpectedConditions.java:297)
	at org.openqa.selenium.support.ui.FluentWait.until(FluentWait.java:249)
	... 38 more
Caused by: org.openqa.selenium.TimeoutException: Expected condition failed: waiting for io.appium.java_client.pagefactory.AppiumElementLocator$WaitingFunction@3b4a1a75 (tried for 1 second(s) with 500 milliseconds interval)
	at org.openqa.selenium.support.ui.FluentWait.timeoutException(FluentWait.java:304)
	at org.openqa.selenium.support.ui.FluentWait.until(FluentWait.java:272)
	at io.appium.java_client.pagefactory.AppiumElementLocator.waitFor(AppiumElementLocator.java:99)
	at io.appium.java_client.pagefactory.AppiumElementLocator.findElement(AppiumElementLocator.java:119)
	... 45 more
Caused by: org.openqa.selenium.NoSuchElementException: Cannot locate an element using By.chained({By.all({By.xpath: //android.widget.Button[@resource-id='com.arris.sbcBeta:id/btn_connect_internet_retry'],By.xpath: //android.widget.Button[@bounds='[34,1878][1046,2004]'],By.id: com.arris.sbcBeta:id/btn_connect_internet_retry})})
For documentation on this error, please visit: https://www.seleniumhq.org/exceptions/no_such_element.html
Build info: version: '3.141.59', revision: 'e82be7d358', time: '2018-11-14T08:17:03'
System info: host: 'techleads-Mac-mini.local', ip: 'fe80:0:0:0:16:9438:7906:8766%en0', os.name: 'Mac OS X', os.arch: 'x86_64', os.version: '10.16', java.version: '11.0.2'
Driver info: driver.version: AndroidDriver
	at io.appium.java_client.pagefactory.bys.builder.ByChained.findElement(ByChained.java:74)
	at org.openqa.selenium.remote.RemoteWebDriver.findElement(RemoteWebDriver.java:315)
	at io.appium.java_client.DefaultGenericMobileDriver.findElement(DefaultGenericMobileDriver.java:57)
	at io.appium.java_client.AppiumDriver.findElement(AppiumDriver.java:1)
	at io.appium.java_client.android.AndroidDriver.findElement(AndroidDriver.java:1)
	at io.appium.java_client.pagefactory.bys.ContentMappedBy.findElement(ContentMappedBy.java:50)
	at org.openqa.selenium.remote.RemoteWebDriver.findElement(RemoteWebDriver.java:315)
	at io.appium.java_client.DefaultGenericMobileDriver.findElement(DefaultGenericMobileDriver.java:57)
	at io.appium.java_client.AppiumDriver.findElement(AppiumDriver.java:1)
	at io.appium.java_client.android.AndroidDriver.findElement(AndroidDriver.java:1)
	at io.appium.java_client.pagefactory.AppiumElementLocator.lambda$0(AppiumElementLocator.java:120)
	at io.appium.java_client.pagefactory.AppiumElementLocator$WaitingFunction.apply(AppiumElementLocator.java:172)
	at io.appium.java_client.pagefactory.AppiumElementLocator$WaitingFunction.apply(AppiumElementLocator.java:1)
	at org.openqa.selenium.support.ui.FluentWait.until(FluentWait.java:249)
	... 47 more

[logs/Android_RZ8M3002DGL/2022-01-07 INFO ] 2022-01-07 20:06:38.686 ParentClass:430 - video path: videos/Android_RZ8M3002DGL/2022-01-07-20-04-12/TC002_Test_Signin_And_Onboard/Verify_Signin_And_Onboard.mp4
[logs/Android_RZ8M3002DGL/2022-01-07 INFO ] 2022-01-07 20:06:44.607 ParentClass:185 - Closing App
[logs/Android_RZ8M3002DGL/2022-01-07 INFO ] 2022-01-07 20:06:44.793 ParentClass:187 - Quitting Driver
