<?xml version="1.0" encoding="UTF-8"?>
<!-- Generated by org.testng.reporters.JUnitReportReporter -->
<testsuite hostname="techleads-Mac-mini.local" failures="0" tests="2" name="com.cs.arris.Tests.TC52_HomePage_Test" time="-1635515264.000" errors="1" timestamp="2021-10-29T19:17:09 IST" skipped="1">
  <testcase classname="com.cs.arris.Tests.TC52_HomePage_Test" name="beforeSuite" time="-1635515264.000">
    <error message="
Parameter &#039;platform&#039; is required by BeforeSuite on method beforeSuite but has not been marked @Optional or defined
in /private/var/folders/0n/gztfs3315sqflgmf8691xcwr0000gp/T/testng-eclipse-770484736/testng-customsuite.xml" type="org.testng.TestNGException">
      <![CDATA[org.testng.TestNGException: 
Parameter 'platform' is required by BeforeSuite on method beforeSuite but has not been marked @Optional or defined
in /private/var/folders/0n/gztfs3315sqflgmf8691xcwr0000gp/T/testng-eclipse-770484736/testng-customsuite.xml
at org.testng.internal.Parameters.createParams(Parameters.java:270)
at org.testng.internal.Parameters.createParametersForMethod(Parameters.java:358)
at org.testng.internal.Parameters.createParameters(Parameters.java:700)
at org.testng.internal.Parameters.createConfigurationParameters(Parameters.java:168)
at org.testng.internal.ConfigInvoker.invokeConfigurations(ConfigInvoker.java:302)
at org.testng.SuiteRunner.privateRun(SuiteRunner.java:317)
at org.testng.SuiteRunner.run(SuiteRunner.java:276)
at org.testng.SuiteRunnerWorker.runSuite(SuiteRunnerWorker.java:53)
at org.testng.SuiteRunnerWorker.run(SuiteRunnerWorker.java:96)
at org.testng.TestNG.runSuitesSequentially(TestNG.java:1212)
at org.testng.TestNG.runSuitesLocally(TestNG.java:1134)
at org.testng.TestNG.runSuites(TestNG.java:1063)
at org.testng.TestNG.run(TestNG.java:1031)
at org.testng.remote.AbstractRemoteTestNG.run(AbstractRemoteTestNG.java:115)
at org.testng.remote.RemoteTestNG.initAndRun(RemoteTestNG.java:251)
at org.testng.remote.RemoteTestNG.main(RemoteTestNG.java:77)
]]>
    </error>
  </testcase> <!-- beforeSuite -->
  <system-out/>
  <testcase classname="com.cs.arris.Tests.TC52_HomePage_Test" name="Verify_HomePage" time="0.000">
    <skipped/>
  </testcase> <!-- Verify_HomePage -->
  <system-out/>
</testsuite> <!-- com.cs.arris.Tests.TC52_HomePage_Test -->
