<?xml version="1.0" encoding="UTF-8"?>
<!-- Generated by org.testng.reporters.JUnitReportReporter -->
<testsuite hostname="css-mac-pro.arrs.arrisi.com" failures="2" tests="127" name="com.cs.arris.Tests.TC0011_Test_SignUp_Onboard_And_Test_SBC" time="4470.096" errors="1" timestamp="2022-03-24T13:31:46 IST" skipped="0">
  <testcase classname="com.cs.arris.Tests.TC0011_Test_SignUp_Onboard_And_Test_SBC" name="Verify_SignUp_And_Onboard" time="529.300"/>
  <system-out/>
  <testcase classname="com.cs.arris.Tests.TC0011_Test_SignUp_Onboard_And_Test_SBC" name="Verify_Add_Device_Menu" time="159.294"/>
  <system-out/>
  <testcase classname="com.cs.arris.Tests.TC0011_Test_SignUp_Onboard_And_Test_SBC" name="Verify_Device_Details_Page" time="5.283"/>
  <system-out/>
  <testcase classname="com.cs.arris.Tests.TC0011_Test_SignUp_Onboard_And_Test_SBC" name="Verify_Specifications_Page" time="11.144"/>
  <system-out/>
  <testcase classname="com.cs.arris.Tests.TC0011_Test_SignUp_Onboard_And_Test_SBC" name="Verify_Add_Additional_Device" time="4.726"/>
  <system-out/>
  <testcase classname="com.cs.arris.Tests.TC0011_Test_SignUp_Onboard_And_Test_SBC" name="Verify_Notifications_Page" time="3.105"/>
  <system-out/>
  <testcase classname="com.cs.arris.Tests.TC0011_Test_SignUp_Onboard_And_Test_SBC" name="Verify_User_Guide_Page" time="9.543"/>
  <system-out/>
  <testcase classname="com.cs.arris.Tests.TC0011_Test_SignUp_Onboard_And_Test_SBC" name="Verify_FAQ_Page" time="7.623"/>
  <system-out/>
  <testcase classname="com.cs.arris.Tests.TC0011_Test_SignUp_Onboard_And_Test_SBC" name="Verify_Remove_Device_Page" time="11.875"/>
  <system-out/>
  <testcase classname="com.cs.arris.Tests.TC0011_Test_SignUp_Onboard_And_Test_SBC" name="Verify_Hamburger_Menu_Settings_UI_Page" time="17.588"/>
  <system-out/>
  <testcase classname="com.cs.arris.Tests.TC0011_Test_SignUp_Onboard_And_Test_SBC" name="Verify_Hamburger_Menu_Settings_Sign_Out" time="8.714"/>
  <system-out/>
  <testcase classname="com.cs.arris.Tests.TC0011_Test_SignUp_Onboard_And_Test_SBC" name="Verify_Hamburger_Menu_About_UI_Page" time="6.027"/>
  <system-out/>
  <testcase classname="com.cs.arris.Tests.TC0011_Test_SignUp_Onboard_And_Test_SBC" name="Verify_Hamburger_Menu_About_License_Page" time="11.142"/>
  <system-out/>
  <testcase classname="com.cs.arris.Tests.TC0011_Test_SignUp_Onboard_And_Test_SBC" name="Verify_Hamburger_Get_Another_Max_Page" time="10.017"/>
  <system-out/>
  <testcase classname="com.cs.arris.Tests.TC0011_Test_SignUp_Onboard_And_Test_SBC" name="Verify_Hamburger_Surfboard_Help_UI_Page" time="6.826"/>
  <system-out/>
  <testcase classname="com.cs.arris.Tests.TC0011_Test_SignUp_Onboard_And_Test_SBC" name="Verify_Hamburger_Surfboard_FAQ_Help_Page" time="10.598"/>
  <system-out/>
  <testcase classname="com.cs.arris.Tests.TC0011_Test_SignUp_Onboard_And_Test_SBC" name="Verify_Hamburger_Surfboard_Self_Help_Page" time="8.178"/>
  <system-out/>
  <testcase classname="com.cs.arris.Tests.TC0011_Test_SignUp_Onboard_And_Test_SBC" name="Verify_Hamburger_Surfboard_Chat_With_US_Page" time="9.661"/>
  <system-out/>
  <testcase classname="com.cs.arris.Tests.TC0011_Test_SignUp_Onboard_And_Test_SBC" name="Verify_Amazon_Features_UI_Page" time="35.829"/>
  <system-out/>
  <testcase classname="com.cs.arris.Tests.TC0011_Test_SignUp_Onboard_And_Test_SBC" name="Verify_Get_Alexa_Skills_Drop_Down_Box" time="3.656"/>
  <system-out/>
  <testcase classname="com.cs.arris.Tests.TC0011_Test_SignUp_Onboard_And_Test_SBC" name="Verify_Show_Password_Button" time="3.068"/>
  <system-out/>
  <testcase classname="com.cs.arris.Tests.TC0011_Test_SignUp_Onboard_And_Test_SBC" name="Verify_Copy_Password" time="3.053"/>
  <system-out/>
  <testcase classname="com.cs.arris.Tests.TC0011_Test_SignUp_Onboard_And_Test_SBC" name="Verify_Amazon_Alexa_Skills_Link" time="22.296"/>
  <system-out/>
  <testcase classname="com.cs.arris.Tests.TC0011_Test_SignUp_Onboard_And_Test_SBC" name="Verify_Enable_AFFS_Feature" time="4.496"/>
  <system-out/>
  <testcase classname="com.cs.arris.Tests.TC0011_Test_SignUp_Onboard_And_Test_SBC" name="Verify_Speed_Test_Page" time="82.998"/>
  <system-out/>
  <testcase classname="com.cs.arris.Tests.TC0011_Test_SignUp_Onboard_And_Test_SBC" name="Verify_Perform_Speed_Test" time="351.720"/>
  <system-out/>
  <testcase classname="com.cs.arris.Tests.TC0011_Test_SignUp_Onboard_And_Test_SBC" name="Verify_Home_Speed_Test_History_Page" time="86.812"/>
  <system-out/>
  <testcase classname="com.cs.arris.Tests.TC0011_Test_SignUp_Onboard_And_Test_SBC" name="Verify_Main_Device_UI_On_All_Tab_Page" time="52.665"/>
  <system-out/>
  <testcase classname="com.cs.arris.Tests.TC0011_Test_SignUp_Onboard_And_Test_SBC" name="Verify_LED_Settings_UI_On_All_Tab" time="4.207"/>
  <system-out/>
  <testcase classname="com.cs.arris.Tests.TC0011_Test_SignUp_Onboard_And_Test_SBC" name="Verify_Decrease_LED_Settings_On_All_Tab_Page" time="5.756"/>
  <system-out/>
  <testcase classname="com.cs.arris.Tests.TC0011_Test_SignUp_Onboard_And_Test_SBC" name="Verify_Increase_LED_Settings_On_All_Tab_Page" time="5.531"/>
  <system-out/>
  <testcase classname="com.cs.arris.Tests.TC0011_Test_SignUp_Onboard_And_Test_SBC" name="Verify_Devices_Count_Validation_On_All_Tab_Page" time="2.772"/>
  <system-out/>
  <testcase classname="com.cs.arris.Tests.TC0011_Test_SignUp_Onboard_And_Test_SBC" name="Verify_Connected_Devices_On_All_Tab_Page" time="32.733"/>
  <system-out/>
  <testcase classname="com.cs.arris.Tests.TC0011_Test_SignUp_Onboard_And_Test_SBC" name="Verify_Main_Router_Details_On_All_Tab_Page" time="8.968"/>
  <system-out/>
  <testcase classname="com.cs.arris.Tests.TC0011_Test_SignUp_Onboard_And_Test_SBC" name="Verify_Edit_Main_Router_Name_On_All_Tab_Page" time="11.797"/>
  <system-out/>
  <testcase classname="com.cs.arris.Tests.TC0011_Test_SignUp_Onboard_And_Test_SBC" name="Verify_Main_Device_UI_On_5GHz_Tab_Page" time="5.092"/>
  <system-out/>
  <testcase classname="com.cs.arris.Tests.TC0011_Test_SignUp_Onboard_And_Test_SBC" name="Verify_Devices_Count_Validation_On_5GHz_Tab_Page" time="3.391"/>
  <system-out/>
  <testcase classname="com.cs.arris.Tests.TC0011_Test_SignUp_Onboard_And_Test_SBC" name="Verify_Connected_Devices_On_5GHz_Tab_Page" time="10.511"/>
  <system-out/>
  <testcase classname="com.cs.arris.Tests.TC0011_Test_SignUp_Onboard_And_Test_SBC" name="Verify_Main_Device_UI_On_24GHz_Tab_Page" time="2.411"/>
  <system-out/>
  <testcase classname="com.cs.arris.Tests.TC0011_Test_SignUp_Onboard_And_Test_SBC" name="Verify_Devices_Count_Validation_On_24GHz_Tab_Page" time="7.458"/>
  <system-out/>
  <testcase classname="com.cs.arris.Tests.TC0011_Test_SignUp_Onboard_And_Test_SBC" name="Verify_Connected_Devices_On_24GHz_Tab_Page" time="4.316"/>
  <system-out/>
  <testcase classname="com.cs.arris.Tests.TC0011_Test_SignUp_Onboard_And_Test_SBC" name="Verify_Main_Device_UI_On_Ethernet_Tab_Page" time="2.335"/>
  <system-out/>
  <testcase classname="com.cs.arris.Tests.TC0011_Test_SignUp_Onboard_And_Test_SBC" name="Verify_Devices_Count_Validation_On_Ethernet_Tab_Page" time="2.512"/>
  <system-out/>
  <testcase classname="com.cs.arris.Tests.TC0011_Test_SignUp_Onboard_And_Test_SBC" name="Verify_Connected_Devices_On_Ethernet_Tab_Page" time="20.633"/>
  <system-out/>
  <testcase classname="com.cs.arris.Tests.TC0011_Test_SignUp_Onboard_And_Test_SBC" name="Verify_Devices_UI_Page" time="65.109"/>
  <system-out/>
  <testcase classname="com.cs.arris.Tests.TC0011_Test_SignUp_Onboard_And_Test_SBC" name="Verify_Online_Devices_Details" time="138.424"/>
  <system-out/>
  <testcase classname="com.cs.arris.Tests.TC0011_Test_SignUp_Onboard_And_Test_SBC" name="Verify_Offline_Devices_Details" time="95.418"/>
  <system-out/>
  <testcase classname="com.cs.arris.Tests.TC0011_Test_SignUp_Onboard_And_Test_SBC" name="Verify_Devices_Signal_Strength_UI_Page" time="52.156"/>
  <system-out/>
  <testcase classname="com.cs.arris.Tests.TC0011_Test_SignUp_Onboard_And_Test_SBC" name="Verify_Sorting_Devices_From_Strong_To_Weak" time="6.366"/>
  <system-out/>
  <testcase classname="com.cs.arris.Tests.TC0011_Test_SignUp_Onboard_And_Test_SBC" name="Verify_Editing_Device_Name" time="38.971"/>
  <system-out/>
  <testcase classname="com.cs.arris.Tests.TC0011_Test_SignUp_Onboard_And_Test_SBC" name="Verify_Parental_Control_UI_Page" time="32.519"/>
  <system-out/>
  <testcase classname="com.cs.arris.Tests.TC0011_Test_SignUp_Onboard_And_Test_SBC" name="Verify_Add_Profile_Page" time="14.555"/>
  <system-out/>
  <testcase classname="com.cs.arris.Tests.TC0011_Test_SignUp_Onboard_And_Test_SBC" name="Verify_User_Profile_Page" time="5.634"/>
  <system-out/>
  <testcase classname="com.cs.arris.Tests.TC0011_Test_SignUp_Onboard_And_Test_SBC" name="Verify_Edit_User_Profile_Name" time="17.524">
    <error message="Can&#039;t locate an element by this strategy: By.chained({By.id: com.arris.sbcBeta:id/img_edit_profile_name})" type="org.openqa.selenium.NoSuchElementException">
      <![CDATA[org.openqa.selenium.NoSuchElementException: Can't locate an element by this strategy: By.chained({By.id: com.arris.sbcBeta:id/img_edit_profile_name})
at io.appium.java_client.pagefactory.AppiumElementLocator.findElement(AppiumElementLocator.java:126)
at io.appium.java_client.pagefactory.interceptors.InterceptorOfASingleElement.intercept(InterceptorOfASingleElement.java:59)
at io.appium.java_client.android.AndroidElement$$EnhancerByCGLIB$$b598166c.isDisplayed(<generated>)
at com.cs.arris.Pages.ParentalControlUserProfilePage.clickUserProfileNameEditButton(ParentalControlUserProfilePage.java:371)
at com.cs.arris.Tests.TC0011_Test_SignUp_Onboard_And_Test_SBC.Verify_Edit_User_Profile_Name(TC0011_Test_SignUp_Onboard_And_Test_SBC.java:1306)
at java.base/jdk.internal.reflect.NativeMethodAccessorImpl.invoke0(Native Method)
at java.base/jdk.internal.reflect.NativeMethodAccessorImpl.invoke(NativeMethodAccessorImpl.java:62)
at java.base/jdk.internal.reflect.DelegatingMethodAccessorImpl.invoke(DelegatingMethodAccessorImpl.java:43)
at java.base/java.lang.reflect.Method.invoke(Method.java:566)
at org.testng.internal.MethodInvocationHelper.invokeMethod(MethodInvocationHelper.java:133)
at org.testng.internal.TestInvoker.invokeMethod(TestInvoker.java:598)
at org.testng.internal.TestInvoker.invokeTestMethod(TestInvoker.java:173)
at org.testng.internal.MethodRunner.runInSequence(MethodRunner.java:46)
at org.testng.internal.TestInvoker$MethodInvocationAgent.invoke(TestInvoker.java:824)
at org.testng.internal.TestInvoker.invokeTestMethods(TestInvoker.java:146)
at org.testng.internal.TestMethodWorker.invokeTestMethods(TestMethodWorker.java:146)
at org.testng.internal.TestMethodWorker.run(TestMethodWorker.java:128)
at java.base/java.util.ArrayList.forEach(ArrayList.java:1541)
at org.testng.TestRunner.privateRun(TestRunner.java:794)
at org.testng.TestRunner.run(TestRunner.java:596)
at org.testng.SuiteRunner.runTest(SuiteRunner.java:377)
at org.testng.SuiteRunner.runSequentially(SuiteRunner.java:371)
at org.testng.SuiteRunner.privateRun(SuiteRunner.java:332)
at org.testng.SuiteRunner.run(SuiteRunner.java:276)
at org.testng.SuiteRunnerWorker.runSuite(SuiteRunnerWorker.java:53)
at org.testng.SuiteRunnerWorker.run(SuiteRunnerWorker.java:96)
at org.testng.TestNG.runSuitesSequentially(TestNG.java:1212)
at org.testng.TestNG.runSuitesLocally(TestNG.java:1134)
at org.testng.TestNG.runSuites(TestNG.java:1063)
at org.testng.TestNG.run(TestNG.java:1031)
at org.apache.maven.surefire.testng.TestNGExecutor.run(TestNGExecutor.java:283)
at org.apache.maven.surefire.testng.TestNGXmlTestSuite.execute(TestNGXmlTestSuite.java:75)
at org.apache.maven.surefire.testng.TestNGProvider.invoke(TestNGProvider.java:120)
at org.apache.maven.surefire.booter.ForkedBooter.invokeProviderInSameClassLoader(ForkedBooter.java:384)
at org.apache.maven.surefire.booter.ForkedBooter.runSuitesInProcess(ForkedBooter.java:345)
at org.apache.maven.surefire.booter.ForkedBooter.execute(ForkedBooter.java:126)
at org.apache.maven.surefire.booter.ForkedBooter.main(ForkedBooter.java:418)
Caused by: org.openqa.selenium.TimeoutException: Expected condition failed: waiting for io.appium.java_client.pagefactory.AppiumElementLocator$WaitingFunction@2be49c8c (tried for 1 second(s) with 500 milliseconds interval)
at org.openqa.selenium.support.ui.FluentWait.timeoutException(FluentWait.java:304)
at org.openqa.selenium.support.ui.FluentWait.until(FluentWait.java:272)
at io.appium.java_client.pagefactory.AppiumElementLocator.waitFor(AppiumElementLocator.java:99)
at io.appium.java_client.pagefactory.AppiumElementLocator.findElement(AppiumElementLocator.java:119)
... 36 more
Caused by: org.openqa.selenium.NoSuchElementException: Cannot locate an element using By.chained({By.id: com.arris.sbcBeta:id/img_edit_profile_name})
For documentation on this error, please visit: https://www.seleniumhq.org/exceptions/no_such_element.html
Build info: version: '3.141.59', revision: 'e82be7d358', time: '2018-11-14T08:17:03'
System info: host: 'css-mac-pro.arrs.arrisi.com', ip: 'fe80:0:0:0:8da:3411:cdb8:3812%en0', os.name: 'Mac OS X', os.arch: 'x86_64', os.version: '11.6', java.version: '11.0.12'
Driver info: driver.version: AndroidDriver
at io.appium.java_client.pagefactory.bys.builder.ByChained.findElement(ByChained.java:74)
at org.openqa.selenium.remote.RemoteWebDriver.findElement(RemoteWebDriver.java:315)
at io.appium.java_client.DefaultGenericMobileDriver.findElement(DefaultGenericMobileDriver.java:57)
at io.appium.java_client.AppiumDriver.findElement(AppiumDriver.java:1)
at io.appium.java_client.android.AndroidDriver.findElement(AndroidDriver.java:1)
at io.appium.java_client.pagefactory.bys.ContentMappedBy.findElement(ContentMappedBy.java:50)
at org.openqa.selenium.remote.RemoteWebDriver.findElement(RemoteWebDriver.java:315)
at io.appium.java_client.DefaultGenericMobileDriver.findElement(DefaultGenericMobileDriver.java:57)
at io.appium.java_client.AppiumDriver.findElement(AppiumDriver.java:1)
at io.appium.java_client.android.AndroidDriver.findElement(AndroidDriver.java:1)
at io.appium.java_client.pagefactory.AppiumElementLocator.lambda$0(AppiumElementLocator.java:120)
at io.appium.java_client.pagefactory.AppiumElementLocator$WaitingFunction.apply(AppiumElementLocator.java:172)
at io.appium.java_client.pagefactory.AppiumElementLocator$WaitingFunction.apply(AppiumElementLocator.java:1)
at org.openqa.selenium.support.ui.FluentWait.until(FluentWait.java:249)
... 38 more
]]>
    </error>
  </testcase> <!-- Verify_Edit_User_Profile_Name -->
  <system-out>
    <![CDATA[<a href = /Users/rm2652/Documents/SBC_Android-CICD-Main4-Current/sbc-android-cicd/Screenshots/Android_ce071717bb59293c057e/2022-03-24/TC0011_Test_SignUp_Onboard_And_Test_SBC/Verify_Edit_User_Profile_Name.jpg>screenshot</a>]]>
  </system-out>
  <testcase classname="com.cs.arris.Tests.TC0011_Test_SignUp_Onboard_And_Test_SBC" name="Verify_Add_Device_To_User_Profile" time="10.943"/>
  <system-out/>
  <testcase classname="com.cs.arris.Tests.TC0011_Test_SignUp_Onboard_And_Test_SBC" name="Verify_Devices_Associated_With_User_Profile" time="18.142"/>
  <system-out/>
  <testcase classname="com.cs.arris.Tests.TC0011_Test_SignUp_Onboard_And_Test_SBC" name="Verify_Add_Rule_To_User_Profile" time="2.597"/>
  <system-out/>
  <testcase classname="com.cs.arris.Tests.TC0011_Test_SignUp_Onboard_And_Test_SBC" name="Verify_Add_EveryDay_Schedule_To_Rule" time="7.943"/>
  <system-out/>
  <testcase classname="com.cs.arris.Tests.TC0011_Test_SignUp_Onboard_And_Test_SBC" name="Verify_Select_Start_Time_For_EveryDay_Schedule" time="4.794"/>
  <system-out/>
  <testcase classname="com.cs.arris.Tests.TC0011_Test_SignUp_Onboard_And_Test_SBC" name="Verify_Select_Stop_Time_For_EveryDay_Schedule" time="10.262"/>
  <system-out/>
  <testcase classname="com.cs.arris.Tests.TC0011_Test_SignUp_Onboard_And_Test_SBC" name="Verify_Add_Custom_Schedule_To_Rule" time="3.119"/>
  <system-out/>
  <testcase classname="com.cs.arris.Tests.TC0011_Test_SignUp_Onboard_And_Test_SBC" name="Verify_Add_Custom_Schedule_Select_DOW" time="3.689"/>
  <system-out/>
  <testcase classname="com.cs.arris.Tests.TC0011_Test_SignUp_Onboard_And_Test_SBC" name="Verify_Add_Custom_Schedule_Select_Start_Time" time="3.112"/>
  <system-out/>
  <testcase classname="com.cs.arris.Tests.TC0011_Test_SignUp_Onboard_And_Test_SBC" name="Verify_Add_Custom_Schedule_Select_Stop_Time" time="11.678"/>
  <system-out/>
  <testcase classname="com.cs.arris.Tests.TC0011_Test_SignUp_Onboard_And_Test_SBC" name="Verify_Rules_Associated_With_User" time="3.808"/>
  <system-out/>
  <testcase classname="com.cs.arris.Tests.TC0011_Test_SignUp_Onboard_And_Test_SBC" name="Verify_Pause_Internet_For_All_Users" time="9.098"/>
  <system-out/>
  <testcase classname="com.cs.arris.Tests.TC0011_Test_SignUp_Onboard_And_Test_SBC" name="Verify_Currently_Blocked_Profiles" time="6.111"/>
  <system-out/>
  <testcase classname="com.cs.arris.Tests.TC0011_Test_SignUp_Onboard_And_Test_SBC" name="Verify_Resume_Internet_For_All_Users" time="18.310"/>
  <system-out/>
  <testcase classname="com.cs.arris.Tests.TC0011_Test_SignUp_Onboard_And_Test_SBC" name="Verify_Currently_Blocked_Users_After_Resuming_Internet_For_All_Users" time="20.545">
    <failure message="The following asserts failed:
	expected [true] but found [false]" type="java.lang.AssertionError">
      <![CDATA[java.lang.AssertionError: The following asserts failed:
expected [true] but found [false]
at org.testng.asserts.SoftAssert.assertAll(SoftAssert.java:47)
at org.testng.asserts.SoftAssert.assertAll(SoftAssert.java:31)
at com.cs.arris.Tests.TC0011_Test_SignUp_Onboard_And_Test_SBC.Verify_Currently_Blocked_Users_After_Resuming_Internet_For_All_Users(TC0011_Test_SignUp_Onboard_And_Test_SBC.java:1579)
at java.base/jdk.internal.reflect.NativeMethodAccessorImpl.invoke0(Native Method)
at java.base/jdk.internal.reflect.NativeMethodAccessorImpl.invoke(NativeMethodAccessorImpl.java:62)
at java.base/jdk.internal.reflect.DelegatingMethodAccessorImpl.invoke(DelegatingMethodAccessorImpl.java:43)
at java.base/java.lang.reflect.Method.invoke(Method.java:566)
at org.testng.internal.MethodInvocationHelper.invokeMethod(MethodInvocationHelper.java:133)
at org.testng.internal.TestInvoker.invokeMethod(TestInvoker.java:598)
at org.testng.internal.TestInvoker.invokeTestMethod(TestInvoker.java:173)
at org.testng.internal.MethodRunner.runInSequence(MethodRunner.java:46)
at org.testng.internal.TestInvoker$MethodInvocationAgent.invoke(TestInvoker.java:824)
at org.testng.internal.TestInvoker.invokeTestMethods(TestInvoker.java:146)
at org.testng.internal.TestMethodWorker.invokeTestMethods(TestMethodWorker.java:146)
at org.testng.internal.TestMethodWorker.run(TestMethodWorker.java:128)
at java.base/java.util.ArrayList.forEach(ArrayList.java:1541)
at org.testng.TestRunner.privateRun(TestRunner.java:794)
at org.testng.TestRunner.run(TestRunner.java:596)
at org.testng.SuiteRunner.runTest(SuiteRunner.java:377)
at org.testng.SuiteRunner.runSequentially(SuiteRunner.java:371)
at org.testng.SuiteRunner.privateRun(SuiteRunner.java:332)
at org.testng.SuiteRunner.run(SuiteRunner.java:276)
at org.testng.SuiteRunnerWorker.runSuite(SuiteRunnerWorker.java:53)
at org.testng.SuiteRunnerWorker.run(SuiteRunnerWorker.java:96)
at org.testng.TestNG.runSuitesSequentially(TestNG.java:1212)
at org.testng.TestNG.runSuitesLocally(TestNG.java:1134)
at org.testng.TestNG.runSuites(TestNG.java:1063)
at org.testng.TestNG.run(TestNG.java:1031)
at org.apache.maven.surefire.testng.TestNGExecutor.run(TestNGExecutor.java:283)
at org.apache.maven.surefire.testng.TestNGXmlTestSuite.execute(TestNGXmlTestSuite.java:75)
at org.apache.maven.surefire.testng.TestNGProvider.invoke(TestNGProvider.java:120)
at org.apache.maven.surefire.booter.ForkedBooter.invokeProviderInSameClassLoader(ForkedBooter.java:384)
at org.apache.maven.surefire.booter.ForkedBooter.runSuitesInProcess(ForkedBooter.java:345)
at org.apache.maven.surefire.booter.ForkedBooter.execute(ForkedBooter.java:126)
at org.apache.maven.surefire.booter.ForkedBooter.main(ForkedBooter.java:418)
]]>
    </failure>
  </testcase> <!-- Verify_Currently_Blocked_Users_After_Resuming_Internet_For_All_Users -->
  <system-out>
    <![CDATA[<a href = /Users/rm2652/Documents/SBC_Android-CICD-Main4-Current/sbc-android-cicd/Screenshots/Android_ce071717bb59293c057e/2022-03-24/TC0011_Test_SignUp_Onboard_And_Test_SBC/Verify_Currently_Blocked_Users_After_Resuming_Internet_For_All_Users.jpg>screenshot</a>]]>
  </system-out>
  <testcase classname="com.cs.arris.Tests.TC0011_Test_SignUp_Onboard_And_Test_SBC" name="Verify_Install_Left_Satellite" time="525.171"/>
  <system-out/>
  <testcase classname="com.cs.arris.Tests.TC0011_Test_SignUp_Onboard_And_Test_SBC" name="Verify_Network_Health_Page" time="77.478"/>
  <system-out/>
  <testcase classname="com.cs.arris.Tests.TC0011_Test_SignUp_Onboard_And_Test_SBC" name="Verify_Network_Optimization_Settings_Page" time="19.814"/>
  <system-out/>
  <testcase classname="com.cs.arris.Tests.TC0011_Test_SignUp_Onboard_And_Test_SBC" name="Verify_Connected_Device_Signal_Strength_Sensitivity_Medium" time="19.187"/>
  <system-out/>
  <testcase classname="com.cs.arris.Tests.TC0011_Test_SignUp_Onboard_And_Test_SBC" name="Verify_Satellite_Signal_Strength_Sensitivity_Medium" time="18.641"/>
  <system-out/>
  <testcase classname="com.cs.arris.Tests.TC0011_Test_SignUp_Onboard_And_Test_SBC" name="Verify_Satellite_Link_Rate_Sensitivity_Medium" time="19.430"/>
  <system-out/>
  <testcase classname="com.cs.arris.Tests.TC0011_Test_SignUp_Onboard_And_Test_SBC" name="Verify_ISP_Speed_Link_Rate_Sensitivity_Medium" time="19.181"/>
  <system-out/>
  <testcase classname="com.cs.arris.Tests.TC0011_Test_SignUp_Onboard_And_Test_SBC" name="Verify_Connected_Device_Signal_Strength_Sensitivity_High" time="20.056"/>
  <system-out/>
  <testcase classname="com.cs.arris.Tests.TC0011_Test_SignUp_Onboard_And_Test_SBC" name="Verify_Satellite_Signal_Strength_Sensitivity_High" time="18.163"/>
  <system-out/>
  <testcase classname="com.cs.arris.Tests.TC0011_Test_SignUp_Onboard_And_Test_SBC" name="Verify_Satellite_Link_Rate_Sensitivity_High" time="20.262"/>
  <system-out/>
  <testcase classname="com.cs.arris.Tests.TC0011_Test_SignUp_Onboard_And_Test_SBC" name="Verify_ISP_Speed_Link_Rate_Sensitivity_High" time="19.364"/>
  <system-out/>
  <testcase classname="com.cs.arris.Tests.TC0011_Test_SignUp_Onboard_And_Test_SBC" name="Verify_Connected_Device_Signal_Strength_Sensitivity_Low" time="19.741"/>
  <system-out/>
  <testcase classname="com.cs.arris.Tests.TC0011_Test_SignUp_Onboard_And_Test_SBC" name="Verify_Satellite_Signal_Strength_Sensitivity_Low" time="17.567"/>
  <system-out/>
  <testcase classname="com.cs.arris.Tests.TC0011_Test_SignUp_Onboard_And_Test_SBC" name="Verify_Satellite_Link_Rate__Sensitivity_Low" time="18.894"/>
  <system-out/>
  <testcase classname="com.cs.arris.Tests.TC0011_Test_SignUp_Onboard_And_Test_SBC" name="Verify_ISP_Speed_Link_Rate_Sensitivity_Low" time="20.317"/>
  <system-out/>
  <testcase classname="com.cs.arris.Tests.TC0011_Test_SignUp_Onboard_And_Test_SBC" name="Verify_Disabled_Network_Optimization_Settings" time="36.936"/>
  <system-out/>
  <testcase classname="com.cs.arris.Tests.TC0011_Test_SignUp_Onboard_And_Test_SBC" name="Verify_Install_Right_Satellite" time="432.969"/>
  <system-out/>
  <testcase classname="com.cs.arris.Tests.TC0011_Test_SignUp_Onboard_And_Test_SBC" name="Verify_Network_UI_Page" time="32.864"/>
  <system-out/>
  <testcase classname="com.cs.arris.Tests.TC0011_Test_SignUp_Onboard_And_Test_SBC" name="Verify_Newtork_Test_Connection_Speed_Page" time="119.783"/>
  <system-out/>
  <testcase classname="com.cs.arris.Tests.TC0011_Test_SignUp_Onboard_And_Test_SBC" name="Verify_WAN_Settings_UI_Page" time="5.807"/>
  <system-out/>
  <testcase classname="com.cs.arris.Tests.TC0011_Test_SignUp_Onboard_And_Test_SBC" name="Verify_WAN_Settings_WAN_IP_Configuration_IPv4_DHCP_UI_Page" time="6.668"/>
  <system-out/>
  <testcase classname="com.cs.arris.Tests.TC0011_Test_SignUp_Onboard_And_Test_SBC" name="Verify_WAN_Settings_WAN_IP_Configuration_IPv4_Static_UI_Page" time="7.526"/>
  <system-out/>
  <testcase classname="com.cs.arris.Tests.TC0011_Test_SignUp_Onboard_And_Test_SBC" name="Verify_WAN_Settings_WAN_IP_Configuration_IPv6_Stateful_UI_Page" time="8.139"/>
  <system-out/>
  <testcase classname="com.cs.arris.Tests.TC0011_Test_SignUp_Onboard_And_Test_SBC" name="Verify_WAN_Settings_WAN_IP_Configuration_IPv6_Stateless_UI_Page" time="6.751"/>
  <system-out/>
  <testcase classname="com.cs.arris.Tests.TC0011_Test_SignUp_Onboard_And_Test_SBC" name="Verify_WAN_Settings_WAN_IP_Configuration_Help_Page" time="22.100"/>
  <system-out/>
  <testcase classname="com.cs.arris.Tests.TC0011_Test_SignUp_Onboard_And_Test_SBC" name="Verify_WAN_Settings_DNS_Configuration_IPv4_Automatic_UI_Page" time="4.911"/>
  <system-out/>
  <testcase classname="com.cs.arris.Tests.TC0011_Test_SignUp_Onboard_And_Test_SBC" name="Verify_WAN_Settings_DNS_Configuration_IPv4_Static_UI_Page" time="3.187"/>
  <system-out/>
  <testcase classname="com.cs.arris.Tests.TC0011_Test_SignUp_Onboard_And_Test_SBC" name="Verify_WAN_Settings_DNS_Configuration_IPv6_Automatic_UI_Page" time="4.762"/>
  <system-out/>
  <testcase classname="com.cs.arris.Tests.TC0011_Test_SignUp_Onboard_And_Test_SBC" name="Verify_WAN_Settings_DNS_Configuration_IPv6_Static_UI_Page" time="4.861"/>
  <system-out/>
  <testcase classname="com.cs.arris.Tests.TC0011_Test_SignUp_Onboard_And_Test_SBC" name="Verify_WAN_Settings_DNS_Configuration_Help_Page" time="21.645"/>
  <system-out/>
  <testcase classname="com.cs.arris.Tests.TC0011_Test_SignUp_Onboard_And_Test_SBC" name="Verify_WAN_Settings_LAC_Alert_Dialog" time="3.759"/>
  <system-out/>
  <testcase classname="com.cs.arris.Tests.TC0011_Test_SignUp_Onboard_And_Test_SBC" name="Verify_LAN_Settings_UI_Page" time="17.377"/>
  <system-out/>
  <testcase classname="com.cs.arris.Tests.TC0011_Test_SignUp_Onboard_And_Test_SBC" name="Verify_LAN_Settings_LAN_IP_Reservation_Page" time="3.297"/>
  <system-out/>
  <testcase classname="com.cs.arris.Tests.TC0011_Test_SignUp_Onboard_And_Test_SBC" name="Verify_LAN_Settings_LAN_IP_Reservation_Add_Reservation_Page" time="7.169"/>
  <system-out/>
  <testcase classname="com.cs.arris.Tests.TC0011_Test_SignUp_Onboard_And_Test_SBC" name="Verify_LAN_Settings_LAN_IP_Reservation_Rules" time="2.234"/>
  <system-out/>
  <testcase classname="com.cs.arris.Tests.TC0011_Test_SignUp_Onboard_And_Test_SBC" name="Verify_LAN_Settings_LAN_IP_Reservation_Edit_Devices_Page" time="5.338"/>
  <system-out/>
  <testcase classname="com.cs.arris.Tests.TC0011_Test_SignUp_Onboard_And_Test_SBC" name="Verify_LAN_Settings_LAN_IP_Reservation_Help_Page" time="2.266"/>
  <system-out/>
  <testcase classname="com.cs.arris.Tests.TC0011_Test_SignUp_Onboard_And_Test_SBC" name="Verify_LAN_Settings_LAN_Subnet_DHCP_Range_Configuration_Page" time="11.957"/>
  <system-out/>
  <testcase classname="com.cs.arris.Tests.TC0011_Test_SignUp_Onboard_And_Test_SBC" name="Verify_Edit_LAN_Subnet_DHCP_Range_Configuration_Page" time="48.624"/>
  <system-out/>
  <testcase classname="com.cs.arris.Tests.TC0011_Test_SignUp_Onboard_And_Test_SBC" name="Edit_LAN_Subnet_Configuration_Octets" time="37.871"/>
  <system-out/>
  <testcase classname="com.cs.arris.Tests.TC0011_Test_SignUp_Onboard_And_Test_SBC" name="Verify_LAN_Settings_LAN_Subnet_DHCP_Range_Configuration_Help_Page" time="2.307"/>
  <system-out/>
  <testcase classname="com.cs.arris.Tests.TC0011_Test_SignUp_Onboard_And_Test_SBC" name="Verify_LAN_Settings_LAN_DHCP_Lease_Time_UI_Page" time="4.378"/>
  <system-out/>
  <testcase classname="com.cs.arris.Tests.TC0011_Test_SignUp_Onboard_And_Test_SBC" name="Verify_LAN_Settings_LAN_DHCP_Set_Lease_Time_Page" time="160.863"/>
  <system-out/>
  <testcase classname="com.cs.arris.Tests.TC0011_Test_SignUp_Onboard_And_Test_SBC" name="Verify_LAN_Settings_LAN_DHCP_Set_Lease_Time_Help_Page" time="3.995"/>
  <system-out/>
  <testcase classname="com.cs.arris.Tests.TC0011_Test_SignUp_Onboard_And_Test_SBC" name="Verify_Device_Priority_Settings_UI_Page" time="46.928"/>
  <system-out/>
  <testcase classname="com.cs.arris.Tests.TC0011_Test_SignUp_Onboard_And_Test_SBC" name="Verify_Device_Priority_Settings_Add_Device_UI_Page" time="3.041"/>
  <system-out/>
  <testcase classname="com.cs.arris.Tests.TC0011_Test_SignUp_Onboard_And_Test_SBC" name="Verify_Device_Priority_Settings_Add_Device_Page" time="13.585"/>
  <system-out/>
  <testcase classname="com.cs.arris.Tests.TC0011_Test_SignUp_Onboard_And_Test_SBC" name="Verify_Device_Priority_Settings_Disable_Device_Prioritation" time="7.560">
    <failure message="The following asserts failed:
	expected [true] but found [false]" type="java.lang.AssertionError">
      <![CDATA[java.lang.AssertionError: The following asserts failed:
expected [true] but found [false]
at org.testng.asserts.SoftAssert.assertAll(SoftAssert.java:47)
at org.testng.asserts.SoftAssert.assertAll(SoftAssert.java:31)
at com.cs.arris.Tests.TC0011_Test_SignUp_Onboard_And_Test_SBC.Verify_Device_Priority_Settings_Disable_Device_Prioritation(TC0011_Test_SignUp_Onboard_And_Test_SBC.java:2131)
at java.base/jdk.internal.reflect.NativeMethodAccessorImpl.invoke0(Native Method)
at java.base/jdk.internal.reflect.NativeMethodAccessorImpl.invoke(NativeMethodAccessorImpl.java:62)
at java.base/jdk.internal.reflect.DelegatingMethodAccessorImpl.invoke(DelegatingMethodAccessorImpl.java:43)
at java.base/java.lang.reflect.Method.invoke(Method.java:566)
at org.testng.internal.MethodInvocationHelper.invokeMethod(MethodInvocationHelper.java:133)
at org.testng.internal.TestInvoker.invokeMethod(TestInvoker.java:598)
at org.testng.internal.TestInvoker.invokeTestMethod(TestInvoker.java:173)
at org.testng.internal.MethodRunner.runInSequence(MethodRunner.java:46)
at org.testng.internal.TestInvoker$MethodInvocationAgent.invoke(TestInvoker.java:824)
at org.testng.internal.TestInvoker.invokeTestMethods(TestInvoker.java:146)
at org.testng.internal.TestMethodWorker.invokeTestMethods(TestMethodWorker.java:146)
at org.testng.internal.TestMethodWorker.run(TestMethodWorker.java:128)
at java.base/java.util.ArrayList.forEach(ArrayList.java:1541)
at org.testng.TestRunner.privateRun(TestRunner.java:794)
at org.testng.TestRunner.run(TestRunner.java:596)
at org.testng.SuiteRunner.runTest(SuiteRunner.java:377)
at org.testng.SuiteRunner.runSequentially(SuiteRunner.java:371)
at org.testng.SuiteRunner.privateRun(SuiteRunner.java:332)
at org.testng.SuiteRunner.run(SuiteRunner.java:276)
at org.testng.SuiteRunnerWorker.runSuite(SuiteRunnerWorker.java:53)
at org.testng.SuiteRunnerWorker.run(SuiteRunnerWorker.java:96)
at org.testng.TestNG.runSuitesSequentially(TestNG.java:1212)
at org.testng.TestNG.runSuitesLocally(TestNG.java:1134)
at org.testng.TestNG.runSuites(TestNG.java:1063)
at org.testng.TestNG.run(TestNG.java:1031)
at org.apache.maven.surefire.testng.TestNGExecutor.run(TestNGExecutor.java:283)
at org.apache.maven.surefire.testng.TestNGXmlTestSuite.execute(TestNGXmlTestSuite.java:75)
at org.apache.maven.surefire.testng.TestNGProvider.invoke(TestNGProvider.java:120)
at org.apache.maven.surefire.booter.ForkedBooter.invokeProviderInSameClassLoader(ForkedBooter.java:384)
at org.apache.maven.surefire.booter.ForkedBooter.runSuitesInProcess(ForkedBooter.java:345)
at org.apache.maven.surefire.booter.ForkedBooter.execute(ForkedBooter.java:126)
at org.apache.maven.surefire.booter.ForkedBooter.main(ForkedBooter.java:418)
]]>
    </failure>
  </testcase> <!-- Verify_Device_Priority_Settings_Disable_Device_Prioritation -->
  <system-out>
    <![CDATA[<a href = /Users/rm2652/Documents/SBC_Android-CICD-Main4-Current/sbc-android-cicd/Screenshots/Android_ce071717bb59293c057e/2022-03-24/TC0011_Test_SignUp_Onboard_And_Test_SBC/Verify_Device_Priority_Settings_Disable_Device_Prioritation.jpg>screenshot</a>]]>
  </system-out>
  <testcase classname="com.cs.arris.Tests.TC0011_Test_SignUp_Onboard_And_Test_SBC" name="Verify_Time_Zone_Settings_UI_Page" time="10.202"/>
  <system-out/>
  <testcase classname="com.cs.arris.Tests.TC0011_Test_SignUp_Onboard_And_Test_SBC" name="Verify_General_Settings_UI_Page" time="48.955"/>
  <system-out/>
  <testcase classname="com.cs.arris.Tests.TC0011_Test_SignUp_Onboard_And_Test_SBC" name="Verify_General_Settings_UPnP_Settings" time="18.890"/>
  <system-out/>
  <testcase classname="com.cs.arris.Tests.TC0011_Test_SignUp_Onboard_And_Test_SBC" name="Verify_General_Settings_IPv6_Enable_Settings" time="3.114"/>
  <system-out/>
  <testcase classname="com.cs.arris.Tests.TC0011_Test_SignUp_Onboard_And_Test_SBC" name="Verify_General_Settings_Bridge_Mode_Settings" time="2.835"/>
  <system-out/>
  <testcase classname="com.cs.arris.Tests.TC0011_Test_SignUp_Onboard_And_Test_SBC" name="Verify_General_Settings_Port_Forwarding_Settings" time="3.210"/>
  <system-out/>
  <testcase classname="com.cs.arris.Tests.TC0011_Test_SignUp_Onboard_And_Test_SBC" name="Verify_General_Settings_Port_Forwarding_Add_Rules" time="59.543"/>
  <system-out/>
  <testcase classname="com.cs.arris.Tests.TC0011_Test_SignUp_Onboard_And_Test_SBC" name="Verify_General_Settings_Port_Forwarding_Page" time="18.757"/>
  <system-out/>
  <testcase classname="com.cs.arris.Tests.TC0011_Test_SignUp_Onboard_And_Test_SBC" name="Verify_Extended_WiFi_Settings_Page" time="9.300"/>
  <system-out/>
  <testcase classname="com.cs.arris.Tests.TC0011_Test_SignUp_Onboard_And_Test_SBC" name="Verify_Guest_WiFi_Network_Page" time="132.079"/>
  <system-out/>
</testsuite> <!-- com.cs.arris.Tests.TC0011_Test_SignUp_Onboard_And_Test_SBC -->
